<?xml version="1.0" encoding="UTF-8"?>
<coverage generated="1531208669637" clover="3.2.0">
  <project timestamp="1531208669637" name="All files">
    <metrics statements="847" coveredstatements="151" conditionals="539" coveredconditionals="80" methods="275" coveredmethods="41" elements="1661" coveredelements="272" complexity="0" loc="847" ncloc="847" packages="2" files="29" classes="29">
      <package name="src">
        <metrics statements="50" coveredstatements="44" conditionals="0" coveredconditionals="0" methods="2" coveredmethods="1"/>
        <file name="data.js" path="/Users/samgetlan/Documents/HackReactor/fortnite-companion/client/src/data.js">
          <metrics statements="50" coveredstatements="44" conditionals="0" coveredconditionals="0" methods="2" coveredmethods="1"/>
          <line num="2" count="432" type="stmt"/>
          <line num="3" count="432" type="stmt"/>
          <line num="4" count="432" type="stmt"/>
          <line num="5" count="432" type="stmt"/>
          <line num="6" count="432" type="stmt"/>
          <line num="7" count="432" type="stmt"/>
          <line num="11" count="0" type="stmt"/>
          <line num="12" count="0" type="stmt"/>
          <line num="13" count="0" type="stmt"/>
          <line num="14" count="0" type="stmt"/>
          <line num="15" count="0" type="stmt"/>
          <line num="16" count="0" type="stmt"/>
          <line num="21" count="12" type="stmt"/>
          <line num="22" count="12" type="stmt"/>
          <line num="23" count="12" type="stmt"/>
          <line num="24" count="12" type="stmt"/>
          <line num="25" count="12" type="stmt"/>
          <line num="26" count="12" type="stmt"/>
          <line num="27" count="12" type="stmt"/>
          <line num="28" count="12" type="stmt"/>
          <line num="29" count="12" type="stmt"/>
          <line num="30" count="12" type="stmt"/>
          <line num="31" count="12" type="stmt"/>
          <line num="32" count="12" type="stmt"/>
          <line num="33" count="12" type="stmt"/>
          <line num="34" count="12" type="stmt"/>
          <line num="35" count="12" type="stmt"/>
          <line num="36" count="12" type="stmt"/>
          <line num="37" count="12" type="stmt"/>
          <line num="38" count="12" type="stmt"/>
          <line num="39" count="12" type="stmt"/>
          <line num="40" count="12" type="stmt"/>
          <line num="41" count="12" type="stmt"/>
          <line num="42" count="12" type="stmt"/>
          <line num="43" count="12" type="stmt"/>
          <line num="44" count="12" type="stmt"/>
          <line num="45" count="12" type="stmt"/>
          <line num="46" count="12" type="stmt"/>
          <line num="47" count="12" type="stmt"/>
          <line num="49" count="12" type="stmt"/>
          <line num="50" count="12" type="stmt"/>
          <line num="51" count="12" type="stmt"/>
          <line num="52" count="12" type="stmt"/>
          <line num="53" count="12" type="stmt"/>
          <line num="54" count="12" type="stmt"/>
          <line num="55" count="12" type="stmt"/>
          <line num="56" count="12" type="stmt"/>
          <line num="57" count="12" type="stmt"/>
          <line num="58" count="12" type="stmt"/>
          <line num="59" count="12" type="stmt"/>
        </file>
      </package>
      <package name="src.components">
        <metrics statements="797" coveredstatements="107" conditionals="539" coveredconditionals="80" methods="273" coveredmethods="40"/>
        <file name="AccountOptionsForm.jsx" path="/Users/samgetlan/Documents/HackReactor/fortnite-companion/client/src/components/AccountOptionsForm.jsx">
          <metrics statements="2" coveredstatements="2" conditionals="2" coveredconditionals="1" methods="1" coveredmethods="1"/>
          <line num="4" count="12" type="stmt"/>
          <line num="5" count="1" type="cond" truecount="1" falsecount="1"/>
        </file>
        <file name="AccountRecovery.jsx" path="/Users/samgetlan/Documents/HackReactor/fortnite-companion/client/src/components/AccountRecovery.jsx">
          <metrics statements="21" coveredstatements="4" conditionals="24" coveredconditionals="6" methods="4" coveredmethods="2"/>
          <line num="6" count="1" type="stmt"/>
          <line num="7" count="1" type="stmt"/>
          <line num="11" count="1" type="stmt"/>
          <line num="15" count="0" type="stmt"/>
          <line num="16" count="0" type="stmt"/>
          <line num="18" count="0" type="cond" truecount="0" falsecount="2"/>
          <line num="19" count="0" type="stmt"/>
          <line num="21" count="0" type="stmt"/>
          <line num="23" count="0" type="cond" truecount="0" falsecount="2"/>
          <line num="24" count="0" type="stmt"/>
          <line num="25" count="0" type="cond" truecount="0" falsecount="4"/>
          <line num="26" count="0" type="stmt"/>
          <line num="27" count="0" type="cond" truecount="0" falsecount="4"/>
          <line num="28" count="0" type="stmt"/>
          <line num="29" count="0" type="stmt"/>
          <line num="30" count="0" type="stmt"/>
          <line num="36" count="0" type="cond" truecount="0" falsecount="2"/>
          <line num="37" count="0" type="stmt"/>
          <line num="38" count="0" type="stmt"/>
          <line num="45" count="1" type="stmt"/>
          <line num="57" count="0" type="stmt"/>
        </file>
        <file name="AccountSettings.jsx" path="/Users/samgetlan/Documents/HackReactor/fortnite-companion/client/src/components/AccountSettings.jsx">
          <metrics statements="11" coveredstatements="6" conditionals="2" coveredconditionals="1" methods="6" coveredmethods="2"/>
          <line num="7" count="1" type="stmt"/>
          <line num="8" count="1" type="stmt"/>
          <line num="13" count="1" type="stmt"/>
          <line num="14" count="1" type="stmt"/>
          <line num="15" count="1" type="stmt"/>
          <line num="20" count="0" type="stmt"/>
          <line num="26" count="0" type="stmt"/>
          <line num="32" count="0" type="stmt"/>
          <line num="33" count="0" type="stmt"/>
          <line num="39" count="1" type="stmt"/>
          <line num="67" count="0" type="stmt"/>
        </file>
        <file name="ActionButton.jsx" path="/Users/samgetlan/Documents/HackReactor/fortnite-companion/client/src/components/ActionButton.jsx">
          <metrics statements="3" coveredstatements="2" conditionals="0" coveredconditionals="0" methods="2" coveredmethods="1"/>
          <line num="4" count="12" type="stmt"/>
          <line num="5" count="2" type="stmt"/>
          <line num="6" count="0" type="stmt"/>
        </file>
        <file name="ActiveTile.jsx" path="/Users/samgetlan/Documents/HackReactor/fortnite-companion/client/src/components/ActiveTile.jsx">
          <metrics statements="10" coveredstatements="6" conditionals="4" coveredconditionals="1" methods="4" coveredmethods="2"/>
          <line num="6" count="1" type="stmt"/>
          <line num="7" count="1" type="stmt"/>
          <line num="13" count="0" type="stmt"/>
          <line num="14" count="0" type="stmt"/>
          <line num="15" count="0" type="cond" truecount="0" falsecount="2"/>
          <line num="16" count="0" type="stmt"/>
          <line num="22" count="1" type="stmt"/>
          <line num="23" count="1" type="stmt"/>
          <line num="24" count="5184" type="stmt"/>
          <line num="27" count="1" type="stmt"/>
        </file>
        <file name="App.jsx" path="/Users/samgetlan/Documents/HackReactor/fortnite-companion/client/src/components/App.jsx">
          <metrics statements="411" coveredstatements="0" conditionals="178" coveredconditionals="0" methods="117" coveredmethods="0"/>
          <line num="19" count="0" type="stmt"/>
          <line num="20" count="0" type="stmt"/>
          <line num="73" count="0" type="stmt"/>
          <line num="74" count="0" type="stmt"/>
          <line num="75" count="0" type="stmt"/>
          <line num="76" count="0" type="stmt"/>
          <line num="77" count="0" type="stmt"/>
          <line num="78" count="0" type="stmt"/>
          <line num="79" count="0" type="stmt"/>
          <line num="80" count="0" type="stmt"/>
          <line num="81" count="0" type="stmt"/>
          <line num="82" count="0" type="stmt"/>
          <line num="83" count="0" type="stmt"/>
          <line num="84" count="0" type="stmt"/>
          <line num="85" count="0" type="stmt"/>
          <line num="86" count="0" type="stmt"/>
          <line num="87" count="0" type="stmt"/>
          <line num="88" count="0" type="stmt"/>
          <line num="89" count="0" type="stmt"/>
          <line num="90" count="0" type="stmt"/>
          <line num="91" count="0" type="stmt"/>
          <line num="92" count="0" type="stmt"/>
          <line num="93" count="0" type="stmt"/>
          <line num="94" count="0" type="stmt"/>
          <line num="95" count="0" type="stmt"/>
          <line num="96" count="0" type="stmt"/>
          <line num="97" count="0" type="stmt"/>
          <line num="98" count="0" type="stmt"/>
          <line num="99" count="0" type="stmt"/>
          <line num="100" count="0" type="stmt"/>
          <line num="101" count="0" type="stmt"/>
          <line num="102" count="0" type="stmt"/>
          <line num="103" count="0" type="stmt"/>
          <line num="104" count="0" type="stmt"/>
          <line num="105" count="0" type="stmt"/>
          <line num="106" count="0" type="stmt"/>
          <line num="107" count="0" type="stmt"/>
          <line num="108" count="0" type="stmt"/>
          <line num="109" count="0" type="stmt"/>
          <line num="110" count="0" type="stmt"/>
          <line num="111" count="0" type="stmt"/>
          <line num="112" count="0" type="stmt"/>
          <line num="113" count="0" type="stmt"/>
          <line num="114" count="0" type="stmt"/>
          <line num="115" count="0" type="stmt"/>
          <line num="116" count="0" type="stmt"/>
          <line num="120" count="0" type="stmt"/>
          <line num="126" count="0" type="stmt"/>
          <line num="132" count="0" type="stmt"/>
          <line num="133" count="0" type="stmt"/>
          <line num="134" count="0" type="stmt"/>
          <line num="141" count="0" type="stmt"/>
          <line num="147" count="0" type="stmt"/>
          <line num="153" count="0" type="stmt"/>
          <line num="154" count="0" type="stmt"/>
          <line num="161" count="0" type="stmt"/>
          <line num="162" count="0" type="stmt"/>
          <line num="166" count="0" type="stmt"/>
          <line num="169" count="0" type="stmt"/>
          <line num="172" count="0" type="stmt"/>
          <line num="173" count="0" type="stmt"/>
          <line num="181" count="0" type="stmt"/>
          <line num="182" count="0" type="stmt"/>
          <line num="185" count="0" type="stmt"/>
          <line num="190" count="0" type="cond" truecount="0" falsecount="2"/>
          <line num="191" count="0" type="stmt"/>
          <line num="192" count="0" type="stmt"/>
          <line num="198" count="0" type="stmt"/>
          <line num="200" count="0" type="stmt"/>
          <line num="201" count="0" type="stmt"/>
          <line num="202" count="0" type="stmt"/>
          <line num="209" count="0" type="stmt"/>
          <line num="213" count="0" type="stmt"/>
          <line num="214" count="0" type="stmt"/>
          <line num="221" count="0" type="stmt"/>
          <line num="224" count="0" type="stmt"/>
          <line num="225" count="0" type="stmt"/>
          <line num="234" count="0" type="cond" truecount="0" falsecount="2"/>
          <line num="235" count="0" type="stmt"/>
          <line num="236" count="0" type="stmt"/>
          <line num="237" count="0" type="stmt"/>
          <line num="242" count="0" type="stmt"/>
          <line num="243" count="0" type="cond" truecount="0" falsecount="2"/>
          <line num="244" count="0" type="stmt"/>
          <line num="245" count="0" type="stmt"/>
          <line num="246" count="0" type="stmt"/>
          <line num="251" count="0" type="stmt"/>
          <line num="252" count="0" type="stmt"/>
          <line num="255" count="0" type="cond" truecount="0" falsecount="15"/>
          <line num="256" count="0" type="stmt"/>
          <line num="257" count="0" type="stmt"/>
          <line num="271" count="0" type="stmt"/>
          <line num="272" count="0" type="cond" truecount="0" falsecount="2"/>
          <line num="273" count="0" type="stmt"/>
          <line num="284" count="0" type="stmt"/>
          <line num="294" count="0" type="stmt"/>
          <line num="295" count="0" type="stmt"/>
          <line num="299" count="0" type="stmt"/>
          <line num="300" count="0" type="stmt"/>
          <line num="304" count="0" type="stmt"/>
          <line num="305" count="0" type="stmt"/>
          <line num="311" count="0" type="stmt"/>
          <line num="314" count="0" type="stmt"/>
          <line num="315" count="0" type="stmt"/>
          <line num="322" count="0" type="cond" truecount="0" falsecount="5"/>
          <line num="323" count="0" type="stmt"/>
          <line num="324" count="0" type="cond" truecount="0" falsecount="5"/>
          <line num="325" count="0" type="stmt"/>
          <line num="326" count="0" type="cond" truecount="0" falsecount="4"/>
          <line num="327" count="0" type="stmt"/>
          <line num="328" count="0" type="cond" truecount="0" falsecount="2"/>
          <line num="329" count="0" type="stmt"/>
          <line num="330" count="0" type="cond" truecount="0" falsecount="2"/>
          <line num="331" count="0" type="stmt"/>
          <line num="333" count="0" type="stmt"/>
          <line num="335" count="0" type="stmt"/>
          <line num="338" count="0" type="stmt"/>
          <line num="339" count="0" type="stmt"/>
          <line num="343" count="0" type="stmt"/>
          <line num="344" count="0" type="stmt"/>
          <line num="352" count="0" type="stmt"/>
          <line num="353" count="0" type="stmt"/>
          <line num="357" count="0" type="stmt"/>
          <line num="358" count="0" type="stmt"/>
          <line num="362" count="0" type="stmt"/>
          <line num="368" count="0" type="stmt"/>
          <line num="369" count="0" type="stmt"/>
          <line num="371" count="0" type="stmt"/>
          <line num="379" count="0" type="stmt"/>
          <line num="382" count="0" type="stmt"/>
          <line num="383" count="0" type="stmt"/>
          <line num="391" count="0" type="stmt"/>
          <line num="392" count="0" type="stmt"/>
          <line num="393" count="0" type="cond" truecount="0" falsecount="2"/>
          <line num="394" count="0" type="stmt"/>
          <line num="395" count="0" type="cond" truecount="0" falsecount="2"/>
          <line num="396" count="0" type="stmt"/>
          <line num="397" count="0" type="cond" truecount="0" falsecount="2"/>
          <line num="398" count="0" type="stmt"/>
          <line num="401" count="0" type="stmt"/>
          <line num="402" count="0" type="stmt"/>
          <line num="403" count="0" type="cond" truecount="0" falsecount="2"/>
          <line num="404" count="0" type="stmt"/>
          <line num="405" count="0" type="stmt"/>
          <line num="406" count="0" type="cond" truecount="0" falsecount="2"/>
          <line num="407" count="0" type="stmt"/>
          <line num="408" count="0" type="stmt"/>
          <line num="409" count="0" type="cond" truecount="0" falsecount="2"/>
          <line num="410" count="0" type="stmt"/>
          <line num="411" count="0" type="stmt"/>
          <line num="412" count="0" type="cond" truecount="0" falsecount="2"/>
          <line num="413" count="0" type="stmt"/>
          <line num="416" count="0" type="stmt"/>
          <line num="417" count="0" type="cond" truecount="0" falsecount="2"/>
          <line num="418" count="0" type="stmt"/>
          <line num="485" count="0" type="stmt"/>
          <line num="486" count="0" type="stmt"/>
          <line num="488" count="0" type="stmt"/>
          <line num="489" count="0" type="stmt"/>
          <line num="490" count="0" type="stmt"/>
          <line num="491" count="0" type="stmt"/>
          <line num="492" count="0" type="stmt"/>
          <line num="493" count="0" type="stmt"/>
          <line num="494" count="0" type="stmt"/>
          <line num="495" count="0" type="stmt"/>
          <line num="496" count="0" type="stmt"/>
          <line num="497" count="0" type="stmt"/>
          <line num="498" count="0" type="stmt"/>
          <line num="499" count="0" type="stmt"/>
          <line num="500" count="0" type="stmt"/>
          <line num="502" count="0" type="stmt"/>
          <line num="506" count="0" type="stmt"/>
          <line num="507" count="0" type="stmt"/>
          <line num="508" count="0" type="cond" truecount="0" falsecount="4"/>
          <line num="509" count="0" type="stmt"/>
          <line num="510" count="0" type="stmt"/>
          <line num="511" count="0" type="stmt"/>
          <line num="512" count="0" type="stmt"/>
          <line num="513" count="0" type="stmt"/>
          <line num="515" count="0" type="stmt"/>
          <line num="516" count="0" type="stmt"/>
          <line num="517" count="0" type="cond" truecount="0" falsecount="2"/>
          <line num="518" count="0" type="stmt"/>
          <line num="522" count="0" type="stmt"/>
          <line num="529" count="0" type="stmt"/>
          <line num="532" count="0" type="stmt"/>
          <line num="533" count="0" type="stmt"/>
          <line num="541" count="0" type="stmt"/>
          <line num="542" count="0" type="cond" truecount="0" falsecount="4"/>
          <line num="543" count="0" type="stmt"/>
          <line num="546" count="0" type="stmt"/>
          <line num="549" count="0" type="cond" truecount="0" falsecount="4"/>
          <line num="550" count="0" type="stmt"/>
          <line num="553" count="0" type="stmt"/>
          <line num="556" count="0" type="cond" truecount="0" falsecount="4"/>
          <line num="557" count="0" type="stmt"/>
          <line num="560" count="0" type="stmt"/>
          <line num="567" count="0" type="stmt"/>
          <line num="568" count="0" type="stmt"/>
          <line num="569" count="0" type="stmt"/>
          <line num="570" count="0" type="cond" truecount="0" falsecount="4"/>
          <line num="571" count="0" type="stmt"/>
          <line num="572" count="0" type="stmt"/>
          <line num="573" count="0" type="stmt"/>
          <line num="574" count="0" type="stmt"/>
          <line num="575" count="0" type="stmt"/>
          <line num="577" count="0" type="stmt"/>
          <line num="578" count="0" type="stmt"/>
          <line num="579" count="0" type="cond" truecount="0" falsecount="2"/>
          <line num="580" count="0" type="stmt"/>
          <line num="584" count="0" type="stmt"/>
          <line num="585" count="0" type="stmt"/>
          <line num="591" count="0" type="stmt"/>
          <line num="594" count="0" type="stmt"/>
          <line num="595" count="0" type="stmt"/>
          <line num="603" count="0" type="stmt"/>
          <line num="604" count="0" type="stmt"/>
          <line num="605" count="0" type="cond" truecount="0" falsecount="4"/>
          <line num="606" count="0" type="stmt"/>
          <line num="607" count="0" type="stmt"/>
          <line num="608" count="0" type="stmt"/>
          <line num="609" count="0" type="stmt"/>
          <line num="610" count="0" type="stmt"/>
          <line num="612" count="0" type="stmt"/>
          <line num="613" count="0" type="stmt"/>
          <line num="614" count="0" type="cond" truecount="0" falsecount="2"/>
          <line num="615" count="0" type="stmt"/>
          <line num="619" count="0" type="stmt"/>
          <line num="625" count="0" type="stmt"/>
          <line num="628" count="0" type="stmt"/>
          <line num="629" count="0" type="stmt"/>
          <line num="637" count="0" type="stmt"/>
          <line num="638" count="0" type="stmt"/>
          <line num="639" count="0" type="cond" truecount="0" falsecount="4"/>
          <line num="640" count="0" type="stmt"/>
          <line num="641" count="0" type="stmt"/>
          <line num="642" count="0" type="stmt"/>
          <line num="643" count="0" type="stmt"/>
          <line num="644" count="0" type="stmt"/>
          <line num="646" count="0" type="stmt"/>
          <line num="647" count="0" type="stmt"/>
          <line num="648" count="0" type="cond" truecount="0" falsecount="2"/>
          <line num="649" count="0" type="stmt"/>
          <line num="653" count="0" type="stmt"/>
          <line num="660" count="0" type="stmt"/>
          <line num="663" count="0" type="stmt"/>
          <line num="664" count="0" type="stmt"/>
          <line num="672" count="0" type="stmt"/>
          <line num="673" count="0" type="stmt"/>
          <line num="674" count="0" type="cond" truecount="0" falsecount="4"/>
          <line num="675" count="0" type="stmt"/>
          <line num="676" count="0" type="stmt"/>
          <line num="677" count="0" type="stmt"/>
          <line num="678" count="0" type="stmt"/>
          <line num="679" count="0" type="stmt"/>
          <line num="681" count="0" type="stmt"/>
          <line num="682" count="0" type="stmt"/>
          <line num="683" count="0" type="cond" truecount="0" falsecount="2"/>
          <line num="684" count="0" type="stmt"/>
          <line num="688" count="0" type="stmt"/>
          <line num="695" count="0" type="stmt"/>
          <line num="698" count="0" type="stmt"/>
          <line num="699" count="0" type="stmt"/>
          <line num="707" count="0" type="stmt"/>
          <line num="715" count="0" type="stmt"/>
          <line num="723" count="0" type="stmt"/>
          <line num="729" count="0" type="stmt"/>
          <line num="730" count="0" type="cond" truecount="0" falsecount="2"/>
          <line num="731" count="0" type="stmt"/>
          <line num="734" count="0" type="stmt"/>
          <line num="735" count="0" type="cond" truecount="0" falsecount="2"/>
          <line num="736" count="0" type="stmt"/>
          <line num="743" count="0" type="stmt"/>
          <line num="747" count="0" type="stmt"/>
          <line num="748" count="0" type="stmt"/>
          <line num="750" count="0" type="stmt"/>
          <line num="753" count="0" type="stmt"/>
          <line num="756" count="0" type="stmt"/>
          <line num="757" count="0" type="stmt"/>
          <line num="765" count="0" type="stmt"/>
          <line num="766" count="0" type="stmt"/>
          <line num="771" count="0" type="stmt"/>
          <line num="774" count="0" type="stmt"/>
          <line num="777" count="0" type="stmt"/>
          <line num="778" count="0" type="stmt"/>
          <line num="786" count="0" type="stmt"/>
          <line num="787" count="0" type="stmt"/>
          <line num="789" count="0" type="stmt"/>
          <line num="794" count="0" type="stmt"/>
          <line num="797" count="0" type="stmt"/>
          <line num="798" count="0" type="stmt"/>
          <line num="806" count="0" type="stmt"/>
          <line num="815" count="0" type="stmt"/>
          <line num="816" count="0" type="stmt"/>
          <line num="817" count="0" type="stmt"/>
          <line num="818" count="0" type="stmt"/>
          <line num="819" count="0" type="stmt"/>
          <line num="820" count="0" type="stmt"/>
          <line num="821" count="0" type="stmt"/>
          <line num="823" count="0" type="stmt"/>
          <line num="824" count="0" type="stmt"/>
          <line num="825" count="0" type="stmt"/>
          <line num="837" count="0" type="stmt"/>
          <line num="838" count="0" type="stmt"/>
          <line num="839" count="0" type="stmt"/>
          <line num="840" count="0" type="stmt"/>
          <line num="841" count="0" type="stmt"/>
          <line num="842" count="0" type="stmt"/>
          <line num="853" count="0" type="cond" truecount="0" falsecount="2"/>
          <line num="854" count="0" type="cond" truecount="0" falsecount="7"/>
          <line num="855" count="0" type="stmt"/>
          <line num="856" count="0" type="stmt"/>
          <line num="857" count="0" type="stmt"/>
          <line num="858" count="0" type="stmt"/>
          <line num="859" count="0" type="stmt"/>
          <line num="860" count="0" type="stmt"/>
          <line num="862" count="0" type="stmt"/>
          <line num="863" count="0" type="stmt"/>
          <line num="875" count="0" type="stmt"/>
          <line num="877" count="0" type="stmt"/>
          <line num="878" count="0" type="cond" truecount="0" falsecount="2"/>
          <line num="879" count="0" type="stmt"/>
          <line num="880" count="0" type="stmt"/>
          <line num="889" count="0" type="stmt"/>
          <line num="895" count="0" type="stmt"/>
          <line num="896" count="0" type="cond" truecount="0" falsecount="2"/>
          <line num="897" count="0" type="stmt"/>
          <line num="898" count="0" type="stmt"/>
          <line num="899" count="0" type="stmt"/>
          <line num="900" count="0" type="stmt"/>
          <line num="901" count="0" type="stmt"/>
          <line num="902" count="0" type="stmt"/>
          <line num="903" count="0" type="stmt"/>
          <line num="904" count="0" type="stmt"/>
          <line num="905" count="0" type="stmt"/>
          <line num="906" count="0" type="stmt"/>
          <line num="909" count="0" type="stmt"/>
          <line num="913" count="0" type="stmt"/>
          <line num="916" count="0" type="stmt"/>
          <line num="922" count="0" type="stmt"/>
          <line num="923" count="0" type="cond" truecount="0" falsecount="2"/>
          <line num="924" count="0" type="stmt"/>
          <line num="925" count="0" type="cond" truecount="0" falsecount="2"/>
          <line num="926" count="0" type="stmt"/>
          <line num="927" count="0" type="cond" truecount="0" falsecount="2"/>
          <line num="928" count="0" type="stmt"/>
          <line num="931" count="0" type="stmt"/>
          <line num="932" count="0" type="stmt"/>
          <line num="933" count="0" type="stmt"/>
          <line num="934" count="0" type="stmt"/>
          <line num="935" count="0" type="stmt"/>
          <line num="937" count="0" type="stmt"/>
          <line num="944" count="0" type="stmt"/>
          <line num="948" count="0" type="cond" truecount="0" falsecount="2"/>
          <line num="952" count="0" type="cond" truecount="0" falsecount="2"/>
          <line num="956" count="0" type="cond" truecount="0" falsecount="2"/>
          <line num="960" count="0" type="stmt"/>
          <line num="964" count="0" type="cond" truecount="0" falsecount="4"/>
          <line num="968" count="0" type="stmt"/>
          <line num="972" count="0" type="stmt"/>
          <line num="973" count="0" type="cond" truecount="0" falsecount="2"/>
          <line num="974" count="0" type="stmt"/>
          <line num="978" count="0" type="cond" truecount="0" falsecount="2"/>
          <line num="979" count="0" type="stmt"/>
          <line num="981" count="0" type="cond" truecount="0" falsecount="2"/>
          <line num="982" count="0" type="stmt"/>
          <line num="984" count="0" type="cond" truecount="0" falsecount="4"/>
          <line num="985" count="0" type="stmt"/>
          <line num="987" count="0" type="cond" truecount="0" falsecount="4"/>
          <line num="988" count="0" type="stmt"/>
          <line num="990" count="0" type="cond" truecount="0" falsecount="4"/>
          <line num="991" count="0" type="stmt"/>
          <line num="993" count="0" type="cond" truecount="0" falsecount="2"/>
          <line num="994" count="0" type="stmt"/>
          <line num="996" count="0" type="cond" truecount="0" falsecount="7"/>
          <line num="997" count="0" type="stmt"/>
          <line num="999" count="0" type="stmt"/>
          <line num="1003" count="0" type="stmt"/>
          <line num="1004" count="0" type="stmt"/>
          <line num="1008" count="0" type="stmt"/>
          <line num="1009" count="0" type="stmt"/>
          <line num="1010" count="0" type="cond" truecount="0" falsecount="2"/>
          <line num="1011" count="0" type="stmt"/>
          <line num="1013" count="0" type="stmt"/>
          <line num="1016" count="0" type="stmt"/>
          <line num="1017" count="0" type="stmt"/>
          <line num="1018" count="0" type="stmt"/>
          <line num="1019" count="0" type="stmt"/>
          <line num="1020" count="0" type="stmt"/>
          <line num="1022" count="0" type="stmt"/>
          <line num="1028" count="0" type="cond" truecount="0" falsecount="2"/>
          <line num="1029" count="0" type="cond" truecount="0" falsecount="7"/>
          <line num="1030" count="0" type="stmt"/>
          <line num="1031" count="0" type="stmt"/>
          <line num="1032" count="0" type="stmt"/>
          <line num="1033" count="0" type="stmt"/>
          <line num="1034" count="0" type="stmt"/>
          <line num="1035" count="0" type="stmt"/>
          <line num="1037" count="0" type="stmt"/>
          <line num="1048" count="0" type="stmt"/>
          <line num="1050" count="0" type="stmt"/>
          <line num="1051" count="0" type="stmt"/>
          <line num="1061" count="0" type="stmt"/>
          <line num="1084" count="0" type="stmt"/>
          <line num="1093" count="0" type="stmt"/>
          <line num="1108" count="0" type="stmt"/>
          <line num="1115" count="0" type="stmt"/>
          <line num="1122" count="0" type="stmt"/>
          <line num="1125" count="0" type="stmt"/>
          <line num="1128" count="0" type="stmt"/>
          <line num="1132" count="0" type="stmt"/>
        </file>
        <file name="BackSplash.jsx" path="/Users/samgetlan/Documents/HackReactor/fortnite-companion/client/src/components/BackSplash.jsx">
          <metrics statements="3" coveredstatements="3" conditionals="2" coveredconditionals="1" methods="2" coveredmethods="2"/>
          <line num="4" count="12" type="stmt"/>
          <line num="5" count="1" type="stmt"/>
          <line num="8" count="36" type="stmt"/>
        </file>
        <file name="Body.jsx" path="/Users/samgetlan/Documents/HackReactor/fortnite-companion/client/src/components/Body.jsx">
          <metrics statements="9" coveredstatements="4" conditionals="5" coveredconditionals="1" methods="5" coveredmethods="2"/>
          <line num="11" count="1" type="stmt"/>
          <line num="12" count="1" type="stmt"/>
          <line num="16" count="1" type="stmt"/>
          <line num="21" count="0" type="stmt"/>
          <line num="27" count="0" type="stmt"/>
          <line num="28" count="0" type="cond" truecount="0" falsecount="2"/>
          <line num="29" count="0" type="stmt"/>
          <line num="31" count="0" type="stmt"/>
          <line num="37" count="1" type="stmt"/>
        </file>
        <file name="DashboardMap.jsx" path="/Users/samgetlan/Documents/HackReactor/fortnite-companion/client/src/components/DashboardMap.jsx">
          <metrics statements="37" coveredstatements="0" conditionals="22" coveredconditionals="0" methods="7" coveredmethods="0"/>
          <line num="6" count="0" type="stmt"/>
          <line num="7" count="0" type="stmt"/>
          <line num="10" count="0" type="stmt"/>
          <line num="14" count="0" type="stmt"/>
          <line num="15" count="0" type="stmt"/>
          <line num="17" count="0" type="stmt"/>
          <line num="19" count="0" type="stmt"/>
          <line num="20" count="0" type="stmt"/>
          <line num="21" count="0" type="stmt"/>
          <line num="22" count="0" type="stmt"/>
          <line num="23" count="0" type="stmt"/>
          <line num="24" count="0" type="stmt"/>
          <line num="25" count="0" type="stmt"/>
          <line num="27" count="0" type="cond" truecount="0" falsecount="2"/>
          <line num="28" count="0" type="stmt"/>
          <line num="29" count="0" type="cond" truecount="0" falsecount="4"/>
          <line num="30" count="0" type="stmt"/>
          <line num="31" count="0" type="stmt"/>
          <line num="32" count="0" type="stmt"/>
          <line num="33" count="0" type="stmt"/>
          <line num="34" count="0" type="stmt"/>
          <line num="35" count="0" type="stmt"/>
          <line num="36" count="0" type="stmt"/>
          <line num="37" count="0" type="stmt"/>
          <line num="45" count="0" type="stmt"/>
          <line num="46" count="0" type="cond" truecount="0" falsecount="2"/>
          <line num="47" count="0" type="stmt"/>
          <line num="51" count="0" type="stmt"/>
          <line num="58" count="0" type="cond" truecount="0" falsecount="3"/>
          <line num="59" count="0" type="cond" truecount="0" falsecount="4"/>
          <line num="60" count="0" type="stmt"/>
          <line num="62" count="0" type="stmt"/>
          <line num="66" count="0" type="cond" truecount="0" falsecount="3"/>
          <line num="67" count="0" type="cond" truecount="0" falsecount="4"/>
          <line num="68" count="0" type="stmt"/>
          <line num="70" count="0" type="stmt"/>
          <line num="74" count="0" type="stmt"/>
        </file>
        <file name="DeathMap.jsx" path="/Users/samgetlan/Documents/HackReactor/fortnite-companion/client/src/components/DeathMap.jsx">
          <metrics statements="11" coveredstatements="0" conditionals="8" coveredconditionals="0" methods="4" coveredmethods="0"/>
          <line num="6" count="0" type="stmt"/>
          <line num="7" count="0" type="stmt"/>
          <line num="13" count="0" type="stmt"/>
          <line num="14" count="0" type="stmt"/>
          <line num="15" count="0" type="cond" truecount="0" falsecount="2"/>
          <line num="16" count="0" type="stmt"/>
          <line num="20" count="0" type="stmt"/>
          <line num="24" count="0" type="stmt"/>
          <line num="25" count="0" type="stmt"/>
          <line num="26" count="0" type="stmt"/>
          <line num="30" count="0" type="stmt"/>
        </file>
        <file name="FilterLocations.jsx" path="/Users/samgetlan/Documents/HackReactor/fortnite-companion/client/src/components/FilterLocations.jsx">
          <metrics statements="3" coveredstatements="3" conditionals="2" coveredconditionals="1" methods="2" coveredmethods="2"/>
          <line num="5" count="12" type="stmt"/>
          <line num="6" count="1" type="cond" truecount="1" falsecount="1"/>
          <line num="16" count="36" type="stmt"/>
        </file>
        <file name="FilterMyGames.jsx" path="/Users/samgetlan/Documents/HackReactor/fortnite-companion/client/src/components/FilterMyGames.jsx">
          <metrics statements="67" coveredstatements="22" conditionals="18" coveredconditionals="5" methods="27" coveredmethods="6"/>
          <line num="10" count="1" type="stmt"/>
          <line num="11" count="1" type="stmt"/>
          <line num="14" count="36" type="stmt"/>
          <line num="28" count="1" type="stmt"/>
          <line num="29" count="1" type="stmt"/>
          <line num="30" count="1" type="stmt"/>
          <line num="31" count="1" type="stmt"/>
          <line num="32" count="1" type="stmt"/>
          <line num="33" count="1" type="stmt"/>
          <line num="34" count="1" type="stmt"/>
          <line num="35" count="1" type="stmt"/>
          <line num="36" count="1" type="stmt"/>
          <line num="37" count="1" type="stmt"/>
          <line num="38" count="1" type="stmt"/>
          <line num="39" count="1" type="stmt"/>
          <line num="43" count="0" type="stmt"/>
          <line num="49" count="0" type="stmt"/>
          <line num="50" count="0" type="cond" truecount="0" falsecount="2"/>
          <line num="51" count="0" type="stmt"/>
          <line num="52" count="0" type="cond" truecount="0" falsecount="2"/>
          <line num="53" count="0" type="stmt"/>
          <line num="57" count="0" type="stmt"/>
          <line num="58" count="0" type="stmt"/>
          <line num="62" count="0" type="stmt"/>
          <line num="63" count="0" type="stmt"/>
          <line num="70" count="0" type="stmt"/>
          <line num="71" count="0" type="cond" truecount="0" falsecount="2"/>
          <line num="72" count="0" type="stmt"/>
          <line num="73" count="0" type="cond" truecount="0" falsecount="2"/>
          <line num="74" count="0" type="stmt"/>
          <line num="78" count="0" type="stmt"/>
          <line num="83" count="0" type="stmt"/>
          <line num="90" count="0" type="stmt"/>
          <line num="91" count="0" type="stmt"/>
          <line num="102" count="0" type="stmt"/>
          <line num="103" count="0" type="stmt"/>
          <line num="110" count="0" type="stmt"/>
          <line num="111" count="0" type="stmt"/>
          <line num="118" count="0" type="stmt"/>
          <line num="119" count="0" type="stmt"/>
          <line num="126" count="0" type="stmt"/>
          <line num="127" count="0" type="stmt"/>
          <line num="134" count="0" type="stmt"/>
          <line num="135" count="0" type="stmt"/>
          <line num="141" count="0" type="stmt"/>
          <line num="142" count="0" type="stmt"/>
          <line num="149" count="1" type="cond" truecount="1" falsecount="1"/>
          <line num="150" count="0" type="stmt"/>
          <line num="151" count="1" type="cond" truecount="1" falsecount="1"/>
          <line num="152" count="1" type="stmt"/>
          <line num="154" count="0" type="stmt"/>
          <line num="159" count="1" type="cond" truecount="1" falsecount="1"/>
          <line num="160" count="1" type="stmt"/>
          <line num="162" count="0" type="stmt"/>
          <line num="167" count="0" type="stmt"/>
          <line num="168" count="0" type="stmt"/>
          <line num="171" count="1" type="stmt"/>
          <line num="185" count="0" type="stmt"/>
          <line num="193" count="36" type="stmt"/>
          <line num="205" count="0" type="stmt"/>
          <line num="234" count="0" type="stmt"/>
          <line num="235" count="0" type="stmt"/>
          <line num="241" count="0" type="stmt"/>
          <line num="242" count="0" type="stmt"/>
          <line num="248" count="0" type="stmt"/>
          <line num="249" count="0" type="stmt"/>
          <line num="272" count="0" type="stmt"/>
        </file>
        <file name="FilterSelection.jsx" path="/Users/samgetlan/Documents/HackReactor/fortnite-companion/client/src/components/FilterSelection.jsx">
          <metrics statements="5" coveredstatements="2" conditionals="8" coveredconditionals="4" methods="3" coveredmethods="2"/>
          <line num="5" count="36" type="stmt"/>
          <line num="9" count="0" type="cond" truecount="0" falsecount="2"/>
          <line num="10" count="0" type="stmt"/>
          <line num="12" count="0" type="stmt"/>
          <line num="17" count="36" type="stmt"/>
        </file>
        <file name="FullMap.jsx" path="/Users/samgetlan/Documents/HackReactor/fortnite-companion/client/src/components/FullMap.jsx">
          <metrics statements="8" coveredstatements="8" conditionals="6" coveredconditionals="3" methods="5" coveredmethods="4"/>
          <line num="6" count="1" type="stmt"/>
          <line num="7" count="1" type="stmt"/>
          <line num="13" count="1" type="stmt"/>
          <line num="14" count="1" type="cond" truecount="1" falsecount="1"/>
          <line num="15" count="1" type="cond" truecount="1" falsecount="1"/>
          <line num="16" count="1" type="stmt"/>
          <line num="23" count="2" type="stmt"/>
          <line num="31" count="72" type="stmt"/>
        </file>
        <file name="GameCard.jsx" path="/Users/samgetlan/Documents/HackReactor/fortnite-companion/client/src/components/GameCard.jsx">
          <metrics statements="8" coveredstatements="0" conditionals="4" coveredconditionals="0" methods="5" coveredmethods="0"/>
          <line num="7" count="0" type="stmt"/>
          <line num="8" count="0" type="stmt"/>
          <line num="12" count="0" type="stmt"/>
          <line num="13" count="0" type="stmt"/>
          <line num="17" count="0" type="stmt"/>
          <line num="23" count="0" type="stmt"/>
          <line num="30" count="0" type="stmt"/>
          <line num="39" count="0" type="stmt"/>
        </file>
        <file name="GameCardFull.jsx" path="/Users/samgetlan/Documents/HackReactor/fortnite-companion/client/src/components/GameCardFull.jsx">
          <metrics statements="53" coveredstatements="0" conditionals="16" coveredconditionals="0" methods="23" coveredmethods="0"/>
          <line num="10" count="0" type="stmt"/>
          <line num="11" count="0" type="stmt"/>
          <line num="43" count="0" type="stmt"/>
          <line num="44" count="0" type="stmt"/>
          <line num="45" count="0" type="stmt"/>
          <line num="46" count="0" type="stmt"/>
          <line num="47" count="0" type="stmt"/>
          <line num="48" count="0" type="stmt"/>
          <line num="49" count="0" type="stmt"/>
          <line num="50" count="0" type="stmt"/>
          <line num="51" count="0" type="stmt"/>
          <line num="52" count="0" type="stmt"/>
          <line num="53" count="0" type="stmt"/>
          <line num="57" count="0" type="stmt"/>
          <line num="58" count="0" type="stmt"/>
          <line num="59" count="0" type="stmt"/>
          <line num="60" count="0" type="stmt"/>
          <line num="61" count="0" type="stmt"/>
          <line num="62" count="0" type="stmt"/>
          <line num="72" count="0" type="stmt"/>
          <line num="73" count="0" type="stmt"/>
          <line num="74" count="0" type="stmt"/>
          <line num="75" count="0" type="stmt"/>
          <line num="76" count="0" type="stmt"/>
          <line num="77" count="0" type="stmt"/>
          <line num="87" count="0" type="stmt"/>
          <line num="93" count="0" type="stmt"/>
          <line num="99" count="0" type="stmt"/>
          <line num="105" count="0" type="stmt"/>
          <line num="111" count="0" type="stmt"/>
          <line num="117" count="0" type="stmt"/>
          <line num="123" count="0" type="stmt"/>
          <line num="130" count="0" type="stmt"/>
          <line num="137" count="0" type="stmt"/>
          <line num="138" count="0" type="cond" truecount="0" falsecount="8"/>
          <line num="139" count="0" type="stmt"/>
          <line num="151" count="0" type="stmt"/>
          <line num="162" count="0" type="stmt"/>
          <line num="165" count="0" type="stmt"/>
          <line num="168" count="0" type="stmt"/>
          <line num="173" count="0" type="stmt"/>
          <line num="174" count="0" type="stmt"/>
          <line num="175" count="0" type="cond" truecount="0" falsecount="2"/>
          <line num="176" count="0" type="stmt"/>
          <line num="185" count="0" type="stmt"/>
          <line num="186" count="0" type="stmt"/>
          <line num="187" count="0" type="cond" truecount="0" falsecount="2"/>
          <line num="190" count="0" type="stmt"/>
          <line num="214" count="0" type="stmt"/>
          <line num="216" count="0" type="stmt"/>
          <line num="223" count="0" type="stmt"/>
          <line num="226" count="0" type="stmt"/>
          <line num="229" count="0" type="stmt"/>
        </file>
        <file name="MyGames.jsx" path="/Users/samgetlan/Documents/HackReactor/fortnite-companion/client/src/components/MyGames.jsx">
          <metrics statements="3" coveredstatements="1" conditionals="4" coveredconditionals="0" methods="2" coveredmethods="0"/>
          <line num="4" count="12" type="stmt"/>
          <line num="5" count="0" type="stmt"/>
          <line num="7" count="0" type="stmt"/>
        </file>
        <file name="NavButton.jsx" path="/Users/samgetlan/Documents/HackReactor/fortnite-companion/client/src/components/NavButton.jsx">
          <metrics statements="14" coveredstatements="11" conditionals="16" coveredconditionals="13" methods="1" coveredmethods="1"/>
          <line num="5" count="12" type="stmt"/>
          <line num="6" count="4" type="cond" truecount="3" falsecount="1"/>
          <line num="7" count="0" type="stmt"/>
          <line num="14" count="4" type="cond" truecount="2" falsecount="0"/>
          <line num="15" count="1" type="stmt"/>
          <line num="22" count="3" type="cond" truecount="1" falsecount="1"/>
          <line num="23" count="0" type="stmt"/>
          <line num="30" count="3" type="cond" truecount="1" falsecount="1"/>
          <line num="31" count="0" type="stmt"/>
          <line num="38" count="3" type="cond" truecount="4" falsecount="0"/>
          <line num="39" count="1" type="stmt"/>
          <line num="46" count="2" type="cond" truecount="2" falsecount="0"/>
          <line num="47" count="1" type="stmt"/>
          <line num="55" count="1" type="stmt"/>
        </file>
        <file name="Navbar.jsx" path="/Users/samgetlan/Documents/HackReactor/fortnite-companion/client/src/components/Navbar.jsx">
          <metrics statements="3" coveredstatements="3" conditionals="0" coveredconditionals="0" methods="3" coveredmethods="3"/>
          <line num="6" count="1" type="stmt"/>
          <line num="10" count="4" type="stmt"/>
          <line num="25" count="1" type="stmt"/>
        </file>
        <file name="PieChartTooltip.jsx" path="/Users/samgetlan/Documents/HackReactor/fortnite-companion/client/src/components/PieChartTooltip.jsx">
          <metrics statements="4" coveredstatements="0" conditionals="2" coveredconditionals="0" methods="2" coveredmethods="0"/>
          <line num="5" count="0" type="stmt"/>
          <line num="9" count="0" type="cond" truecount="0" falsecount="2"/>
          <line num="10" count="0" type="stmt"/>
          <line num="18" count="0" type="stmt"/>
        </file>
        <file name="PurpleCheckBox.jsx" path="/Users/samgetlan/Documents/HackReactor/fortnite-companion/client/src/components/PurpleCheckBox.jsx">
          <metrics statements="6" coveredstatements="4" conditionals="0" coveredconditionals="0" methods="3" coveredmethods="0"/>
          <line num="6" count="12" type="stmt"/>
          <line num="16" count="12" type="stmt"/>
          <line num="17" count="0" type="stmt"/>
          <line num="26" count="12" type="stmt"/>
          <line num="28" count="12" type="stmt"/>
          <line num="35" count="0" type="stmt"/>
        </file>
        <file name="ResetPassword.jsx" path="/Users/samgetlan/Documents/HackReactor/fortnite-companion/client/src/components/ResetPassword.jsx">
          <metrics statements="10" coveredstatements="4" conditionals="16" coveredconditionals="8" methods="4" coveredmethods="2"/>
          <line num="6" count="1" type="stmt"/>
          <line num="7" count="1" type="stmt"/>
          <line num="10" count="1" type="stmt"/>
          <line num="14" count="0" type="stmt"/>
          <line num="15" count="0" type="stmt"/>
          <line num="16" count="0" type="cond" truecount="0" falsecount="2"/>
          <line num="17" count="0" type="stmt"/>
          <line num="21" count="0" type="stmt"/>
          <line num="28" count="1" type="stmt"/>
          <line num="42" count="0" type="stmt"/>
        </file>
        <file name="StatBox.jsx" path="/Users/samgetlan/Documents/HackReactor/fortnite-companion/client/src/components/StatBox.jsx">
          <metrics statements="39" coveredstatements="10" conditionals="78" coveredconditionals="12" methods="19" coveredmethods="2"/>
          <line num="8" count="1" type="stmt"/>
          <line num="9" count="1" type="stmt"/>
          <line num="17" count="1" type="stmt"/>
          <line num="18" count="1" type="stmt"/>
          <line num="19" count="1" type="stmt"/>
          <line num="20" count="1" type="stmt"/>
          <line num="21" count="1" type="stmt"/>
          <line num="22" count="1" type="stmt"/>
          <line num="23" count="1" type="stmt"/>
          <line num="27" count="0" type="stmt"/>
          <line num="28" count="0" type="stmt"/>
          <line num="29" count="0" type="stmt"/>
          <line num="31" count="0" type="stmt"/>
          <line num="42" count="0" type="stmt"/>
          <line num="48" count="0" type="stmt"/>
          <line num="54" count="0" type="stmt"/>
          <line num="60" count="0" type="stmt"/>
          <line num="66" count="0" type="cond" truecount="0" falsecount="2"/>
          <line num="67" count="0" type="stmt"/>
          <line num="73" count="0" type="stmt"/>
          <line num="74" count="0" type="cond" truecount="0" falsecount="2"/>
          <line num="75" count="0" type="stmt"/>
          <line num="78" count="0" type="cond" truecount="0" falsecount="5"/>
          <line num="79" count="0" type="stmt"/>
          <line num="82" count="0" type="cond" truecount="0" falsecount="5"/>
          <line num="83" count="0" type="stmt"/>
          <line num="86" count="0" type="cond" truecount="0" falsecount="5"/>
          <line num="87" count="0" type="stmt"/>
          <line num="90" count="0" type="cond" truecount="0" falsecount="5"/>
          <line num="91" count="0" type="stmt"/>
          <line num="95" count="0" type="stmt"/>
          <line num="96" count="0" type="stmt"/>
          <line num="103" count="1" type="stmt"/>
          <line num="106" count="0" type="cond" truecount="4" falsecount="4"/>
          <line num="110" count="0" type="stmt"/>
          <line num="113" count="0" type="stmt"/>
          <line num="116" count="0" type="stmt"/>
          <line num="159" count="0" type="stmt"/>
          <line num="166" count="0" type="cond" truecount="0" falsecount="2"/>
        </file>
        <file name="StatDashboard.jsx" path="/Users/samgetlan/Documents/HackReactor/fortnite-companion/client/src/components/StatDashboard.jsx">
          <metrics statements="10" coveredstatements="0" conditionals="26" coveredconditionals="0" methods="6" coveredmethods="0"/>
          <line num="8" count="0" type="stmt"/>
          <line num="11" count="0" type="stmt"/>
          <line num="12" count="0" type="stmt"/>
          <line num="16" count="0" type="cond" truecount="0" falsecount="4"/>
          <line num="17" count="0" type="stmt"/>
          <line num="18" count="0" type="stmt"/>
          <line num="23" count="0" type="stmt"/>
          <line num="27" count="0" type="stmt"/>
          <line num="31" count="0" type="stmt"/>
          <line num="49" count="0" type="cond" truecount="0" falsecount="2"/>
        </file>
        <file name="StatGrid.jsx" path="/Users/samgetlan/Documents/HackReactor/fortnite-companion/client/src/components/StatGrid.jsx">
          <metrics statements="2" coveredstatements="2" conditionals="36" coveredconditionals="18" methods="1" coveredmethods="1"/>
          <line num="4" count="12" type="stmt"/>
          <line num="5" count="1" type="stmt"/>
        </file>
        <file name="Stats.jsx" path="/Users/samgetlan/Documents/HackReactor/fortnite-companion/client/src/components/Stats.jsx">
          <metrics statements="4" coveredstatements="2" conditionals="0" coveredconditionals="0" methods="4" coveredmethods="2"/>
          <line num="11" count="1" type="stmt"/>
          <line num="15" count="1" type="stmt"/>
          <line num="29" count="0" type="stmt"/>
          <line num="38" count="0" type="stmt"/>
        </file>
        <file name="Tile.jsx" path="/Users/samgetlan/Documents/HackReactor/fortnite-companion/client/src/components/Tile.jsx">
          <metrics statements="2" coveredstatements="2" conditionals="0" coveredconditionals="0" methods="2" coveredmethods="1"/>
          <line num="4" count="12" type="stmt"/>
          <line num="5" count="36" type="stmt"/>
        </file>
        <file name="UserForm.jsx" path="/Users/samgetlan/Documents/HackReactor/fortnite-companion/client/src/components/UserForm.jsx">
          <metrics statements="38" coveredstatements="6" conditionals="60" coveredconditionals="5" methods="9" coveredmethods="2"/>
          <line num="7" count="1" type="stmt"/>
          <line num="8" count="1" type="stmt"/>
          <line num="13" count="1" type="stmt"/>
          <line num="14" count="1" type="stmt"/>
          <line num="15" count="1" type="stmt"/>
          <line num="19" count="0" type="stmt"/>
          <line num="20" count="0" type="stmt"/>
          <line num="21" count="0" type="cond" truecount="0" falsecount="2"/>
          <line num="22" count="0" type="stmt"/>
          <line num="26" count="0" type="stmt"/>
          <line num="33" count="0" type="stmt"/>
          <line num="34" count="0" type="stmt"/>
          <line num="35" count="0" type="stmt"/>
          <line num="36" count="0" type="stmt"/>
          <line num="40" count="0" type="stmt"/>
          <line num="41" count="0" type="cond" truecount="0" falsecount="2"/>
          <line num="42" count="0" type="stmt"/>
          <line num="46" count="0" type="stmt"/>
          <line num="52" count="0" type="stmt"/>
          <line num="57" count="0" type="stmt"/>
          <line num="58" count="0" type="stmt"/>
          <line num="60" count="0" type="cond" truecount="0" falsecount="2"/>
          <line num="61" count="0" type="stmt"/>
          <line num="63" count="0" type="stmt"/>
          <line num="65" count="0" type="cond" truecount="0" falsecount="2"/>
          <line num="66" count="0" type="stmt"/>
          <line num="67" count="0" type="cond" truecount="0" falsecount="4"/>
          <line num="68" count="0" type="stmt"/>
          <line num="69" count="0" type="cond" truecount="0" falsecount="4"/>
          <line num="70" count="0" type="stmt"/>
          <line num="71" count="0" type="stmt"/>
          <line num="72" count="0" type="stmt"/>
          <line num="78" count="0" type="cond" truecount="0" falsecount="2"/>
          <line num="79" count="0" type="stmt"/>
          <line num="80" count="0" type="stmt"/>
          <line num="87" count="1" type="stmt"/>
          <line num="108" count="0" type="stmt"/>
          <line num="125" count="0" type="stmt"/>
        </file>
      </package>
    </metrics>
  </project>
</coverage>
