{"/Users/samgetlan/Documents/HackReactor/fortnite-companion/client/src/data.js": {"path":"/Users/samgetlan/Documents/HackReactor/fortnite-companion/client/src/data.js","statementMap":{"0":{"start":{"line":2,"column":2},"end":{"line":2,"column":19}},"1":{"start":{"line":3,"column":2},"end":{"line":3,"column":29}},"2":{"start":{"line":4,"column":2},"end":{"line":4,"column":21}},"3":{"start":{"line":5,"column":2},"end":{"line":5,"column":22}},"4":{"start":{"line":6,"column":2},"end":{"line":6,"column":25}},"5":{"start":{"line":7,"column":2},"end":{"line":7,"column":21}},"6":{"start":{"line":11,"column":2},"end":{"line":11,"column":19}},"7":{"start":{"line":12,"column":2},"end":{"line":12,"column":29}},"8":{"start":{"line":13,"column":2},"end":{"line":13,"column":21}},"9":{"start":{"line":14,"column":2},"end":{"line":14,"column":22}},"10":{"start":{"line":15,"column":2},"end":{"line":15,"column":25}},"11":{"start":{"line":16,"column":2},"end":{"line":16,"column":21}},"12":{"start":{"line":21,"column":14},"end":{"line":21,"column":757}},"13":{"start":{"line":22,"column":14},"end":{"line":22,"column":90}},"14":{"start":{"line":23,"column":22},"end":{"line":23,"column":105}},"15":{"start":{"line":24,"column":21},"end":{"line":24,"column":103}},"16":{"start":{"line":25,"column":22},"end":{"line":25,"column":105}},"17":{"start":{"line":26,"column":15},"end":{"line":26,"column":93}},"18":{"start":{"line":27,"column":27},"end":{"line":27,"column":116}},"19":{"start":{"line":28,"column":21},"end":{"line":28,"column":105}},"20":{"start":{"line":29,"column":21},"end":{"line":29,"column":104}},"21":{"start":{"line":30,"column":21},"end":{"line":30,"column":103}},"22":{"start":{"line":31,"column":21},"end":{"line":31,"column":104}},"23":{"start":{"line":32,"column":21},"end":{"line":32,"column":102}},"24":{"start":{"line":33,"column":21},"end":{"line":33,"column":104}},"25":{"start":{"line":34,"column":20},"end":{"line":34,"column":103}},"26":{"start":{"line":35,"column":21},"end":{"line":35,"column":105}},"27":{"start":{"line":36,"column":19},"end":{"line":36,"column":102}},"28":{"start":{"line":37,"column":20},"end":{"line":37,"column":104}},"29":{"start":{"line":38,"column":20},"end":{"line":38,"column":103}},"30":{"start":{"line":39,"column":21},"end":{"line":39,"column":103}},"31":{"start":{"line":40,"column":21},"end":{"line":40,"column":102}},"32":{"start":{"line":41,"column":21},"end":{"line":41,"column":104}},"33":{"start":{"line":42,"column":19},"end":{"line":42,"column":101}},"34":{"start":{"line":43,"column":21},"end":{"line":43,"column":106}},"35":{"start":{"line":44,"column":18},"end":{"line":44,"column":100}},"36":{"start":{"line":45,"column":19},"end":{"line":45,"column":101}},"37":{"start":{"line":46,"column":20},"end":{"line":46,"column":103}},"38":{"start":{"line":47,"column":24},"end":{"line":47,"column":109}},"39":{"start":{"line":49,"column":36},"end":{"line":49,"column":135}},"40":{"start":{"line":50,"column":36},"end":{"line":50,"column":134}},"41":{"start":{"line":51,"column":31},"end":{"line":51,"column":126}},"42":{"start":{"line":52,"column":14},"end":{"line":52,"column":89}},"43":{"start":{"line":53,"column":19},"end":{"line":53,"column":100}},"44":{"start":{"line":54,"column":34},"end":{"line":54,"column":131}},"45":{"start":{"line":55,"column":19},"end":{"line":55,"column":101}},"46":{"start":{"line":56,"column":36},"end":{"line":56,"column":133}},"47":{"start":{"line":57,"column":36},"end":{"line":57,"column":133}},"48":{"start":{"line":58,"column":20},"end":{"line":58,"column":103}},"49":{"start":{"line":59,"column":18},"end":{"line":59,"column":578}}},"fnMap":{"0":{"name":"Location","decl":{"start":{"line":1,"column":9},"end":{"line":1,"column":17}},"loc":{"start":{"line":1,"column":58},"end":{"line":8,"column":1}},"line":1},"1":{"name":"GridSquare","decl":{"start":{"line":10,"column":9},"end":{"line":10,"column":19}},"loc":{"start":{"line":10,"column":61},"end":{"line":17,"column":1}},"line":10}},"branchMap":{},"s":{"0":756,"1":756,"2":756,"3":756,"4":756,"5":756,"6":0,"7":0,"8":0,"9":0,"10":0,"11":0,"12":21,"13":21,"14":21,"15":21,"16":21,"17":21,"18":21,"19":21,"20":21,"21":21,"22":21,"23":21,"24":21,"25":21,"26":21,"27":21,"28":21,"29":21,"30":21,"31":21,"32":21,"33":21,"34":21,"35":21,"36":21,"37":21,"38":21,"39":21,"40":21,"41":21,"42":21,"43":21,"44":21,"45":21,"46":21,"47":21,"48":21,"49":21},"f":{"0":756,"1":0},"b":{},"_coverageSchema":"332fd63041d2c1bcb487cc26dd0d5f7d97098a6c","hash":"b1ee178c31ede57732bc4fed5351117c581f6eec"}
,"/Users/samgetlan/Documents/HackReactor/fortnite-companion/client/src/dummyData.js": {"path":"/Users/samgetlan/Documents/HackReactor/fortnite-companion/client/src/dummyData.js","statementMap":{"0":{"start":{"line":1,"column":20},"end":{"line":15,"column":1}}},"fnMap":{},"branchMap":{},"s":{"0":2},"f":{},"b":{},"_coverageSchema":"332fd63041d2c1bcb487cc26dd0d5f7d97098a6c","hash":"c969412e6a7a21a9475ea3408dad06da5147e19d"}
,"/Users/samgetlan/Documents/HackReactor/fortnite-companion/client/src/components/AccountOptionsForm.jsx": {"path":"/Users/samgetlan/Documents/HackReactor/fortnite-companion/client/src/components/AccountOptionsForm.jsx","statementMap":{"0":{"start":{"line":4,"column":27},"end":{"line":25,"column":1}},"1":{"start":{"line":5,"column":2},"end":{"line":24,"column":8}}},"fnMap":{"0":{"name":"(anonymous_0)","decl":{"start":{"line":4,"column":27},"end":{"line":4,"column":28}},"loc":{"start":{"line":5,"column":2},"end":{"line":24,"column":8}},"line":5}},"branchMap":{"0":{"loc":{"start":{"line":5,"column":11},"end":{"line":5,"column":110}},"type":"cond-expr","locations":[{"start":{"line":5,"column":48},"end":{"line":5,"column":74}},{"start":{"line":5,"column":77},"end":{"line":5,"column":110}}],"line":5}},"s":{"0":21,"1":1},"f":{"0":1},"b":{"0":[0,1]},"_coverageSchema":"332fd63041d2c1bcb487cc26dd0d5f7d97098a6c","hash":"c6a7eabef87cd902eaa1433f5da6c3d023d87198"}
,"/Users/samgetlan/Documents/HackReactor/fortnite-companion/client/src/components/AccountRecovery.jsx": {"path":"/Users/samgetlan/Documents/HackReactor/fortnite-companion/client/src/components/AccountRecovery.jsx","statementMap":{"0":{"start":{"line":6,"column":4},"end":{"line":6,"column":17}},"1":{"start":{"line":7,"column":4},"end":{"line":10,"column":5}},"2":{"start":{"line":11,"column":4},"end":{"line":11,"column":65}},"3":{"start":{"line":15,"column":20},"end":{"line":15,"column":24}},"4":{"start":{"line":16,"column":16},"end":{"line":16,"column":21}},"5":{"start":{"line":18,"column":4},"end":{"line":22,"column":5}},"6":{"start":{"line":19,"column":6},"end":{"line":19,"column":58}},"7":{"start":{"line":21,"column":6},"end":{"line":21,"column":17}},"8":{"start":{"line":23,"column":4},"end":{"line":35,"column":5}},"9":{"start":{"line":24,"column":6},"end":{"line":24,"column":31}},"10":{"start":{"line":25,"column":6},"end":{"line":34,"column":7}},"11":{"start":{"line":26,"column":8},"end":{"line":26,"column":36}},"12":{"start":{"line":27,"column":8},"end":{"line":33,"column":9}},"13":{"start":{"line":28,"column":10},"end":{"line":28,"column":37}},"14":{"start":{"line":29,"column":10},"end":{"line":29,"column":23}},"15":{"start":{"line":30,"column":10},"end":{"line":32,"column":13}},"16":{"start":{"line":36,"column":4},"end":{"line":41,"column":5}},"17":{"start":{"line":37,"column":6},"end":{"line":37,"column":35}},"18":{"start":{"line":38,"column":6},"end":{"line":40,"column":9}},"19":{"start":{"line":45,"column":4},"end":{"line":69,"column":6}},"20":{"start":{"line":57,"column":61},"end":{"line":57,"column":138}}},"fnMap":{"0":{"name":"(anonymous_0)","decl":{"start":{"line":5,"column":2},"end":{"line":5,"column":3}},"loc":{"start":{"line":5,"column":21},"end":{"line":12,"column":3}},"line":5},"1":{"name":"(anonymous_1)","decl":{"start":{"line":14,"column":2},"end":{"line":14,"column":3}},"loc":{"start":{"line":14,"column":23},"end":{"line":42,"column":3}},"line":14},"2":{"name":"(anonymous_2)","decl":{"start":{"line":44,"column":2},"end":{"line":44,"column":3}},"loc":{"start":{"line":44,"column":11},"end":{"line":70,"column":3}},"line":44},"3":{"name":"(anonymous_3)","decl":{"start":{"line":57,"column":55},"end":{"line":57,"column":56}},"loc":{"start":{"line":57,"column":61},"end":{"line":57,"column":138}},"line":57}},"branchMap":{"0":{"loc":{"start":{"line":18,"column":4},"end":{"line":22,"column":5}},"type":"if","locations":[{"start":{"line":18,"column":4},"end":{"line":22,"column":5}},{"start":{"line":18,"column":4},"end":{"line":22,"column":5}}],"line":18},"1":{"loc":{"start":{"line":23,"column":4},"end":{"line":35,"column":5}},"type":"if","locations":[{"start":{"line":23,"column":4},"end":{"line":35,"column":5}},{"start":{"line":23,"column":4},"end":{"line":35,"column":5}}],"line":23},"2":{"loc":{"start":{"line":25,"column":6},"end":{"line":34,"column":7}},"type":"if","locations":[{"start":{"line":25,"column":6},"end":{"line":34,"column":7}},{"start":{"line":25,"column":6},"end":{"line":34,"column":7}}],"line":25},"3":{"loc":{"start":{"line":25,"column":10},"end":{"line":25,"column":55}},"type":"binary-expr","locations":[{"start":{"line":25,"column":10},"end":{"line":25,"column":29}},{"start":{"line":25,"column":33},"end":{"line":25,"column":55}}],"line":25},"4":{"loc":{"start":{"line":27,"column":8},"end":{"line":33,"column":9}},"type":"if","locations":[{"start":{"line":27,"column":8},"end":{"line":33,"column":9}},{"start":{"line":27,"column":8},"end":{"line":33,"column":9}}],"line":27},"5":{"loc":{"start":{"line":27,"column":12},"end":{"line":27,"column":57}},"type":"binary-expr","locations":[{"start":{"line":27,"column":12},"end":{"line":27,"column":34}},{"start":{"line":27,"column":38},"end":{"line":27,"column":57}}],"line":27},"6":{"loc":{"start":{"line":36,"column":4},"end":{"line":41,"column":5}},"type":"if","locations":[{"start":{"line":36,"column":4},"end":{"line":41,"column":5}},{"start":{"line":36,"column":4},"end":{"line":41,"column":5}}],"line":36},"7":{"loc":{"start":{"line":53,"column":52},"end":{"line":53,"column":152}},"type":"binary-expr","locations":[{"start":{"line":53,"column":52},"end":{"line":53,"column":83}},{"start":{"line":53,"column":87},"end":{"line":53,"column":152}}],"line":53},"8":{"loc":{"start":{"line":54,"column":138},"end":{"line":54,"column":268}},"type":"cond-expr","locations":[{"start":{"line":54,"column":171},"end":{"line":54,"column":187}},{"start":{"line":54,"column":191},"end":{"line":54,"column":267}}],"line":54},"9":{"loc":{"start":{"line":54,"column":191},"end":{"line":54,"column":267}},"type":"cond-expr","locations":[{"start":{"line":54,"column":225},"end":{"line":54,"column":243}},{"start":{"line":54,"column":246},"end":{"line":54,"column":267}}],"line":54},"10":{"loc":{"start":{"line":56,"column":15},"end":{"line":57,"column":160}},"type":"binary-expr","locations":[{"start":{"line":56,"column":15},"end":{"line":56,"column":45}},{"start":{"line":57,"column":16},"end":{"line":57,"column":160}}],"line":56},"11":{"loc":{"start":{"line":59,"column":15},"end":{"line":60,"column":87}},"type":"binary-expr","locations":[{"start":{"line":59,"column":15},"end":{"line":59,"column":45}},{"start":{"line":60,"column":16},"end":{"line":60,"column":87}}],"line":59}},"s":{"0":1,"1":1,"2":1,"3":0,"4":0,"5":0,"6":0,"7":0,"8":0,"9":0,"10":0,"11":0,"12":0,"13":0,"14":0,"15":0,"16":0,"17":0,"18":0,"19":1,"20":0},"f":{"0":1,"1":0,"2":1,"3":0},"b":{"0":[0,0],"1":[0,0],"2":[0,0],"3":[0,0],"4":[0,0],"5":[0,0],"6":[0,0],"7":[1,0],"8":[0,1],"9":[0,1],"10":[1,0],"11":[1,1]},"_coverageSchema":"332fd63041d2c1bcb487cc26dd0d5f7d97098a6c","hash":"7dbbd6e927c236cdafad0a01e1644fd2effcd389"}
,"/Users/samgetlan/Documents/HackReactor/fortnite-companion/client/src/components/AccountSettings.jsx": {"path":"/Users/samgetlan/Documents/HackReactor/fortnite-companion/client/src/components/AccountSettings.jsx","statementMap":{"0":{"start":{"line":7,"column":4},"end":{"line":7,"column":17}},"1":{"start":{"line":8,"column":4},"end":{"line":12,"column":5}},"2":{"start":{"line":13,"column":4},"end":{"line":13,"column":73}},"3":{"start":{"line":14,"column":4},"end":{"line":14,"column":83}},"4":{"start":{"line":15,"column":4},"end":{"line":15,"column":85}},"5":{"start":{"line":20,"column":4},"end":{"line":22,"column":7}},"6":{"start":{"line":26,"column":4},"end":{"line":28,"column":7}},"7":{"start":{"line":32,"column":29},"end":{"line":32,"column":47}},"8":{"start":{"line":33,"column":4},"end":{"line":35,"column":6}},"9":{"start":{"line":39,"column":4},"end":{"line":74,"column":6}},"10":{"start":{"line":67,"column":59},"end":{"line":67,"column":95}}},"fnMap":{"0":{"name":"(anonymous_0)","decl":{"start":{"line":6,"column":2},"end":{"line":6,"column":3}},"loc":{"start":{"line":6,"column":21},"end":{"line":16,"column":3}},"line":6},"1":{"name":"(anonymous_1)","decl":{"start":{"line":19,"column":2},"end":{"line":19,"column":3}},"loc":{"start":{"line":19,"column":27},"end":{"line":23,"column":3}},"line":19},"2":{"name":"(anonymous_2)","decl":{"start":{"line":25,"column":2},"end":{"line":25,"column":3}},"loc":{"start":{"line":25,"column":32},"end":{"line":29,"column":3}},"line":25},"3":{"name":"(anonymous_3)","decl":{"start":{"line":31,"column":2},"end":{"line":31,"column":3}},"loc":{"start":{"line":31,"column":33},"end":{"line":36,"column":3}},"line":31},"4":{"name":"(anonymous_4)","decl":{"start":{"line":38,"column":2},"end":{"line":38,"column":3}},"loc":{"start":{"line":38,"column":11},"end":{"line":75,"column":3}},"line":38},"5":{"name":"(anonymous_5)","decl":{"start":{"line":67,"column":53},"end":{"line":67,"column":54}},"loc":{"start":{"line":67,"column":59},"end":{"line":67,"column":95}},"line":67}},"branchMap":{"0":{"loc":{"start":{"line":40,"column":15},"end":{"line":40,"column":119}},"type":"cond-expr","locations":[{"start":{"line":40,"column":57},"end":{"line":40,"column":83}},{"start":{"line":40,"column":86},"end":{"line":40,"column":119}}],"line":40}},"s":{"0":1,"1":1,"2":1,"3":1,"4":1,"5":0,"6":0,"7":0,"8":0,"9":1,"10":0},"f":{"0":1,"1":0,"2":0,"3":0,"4":1,"5":0},"b":{"0":[0,1]},"_coverageSchema":"332fd63041d2c1bcb487cc26dd0d5f7d97098a6c","hash":"fec2d35eda64ee4f3d8970a6eaeb55d890d81f5e"}
,"/Users/samgetlan/Documents/HackReactor/fortnite-companion/client/src/components/ActionButton.jsx": {"path":"/Users/samgetlan/Documents/HackReactor/fortnite-companion/client/src/components/ActionButton.jsx","statementMap":{"0":{"start":{"line":4,"column":21},"end":{"line":8,"column":1}},"1":{"start":{"line":5,"column":2},"end":{"line":7,"column":8}},"2":{"start":{"line":6,"column":29},"end":{"line":6,"column":55}},"3":{"start":{"line":6,"column":56},"end":{"line":6,"column":76}}},"fnMap":{"0":{"name":"(anonymous_0)","decl":{"start":{"line":4,"column":21},"end":{"line":4,"column":22}},"loc":{"start":{"line":5,"column":2},"end":{"line":7,"column":8}},"line":5},"1":{"name":"(anonymous_1)","decl":{"start":{"line":6,"column":21},"end":{"line":6,"column":22}},"loc":{"start":{"line":6,"column":27},"end":{"line":6,"column":78}},"line":6}},"branchMap":{},"s":{"0":21,"1":3,"2":0,"3":0},"f":{"0":3,"1":0},"b":{},"_coverageSchema":"332fd63041d2c1bcb487cc26dd0d5f7d97098a6c","hash":"99a8ae0b19c773770cf7efa9ab1450e2d1a49b65"}
,"/Users/samgetlan/Documents/HackReactor/fortnite-companion/client/src/components/ActiveTile.jsx": {"path":"/Users/samgetlan/Documents/HackReactor/fortnite-companion/client/src/components/ActiveTile.jsx","statementMap":{"0":{"start":{"line":6,"column":4},"end":{"line":6,"column":17}},"1":{"start":{"line":7,"column":4},"end":{"line":9,"column":5}},"2":{"start":{"line":13,"column":20},"end":{"line":13,"column":85}},"3":{"start":{"line":14,"column":18},"end":{"line":14,"column":82}},"4":{"start":{"line":15,"column":4},"end":{"line":19,"column":5}},"5":{"start":{"line":16,"column":6},"end":{"line":18,"column":8}},"6":{"start":{"line":22,"column":20},"end":{"line":22,"column":22}},"7":{"start":{"line":23,"column":4},"end":{"line":25,"column":5}},"8":{"start":{"line":24,"column":6},"end":{"line":24,"column":159}},"9":{"start":{"line":24,"column":112},"end":{"line":24,"column":153}},"10":{"start":{"line":27,"column":4},"end":{"line":40,"column":6}}},"fnMap":{"0":{"name":"(anonymous_0)","decl":{"start":{"line":5,"column":2},"end":{"line":5,"column":3}},"loc":{"start":{"line":5,"column":21},"end":{"line":10,"column":3}},"line":5},"1":{"name":"(anonymous_1)","decl":{"start":{"line":12,"column":2},"end":{"line":12,"column":3}},"loc":{"start":{"line":12,"column":23},"end":{"line":20,"column":3}},"line":12},"2":{"name":"(anonymous_2)","decl":{"start":{"line":21,"column":2},"end":{"line":21,"column":3}},"loc":{"start":{"line":21,"column":11},"end":{"line":41,"column":3}},"line":21},"3":{"name":"(anonymous_3)","decl":{"start":{"line":24,"column":105},"end":{"line":24,"column":106}},"loc":{"start":{"line":24,"column":112},"end":{"line":24,"column":153}},"line":24}},"branchMap":{"0":{"loc":{"start":{"line":15,"column":4},"end":{"line":19,"column":5}},"type":"if","locations":[{"start":{"line":15,"column":4},"end":{"line":19,"column":5}},{"start":{"line":15,"column":4},"end":{"line":19,"column":5}}],"line":15},"1":{"loc":{"start":{"line":32,"column":11},"end":{"line":33,"column":122}},"type":"binary-expr","locations":[{"start":{"line":32,"column":11},"end":{"line":32,"column":31}},{"start":{"line":33,"column":12},"end":{"line":33,"column":122}}],"line":32}},"s":{"0":1,"1":1,"2":0,"3":0,"4":0,"5":0,"6":1,"7":1,"8":5184,"9":0,"10":1},"f":{"0":1,"1":0,"2":1,"3":0},"b":{"0":[0,0],"1":[1,0]},"_coverageSchema":"332fd63041d2c1bcb487cc26dd0d5f7d97098a6c","hash":"f69475b9449fd49809b78fc8b90793a537f7ab97"}
,"/Users/samgetlan/Documents/HackReactor/fortnite-companion/client/src/components/App.jsx": {"path":"/Users/samgetlan/Documents/HackReactor/fortnite-companion/client/src/components/App.jsx","statementMap":{"0":{"start":{"line":19,"column":4},"end":{"line":19,"column":17}},"1":{"start":{"line":20,"column":4},"end":{"line":72,"column":6}},"2":{"start":{"line":73,"column":4},"end":{"line":73,"column":67}},"3":{"start":{"line":74,"column":4},"end":{"line":74,"column":63}},"4":{"start":{"line":75,"column":4},"end":{"line":75,"column":67}},"5":{"start":{"line":76,"column":4},"end":{"line":76,"column":69}},"6":{"start":{"line":77,"column":4},"end":{"line":77,"column":67}},"7":{"start":{"line":78,"column":4},"end":{"line":78,"column":67}},"8":{"start":{"line":79,"column":4},"end":{"line":79,"column":47}},"9":{"start":{"line":80,"column":4},"end":{"line":80,"column":45}},"10":{"start":{"line":81,"column":4},"end":{"line":81,"column":61}},"11":{"start":{"line":82,"column":4},"end":{"line":82,"column":63}},"12":{"start":{"line":83,"column":4},"end":{"line":83,"column":59}},"13":{"start":{"line":84,"column":4},"end":{"line":84,"column":79}},"14":{"start":{"line":85,"column":4},"end":{"line":85,"column":53}},"15":{"start":{"line":86,"column":4},"end":{"line":86,"column":59}},"16":{"start":{"line":87,"column":4},"end":{"line":87,"column":57}},"17":{"start":{"line":88,"column":4},"end":{"line":88,"column":67}},"18":{"start":{"line":89,"column":4},"end":{"line":89,"column":59}},"19":{"start":{"line":90,"column":4},"end":{"line":90,"column":59}},"20":{"start":{"line":91,"column":4},"end":{"line":91,"column":63}},"21":{"start":{"line":92,"column":4},"end":{"line":92,"column":51}},"22":{"start":{"line":93,"column":4},"end":{"line":93,"column":53}},"23":{"start":{"line":94,"column":4},"end":{"line":94,"column":65}},"24":{"start":{"line":95,"column":4},"end":{"line":95,"column":69}},"25":{"start":{"line":96,"column":4},"end":{"line":96,"column":71}},"26":{"start":{"line":97,"column":4},"end":{"line":97,"column":67}},"27":{"start":{"line":98,"column":4},"end":{"line":98,"column":55}},"28":{"start":{"line":99,"column":4},"end":{"line":99,"column":51}},"29":{"start":{"line":100,"column":4},"end":{"line":100,"column":83}},"30":{"start":{"line":101,"column":4},"end":{"line":101,"column":93}},"31":{"start":{"line":102,"column":4},"end":{"line":102,"column":77}},"32":{"start":{"line":103,"column":4},"end":{"line":103,"column":71}},"33":{"start":{"line":104,"column":4},"end":{"line":104,"column":75}},"34":{"start":{"line":105,"column":4},"end":{"line":105,"column":101}},"35":{"start":{"line":106,"column":4},"end":{"line":106,"column":59}},"36":{"start":{"line":107,"column":4},"end":{"line":107,"column":83}},"37":{"start":{"line":108,"column":4},"end":{"line":108,"column":61}},"38":{"start":{"line":109,"column":4},"end":{"line":109,"column":67}},"39":{"start":{"line":110,"column":4},"end":{"line":110,"column":67}},"40":{"start":{"line":111,"column":4},"end":{"line":111,"column":65}},"41":{"start":{"line":112,"column":4},"end":{"line":112,"column":77}},"42":{"start":{"line":113,"column":4},"end":{"line":113,"column":89}},"43":{"start":{"line":114,"column":4},"end":{"line":114,"column":73}},"44":{"start":{"line":115,"column":4},"end":{"line":115,"column":59}},"45":{"start":{"line":116,"column":4},"end":{"line":116,"column":59}},"46":{"start":{"line":120,"column":4},"end":{"line":122,"column":7}},"47":{"start":{"line":126,"column":4},"end":{"line":128,"column":7}},"48":{"start":{"line":132,"column":34},"end":{"line":132,"column":44}},"49":{"start":{"line":133,"column":18},"end":{"line":133,"column":70}},"50":{"start":{"line":134,"column":4},"end":{"line":137,"column":7}},"51":{"start":{"line":141,"column":4},"end":{"line":143,"column":7}},"52":{"start":{"line":147,"column":4},"end":{"line":149,"column":7}},"53":{"start":{"line":153,"column":20},"end":{"line":153,"column":24}},"54":{"start":{"line":154,"column":4},"end":{"line":177,"column":9}},"55":{"start":{"line":161,"column":21},"end":{"line":161,"column":58}},"56":{"start":{"line":162,"column":8},"end":{"line":165,"column":11}},"57":{"start":{"line":166,"column":8},"end":{"line":166,"column":40}},"58":{"start":{"line":169,"column":8},"end":{"line":171,"column":11}},"59":{"start":{"line":172,"column":8},"end":{"line":176,"column":16}},"60":{"start":{"line":173,"column":10},"end":{"line":175,"column":13}},"61":{"start":{"line":181,"column":20},"end":{"line":181,"column":24}},"62":{"start":{"line":182,"column":4},"end":{"line":184,"column":6}},"63":{"start":{"line":185,"column":4},"end":{"line":231,"column":9}},"64":{"start":{"line":190,"column":8},"end":{"line":219,"column":9}},"65":{"start":{"line":191,"column":24},"end":{"line":191,"column":42}},"66":{"start":{"line":192,"column":10},"end":{"line":197,"column":13}},"67":{"start":{"line":198,"column":10},"end":{"line":208,"column":15}},"68":{"start":{"line":200,"column":14},"end":{"line":200,"column":37}},"69":{"start":{"line":201,"column":35},"end":{"line":201,"column":69}},"70":{"start":{"line":202,"column":14},"end":{"line":202,"column":50}},"71":{"start":{"line":203,"column":14},"end":{"line":207,"column":17}},"72":{"start":{"line":210,"column":10},"end":{"line":213,"column":13}},"73":{"start":{"line":214,"column":10},"end":{"line":218,"column":19}},"74":{"start":{"line":215,"column":12},"end":{"line":217,"column":15}},"75":{"start":{"line":222,"column":8},"end":{"line":224,"column":11}},"76":{"start":{"line":225,"column":8},"end":{"line":230,"column":16}},"77":{"start":{"line":226,"column":10},"end":{"line":229,"column":13}},"78":{"start":{"line":235,"column":4},"end":{"line":239,"column":5}},"79":{"start":{"line":236,"column":6},"end":{"line":236,"column":50}},"80":{"start":{"line":237,"column":32},"end":{"line":237,"column":60}},"81":{"start":{"line":238,"column":6},"end":{"line":238,"column":43}},"82":{"start":{"line":243,"column":18},"end":{"line":243,"column":64}},"83":{"start":{"line":244,"column":4},"end":{"line":248,"column":5}},"84":{"start":{"line":245,"column":6},"end":{"line":245,"column":52}},"85":{"start":{"line":246,"column":32},"end":{"line":246,"column":60}},"86":{"start":{"line":247,"column":6},"end":{"line":247,"column":43}},"87":{"start":{"line":252,"column":20},"end":{"line":252,"column":24}},"88":{"start":{"line":253,"column":4},"end":{"line":255,"column":6}},"89":{"start":{"line":256,"column":4},"end":{"line":349,"column":5}},"90":{"start":{"line":257,"column":31},"end":{"line":257,"column":56}},"91":{"start":{"line":258,"column":6},"end":{"line":320,"column":11}},"92":{"start":{"line":272,"column":31},"end":{"line":272,"column":65}},"93":{"start":{"line":273,"column":10},"end":{"line":294,"column":11}},"94":{"start":{"line":274,"column":12},"end":{"line":283,"column":15}},"95":{"start":{"line":285,"column":12},"end":{"line":293,"column":15}},"96":{"start":{"line":295,"column":10},"end":{"line":299,"column":19}},"97":{"start":{"line":296,"column":12},"end":{"line":298,"column":14}},"98":{"start":{"line":300,"column":10},"end":{"line":304,"column":19}},"99":{"start":{"line":301,"column":12},"end":{"line":303,"column":14}},"100":{"start":{"line":305,"column":10},"end":{"line":309,"column":19}},"101":{"start":{"line":306,"column":12},"end":{"line":308,"column":14}},"102":{"start":{"line":312,"column":10},"end":{"line":314,"column":13}},"103":{"start":{"line":315,"column":10},"end":{"line":319,"column":13}},"104":{"start":{"line":316,"column":12},"end":{"line":318,"column":15}},"105":{"start":{"line":323,"column":6},"end":{"line":335,"column":7}},"106":{"start":{"line":324,"column":8},"end":{"line":324,"column":65}},"107":{"start":{"line":325,"column":13},"end":{"line":335,"column":7}},"108":{"start":{"line":326,"column":8},"end":{"line":326,"column":64}},"109":{"start":{"line":327,"column":13},"end":{"line":335,"column":7}},"110":{"start":{"line":328,"column":8},"end":{"line":328,"column":61}},"111":{"start":{"line":329,"column":13},"end":{"line":335,"column":7}},"112":{"start":{"line":330,"column":8},"end":{"line":330,"column":53}},"113":{"start":{"line":331,"column":13},"end":{"line":335,"column":7}},"114":{"start":{"line":332,"column":8},"end":{"line":332,"column":57}},"115":{"start":{"line":334,"column":8},"end":{"line":334,"column":101}},"116":{"start":{"line":336,"column":6},"end":{"line":338,"column":9}},"117":{"start":{"line":339,"column":6},"end":{"line":343,"column":15}},"118":{"start":{"line":340,"column":8},"end":{"line":342,"column":11}},"119":{"start":{"line":344,"column":6},"end":{"line":348,"column":15}},"120":{"start":{"line":345,"column":8},"end":{"line":347,"column":11}},"121":{"start":{"line":353,"column":18},"end":{"line":353,"column":111}},"122":{"start":{"line":353,"column":69},"end":{"line":353,"column":109}},"123":{"start":{"line":354,"column":4},"end":{"line":357,"column":7}},"124":{"start":{"line":358,"column":4},"end":{"line":358,"column":32}},"125":{"start":{"line":359,"column":4},"end":{"line":359,"column":43}},"126":{"start":{"line":363,"column":4},"end":{"line":365,"column":7}},"127":{"start":{"line":369,"column":20},"end":{"line":369,"column":24}},"128":{"start":{"line":370,"column":4},"end":{"line":388,"column":8}},"129":{"start":{"line":372,"column":8},"end":{"line":377,"column":10}},"130":{"start":{"line":380,"column":8},"end":{"line":382,"column":11}},"131":{"start":{"line":383,"column":8},"end":{"line":387,"column":16}},"132":{"start":{"line":384,"column":10},"end":{"line":386,"column":13}},"133":{"start":{"line":392,"column":20},"end":{"line":392,"column":22}},"134":{"start":{"line":393,"column":21},"end":{"line":401,"column":5}},"135":{"start":{"line":394,"column":6},"end":{"line":400,"column":7}},"136":{"start":{"line":395,"column":8},"end":{"line":395,"column":26}},"137":{"start":{"line":396,"column":13},"end":{"line":400,"column":7}},"138":{"start":{"line":397,"column":8},"end":{"line":397,"column":30}},"139":{"start":{"line":398,"column":13},"end":{"line":400,"column":7}},"140":{"start":{"line":399,"column":8},"end":{"line":399,"column":30}},"141":{"start":{"line":402,"column":24},"end":{"line":416,"column":5}},"142":{"start":{"line":403,"column":6},"end":{"line":403,"column":64}},"143":{"start":{"line":404,"column":6},"end":{"line":404,"column":104}},"144":{"start":{"line":405,"column":6},"end":{"line":405,"column":62}},"145":{"start":{"line":406,"column":6},"end":{"line":406,"column":116}},"146":{"start":{"line":407,"column":6},"end":{"line":407,"column":156}},"147":{"start":{"line":408,"column":6},"end":{"line":408,"column":113}},"148":{"start":{"line":409,"column":6},"end":{"line":409,"column":64}},"149":{"start":{"line":410,"column":6},"end":{"line":410,"column":104}},"150":{"start":{"line":411,"column":6},"end":{"line":411,"column":62}},"151":{"start":{"line":412,"column":6},"end":{"line":412,"column":52}},"152":{"start":{"line":413,"column":6},"end":{"line":415,"column":7}},"153":{"start":{"line":414,"column":8},"end":{"line":414,"column":64}},"154":{"start":{"line":417,"column":4},"end":{"line":488,"column":7}},"155":{"start":{"line":418,"column":6},"end":{"line":485,"column":7}},"156":{"start":{"line":419,"column":8},"end":{"line":484,"column":9}},"157":{"start":{"line":486,"column":6},"end":{"line":486,"column":40}},"158":{"start":{"line":487,"column":6},"end":{"line":487,"column":48}},"159":{"start":{"line":489,"column":4},"end":{"line":502,"column":5}},"160":{"start":{"line":490,"column":6},"end":{"line":490,"column":136}},"161":{"start":{"line":491,"column":6},"end":{"line":491,"column":133}},"162":{"start":{"line":492,"column":6},"end":{"line":492,"column":139}},"163":{"start":{"line":493,"column":6},"end":{"line":493,"column":133}},"164":{"start":{"line":494,"column":6},"end":{"line":494,"column":136}},"165":{"start":{"line":495,"column":6},"end":{"line":495,"column":133}},"166":{"start":{"line":496,"column":6},"end":{"line":496,"column":139}},"167":{"start":{"line":497,"column":6},"end":{"line":497,"column":133}},"168":{"start":{"line":498,"column":6},"end":{"line":498,"column":134}},"169":{"start":{"line":499,"column":6},"end":{"line":499,"column":131}},"170":{"start":{"line":500,"column":6},"end":{"line":500,"column":137}},"171":{"start":{"line":501,"column":6},"end":{"line":501,"column":131}},"172":{"start":{"line":503,"column":4},"end":{"line":503,"column":19}},"173":{"start":{"line":507,"column":20},"end":{"line":507,"column":24}},"174":{"start":{"line":508,"column":17},"end":{"line":508,"column":22}},"175":{"start":{"line":509,"column":4},"end":{"line":538,"column":5}},"176":{"start":{"line":510,"column":22},"end":{"line":510,"column":24}},"177":{"start":{"line":511,"column":27},"end":{"line":511,"column":50}},"178":{"start":{"line":512,"column":24},"end":{"line":512,"column":60}},"179":{"start":{"line":513,"column":6},"end":{"line":515,"column":9}},"180":{"start":{"line":514,"column":8},"end":{"line":514,"column":87}},"181":{"start":{"line":516,"column":6},"end":{"line":522,"column":7}},"182":{"start":{"line":517,"column":8},"end":{"line":521,"column":9}},"183":{"start":{"line":518,"column":10},"end":{"line":520,"column":11}},"184":{"start":{"line":519,"column":12},"end":{"line":519,"column":40}},"185":{"start":{"line":523,"column":6},"end":{"line":527,"column":9}},"186":{"start":{"line":530,"column":6},"end":{"line":532,"column":9}},"187":{"start":{"line":533,"column":6},"end":{"line":537,"column":14}},"188":{"start":{"line":534,"column":8},"end":{"line":536,"column":11}},"189":{"start":{"line":542,"column":20},"end":{"line":542,"column":24}},"190":{"start":{"line":543,"column":4},"end":{"line":564,"column":5}},"191":{"start":{"line":544,"column":6},"end":{"line":546,"column":9}},"192":{"start":{"line":547,"column":6},"end":{"line":549,"column":16}},"193":{"start":{"line":547,"column":23},"end":{"line":549,"column":8}},"194":{"start":{"line":550,"column":11},"end":{"line":564,"column":5}},"195":{"start":{"line":551,"column":6},"end":{"line":553,"column":9}},"196":{"start":{"line":554,"column":6},"end":{"line":556,"column":16}},"197":{"start":{"line":554,"column":23},"end":{"line":556,"column":8}},"198":{"start":{"line":557,"column":11},"end":{"line":564,"column":5}},"199":{"start":{"line":558,"column":6},"end":{"line":560,"column":9}},"200":{"start":{"line":561,"column":6},"end":{"line":563,"column":16}},"201":{"start":{"line":561,"column":23},"end":{"line":563,"column":8}},"202":{"start":{"line":568,"column":4},"end":{"line":568,"column":57}},"203":{"start":{"line":569,"column":20},"end":{"line":569,"column":24}},"204":{"start":{"line":570,"column":17},"end":{"line":570,"column":22}},"205":{"start":{"line":571,"column":4},"end":{"line":600,"column":5}},"206":{"start":{"line":572,"column":22},"end":{"line":572,"column":24}},"207":{"start":{"line":573,"column":27},"end":{"line":573,"column":50}},"208":{"start":{"line":574,"column":29},"end":{"line":574,"column":65}},"209":{"start":{"line":575,"column":6},"end":{"line":577,"column":9}},"210":{"start":{"line":576,"column":8},"end":{"line":576,"column":83}},"211":{"start":{"line":578,"column":6},"end":{"line":584,"column":7}},"212":{"start":{"line":579,"column":8},"end":{"line":583,"column":9}},"213":{"start":{"line":580,"column":10},"end":{"line":582,"column":11}},"214":{"start":{"line":581,"column":12},"end":{"line":581,"column":40}},"215":{"start":{"line":585,"column":6},"end":{"line":585,"column":39}},"216":{"start":{"line":586,"column":6},"end":{"line":590,"column":9}},"217":{"start":{"line":592,"column":6},"end":{"line":594,"column":9}},"218":{"start":{"line":595,"column":6},"end":{"line":599,"column":14}},"219":{"start":{"line":596,"column":8},"end":{"line":598,"column":11}},"220":{"start":{"line":604,"column":20},"end":{"line":604,"column":24}},"221":{"start":{"line":605,"column":17},"end":{"line":605,"column":22}},"222":{"start":{"line":606,"column":4},"end":{"line":634,"column":5}},"223":{"start":{"line":607,"column":22},"end":{"line":607,"column":24}},"224":{"start":{"line":608,"column":27},"end":{"line":608,"column":50}},"225":{"start":{"line":609,"column":25},"end":{"line":609,"column":61}},"226":{"start":{"line":610,"column":6},"end":{"line":612,"column":9}},"227":{"start":{"line":611,"column":8},"end":{"line":611,"column":87}},"228":{"start":{"line":613,"column":6},"end":{"line":619,"column":7}},"229":{"start":{"line":614,"column":8},"end":{"line":618,"column":9}},"230":{"start":{"line":615,"column":10},"end":{"line":617,"column":11}},"231":{"start":{"line":616,"column":12},"end":{"line":616,"column":40}},"232":{"start":{"line":620,"column":6},"end":{"line":624,"column":9}},"233":{"start":{"line":626,"column":6},"end":{"line":628,"column":9}},"234":{"start":{"line":629,"column":6},"end":{"line":633,"column":14}},"235":{"start":{"line":630,"column":8},"end":{"line":632,"column":11}},"236":{"start":{"line":638,"column":20},"end":{"line":638,"column":24}},"237":{"start":{"line":639,"column":17},"end":{"line":639,"column":22}},"238":{"start":{"line":640,"column":4},"end":{"line":669,"column":5}},"239":{"start":{"line":641,"column":22},"end":{"line":641,"column":24}},"240":{"start":{"line":642,"column":27},"end":{"line":642,"column":50}},"241":{"start":{"line":643,"column":24},"end":{"line":643,"column":60}},"242":{"start":{"line":644,"column":6},"end":{"line":646,"column":9}},"243":{"start":{"line":645,"column":8},"end":{"line":645,"column":87}},"244":{"start":{"line":647,"column":6},"end":{"line":653,"column":7}},"245":{"start":{"line":648,"column":8},"end":{"line":652,"column":9}},"246":{"start":{"line":649,"column":10},"end":{"line":651,"column":11}},"247":{"start":{"line":650,"column":12},"end":{"line":650,"column":40}},"248":{"start":{"line":654,"column":6},"end":{"line":658,"column":9}},"249":{"start":{"line":661,"column":6},"end":{"line":663,"column":9}},"250":{"start":{"line":664,"column":6},"end":{"line":668,"column":14}},"251":{"start":{"line":665,"column":8},"end":{"line":667,"column":11}},"252":{"start":{"line":673,"column":17},"end":{"line":673,"column":22}},"253":{"start":{"line":674,"column":20},"end":{"line":674,"column":24}},"254":{"start":{"line":675,"column":4},"end":{"line":704,"column":5}},"255":{"start":{"line":676,"column":22},"end":{"line":676,"column":24}},"256":{"start":{"line":677,"column":27},"end":{"line":677,"column":50}},"257":{"start":{"line":678,"column":27},"end":{"line":678,"column":63}},"258":{"start":{"line":679,"column":6},"end":{"line":681,"column":9}},"259":{"start":{"line":680,"column":8},"end":{"line":680,"column":83}},"260":{"start":{"line":682,"column":6},"end":{"line":688,"column":7}},"261":{"start":{"line":683,"column":8},"end":{"line":687,"column":9}},"262":{"start":{"line":684,"column":10},"end":{"line":686,"column":11}},"263":{"start":{"line":685,"column":12},"end":{"line":685,"column":40}},"264":{"start":{"line":689,"column":6},"end":{"line":693,"column":9}},"265":{"start":{"line":696,"column":6},"end":{"line":698,"column":9}},"266":{"start":{"line":699,"column":6},"end":{"line":703,"column":15}},"267":{"start":{"line":700,"column":8},"end":{"line":702,"column":11}},"268":{"start":{"line":708,"column":4},"end":{"line":712,"column":7}},"269":{"start":{"line":716,"column":4},"end":{"line":720,"column":7}},"270":{"start":{"line":724,"column":4},"end":{"line":726,"column":7}},"271":{"start":{"line":730,"column":4},"end":{"line":734,"column":5}},"272":{"start":{"line":731,"column":6},"end":{"line":733,"column":7}},"273":{"start":{"line":732,"column":8},"end":{"line":732,"column":36}},"274":{"start":{"line":735,"column":4},"end":{"line":743,"column":5}},"275":{"start":{"line":736,"column":6},"end":{"line":742,"column":7}},"276":{"start":{"line":737,"column":8},"end":{"line":741,"column":11}},"277":{"start":{"line":744,"column":4},"end":{"line":744,"column":37}},"278":{"start":{"line":748,"column":20},"end":{"line":748,"column":24}},"279":{"start":{"line":749,"column":4},"end":{"line":762,"column":8}},"280":{"start":{"line":751,"column":8},"end":{"line":751,"column":44}},"281":{"start":{"line":754,"column":8},"end":{"line":756,"column":11}},"282":{"start":{"line":757,"column":8},"end":{"line":761,"column":16}},"283":{"start":{"line":758,"column":10},"end":{"line":760,"column":13}},"284":{"start":{"line":766,"column":20},"end":{"line":766,"column":24}},"285":{"start":{"line":767,"column":4},"end":{"line":783,"column":8}},"286":{"start":{"line":772,"column":8},"end":{"line":772,"column":45}},"287":{"start":{"line":775,"column":8},"end":{"line":777,"column":11}},"288":{"start":{"line":778,"column":8},"end":{"line":782,"column":16}},"289":{"start":{"line":779,"column":10},"end":{"line":781,"column":13}},"290":{"start":{"line":787,"column":20},"end":{"line":787,"column":24}},"291":{"start":{"line":788,"column":4},"end":{"line":803,"column":9}},"292":{"start":{"line":790,"column":8},"end":{"line":792,"column":10}},"293":{"start":{"line":795,"column":8},"end":{"line":797,"column":11}},"294":{"start":{"line":798,"column":8},"end":{"line":802,"column":16}},"295":{"start":{"line":799,"column":10},"end":{"line":801,"column":13}},"296":{"start":{"line":807,"column":4},"end":{"line":812,"column":7}},"297":{"start":{"line":816,"column":21},"end":{"line":816,"column":73}},"298":{"start":{"line":817,"column":21},"end":{"line":817,"column":57}},"299":{"start":{"line":818,"column":17},"end":{"line":818,"column":42}},"300":{"start":{"line":819,"column":18},"end":{"line":819,"column":31}},"301":{"start":{"line":820,"column":26},"end":{"line":823,"column":5}},"302":{"start":{"line":821,"column":26},"end":{"line":821,"column":34}},"303":{"start":{"line":822,"column":6},"end":{"line":822,"column":56}},"304":{"start":{"line":824,"column":17},"end":{"line":824,"column":48}},"305":{"start":{"line":825,"column":18},"end":{"line":825,"column":49}},"306":{"start":{"line":826,"column":4},"end":{"line":834,"column":7}},"307":{"start":{"line":838,"column":21},"end":{"line":838,"column":57}},"308":{"start":{"line":839,"column":17},"end":{"line":839,"column":42}},"309":{"start":{"line":840,"column":18},"end":{"line":840,"column":31}},"310":{"start":{"line":841,"column":17},"end":{"line":841,"column":48}},"311":{"start":{"line":842,"column":18},"end":{"line":842,"column":49}},"312":{"start":{"line":843,"column":4},"end":{"line":849,"column":7}},"313":{"start":{"line":854,"column":4},"end":{"line":872,"column":5}},"314":{"start":{"line":855,"column":6},"end":{"line":871,"column":7}},"315":{"start":{"line":856,"column":25},"end":{"line":856,"column":77}},"316":{"start":{"line":857,"column":22},"end":{"line":857,"column":87}},"317":{"start":{"line":858,"column":22},"end":{"line":858,"column":87}},"318":{"start":{"line":859,"column":30},"end":{"line":862,"column":9}},"319":{"start":{"line":860,"column":30},"end":{"line":860,"column":38}},"320":{"start":{"line":861,"column":10},"end":{"line":861,"column":92}},"321":{"start":{"line":863,"column":31},"end":{"line":863,"column":66}},"322":{"start":{"line":864,"column":8},"end":{"line":870,"column":11}},"323":{"start":{"line":876,"column":4},"end":{"line":886,"column":9}},"324":{"start":{"line":878,"column":10},"end":{"line":883,"column":11}},"325":{"start":{"line":879,"column":12},"end":{"line":882,"column":13}},"326":{"start":{"line":880,"column":14},"end":{"line":880,"column":48}},"327":{"start":{"line":881,"column":14},"end":{"line":881,"column":45}},"328":{"start":{"line":890,"column":4},"end":{"line":892,"column":6}},"329":{"start":{"line":896,"column":4},"end":{"line":909,"column":5}},"330":{"start":{"line":897,"column":6},"end":{"line":908,"column":7}},"331":{"start":{"line":898,"column":19},"end":{"line":898,"column":42}},"332":{"start":{"line":899,"column":8},"end":{"line":899,"column":58}},"333":{"start":{"line":900,"column":8},"end":{"line":900,"column":58}},"334":{"start":{"line":901,"column":8},"end":{"line":901,"column":34}},"335":{"start":{"line":902,"column":8},"end":{"line":902,"column":42}},"336":{"start":{"line":903,"column":8},"end":{"line":903,"column":36}},"337":{"start":{"line":904,"column":8},"end":{"line":904,"column":36}},"338":{"start":{"line":905,"column":8},"end":{"line":905,"column":34}},"339":{"start":{"line":906,"column":8},"end":{"line":906,"column":42}},"340":{"start":{"line":907,"column":8},"end":{"line":907,"column":46}},"341":{"start":{"line":910,"column":4},"end":{"line":910,"column":35}},"342":{"start":{"line":914,"column":4},"end":{"line":916,"column":7}},"343":{"start":{"line":917,"column":24},"end":{"line":922,"column":5}},"344":{"start":{"line":923,"column":21},"end":{"line":931,"column":5}},"345":{"start":{"line":924,"column":6},"end":{"line":930,"column":7}},"346":{"start":{"line":925,"column":8},"end":{"line":925,"column":26}},"347":{"start":{"line":926,"column":13},"end":{"line":930,"column":7}},"348":{"start":{"line":927,"column":8},"end":{"line":927,"column":30}},"349":{"start":{"line":928,"column":13},"end":{"line":930,"column":7}},"350":{"start":{"line":929,"column":8},"end":{"line":929,"column":30}},"351":{"start":{"line":932,"column":4},"end":{"line":937,"column":5}},"352":{"start":{"line":933,"column":6},"end":{"line":933,"column":33}},"353":{"start":{"line":934,"column":6},"end":{"line":934,"column":49}},"354":{"start":{"line":935,"column":6},"end":{"line":935,"column":53}},"355":{"start":{"line":936,"column":6},"end":{"line":936,"column":47}},"356":{"start":{"line":938,"column":4},"end":{"line":941,"column":6}},"357":{"start":{"line":945,"column":4},"end":{"line":945,"column":71}},"358":{"start":{"line":945,"column":32},"end":{"line":945,"column":69}},"359":{"start":{"line":949,"column":4},"end":{"line":949,"column":87}},"360":{"start":{"line":949,"column":33},"end":{"line":949,"column":84}},"361":{"start":{"line":953,"column":4},"end":{"line":953,"column":84}},"362":{"start":{"line":953,"column":33},"end":{"line":953,"column":81}},"363":{"start":{"line":957,"column":4},"end":{"line":957,"column":80}},"364":{"start":{"line":957,"column":33},"end":{"line":957,"column":77}},"365":{"start":{"line":961,"column":4},"end":{"line":961,"column":66}},"366":{"start":{"line":961,"column":33},"end":{"line":961,"column":63}},"367":{"start":{"line":965,"column":4},"end":{"line":965,"column":184}},"368":{"start":{"line":965,"column":33},"end":{"line":965,"column":181}},"369":{"start":{"line":969,"column":4},"end":{"line":969,"column":71}},"370":{"start":{"line":969,"column":32},"end":{"line":969,"column":69}},"371":{"start":{"line":973,"column":16},"end":{"line":973,"column":44}},"372":{"start":{"line":974,"column":4},"end":{"line":1003,"column":5}},"373":{"start":{"line":975,"column":6},"end":{"line":977,"column":8}},"374":{"start":{"line":979,"column":6},"end":{"line":981,"column":7}},"375":{"start":{"line":980,"column":8},"end":{"line":980,"column":67}},"376":{"start":{"line":982,"column":6},"end":{"line":984,"column":7}},"377":{"start":{"line":983,"column":8},"end":{"line":983,"column":62}},"378":{"start":{"line":985,"column":6},"end":{"line":987,"column":7}},"379":{"start":{"line":986,"column":8},"end":{"line":986,"column":71}},"380":{"start":{"line":988,"column":6},"end":{"line":990,"column":7}},"381":{"start":{"line":989,"column":8},"end":{"line":989,"column":68}},"382":{"start":{"line":991,"column":6},"end":{"line":993,"column":7}},"383":{"start":{"line":992,"column":8},"end":{"line":992,"column":65}},"384":{"start":{"line":994,"column":6},"end":{"line":996,"column":7}},"385":{"start":{"line":995,"column":8},"end":{"line":995,"column":65}},"386":{"start":{"line":997,"column":6},"end":{"line":999,"column":7}},"387":{"start":{"line":998,"column":8},"end":{"line":998,"column":91}},"388":{"start":{"line":1000,"column":6},"end":{"line":1002,"column":8}},"389":{"start":{"line":1004,"column":4},"end":{"line":1004,"column":33}},"390":{"start":{"line":1005,"column":4},"end":{"line":1005,"column":32}},"391":{"start":{"line":1009,"column":31},"end":{"line":1009,"column":33}},"392":{"start":{"line":1010,"column":4},"end":{"line":1016,"column":5}},"393":{"start":{"line":1011,"column":6},"end":{"line":1015,"column":7}},"394":{"start":{"line":1012,"column":8},"end":{"line":1012,"column":48}},"395":{"start":{"line":1014,"column":8},"end":{"line":1014,"column":50}},"396":{"start":{"line":1017,"column":25},"end":{"line":1022,"column":6}},"397":{"start":{"line":1018,"column":27},"end":{"line":1018,"column":29}},"398":{"start":{"line":1019,"column":6},"end":{"line":1019,"column":41}},"399":{"start":{"line":1020,"column":6},"end":{"line":1020,"column":63}},"400":{"start":{"line":1021,"column":6},"end":{"line":1021,"column":28}},"401":{"start":{"line":1023,"column":4},"end":{"line":1025,"column":6}},"402":{"start":{"line":1029,"column":4},"end":{"line":1045,"column":5}},"403":{"start":{"line":1030,"column":4},"end":{"line":1045,"column":5}},"404":{"start":{"line":1031,"column":23},"end":{"line":1031,"column":75}},"405":{"start":{"line":1032,"column":19},"end":{"line":1032,"column":80}},"406":{"start":{"line":1033,"column":19},"end":{"line":1033,"column":80}},"407":{"start":{"line":1034,"column":28},"end":{"line":1037,"column":7}},"408":{"start":{"line":1035,"column":28},"end":{"line":1035,"column":36}},"409":{"start":{"line":1036,"column":8},"end":{"line":1036,"column":58}},"410":{"start":{"line":1038,"column":6},"end":{"line":1044,"column":9}},"411":{"start":{"line":1049,"column":4},"end":{"line":1167,"column":6}},"412":{"start":{"line":1051,"column":44},"end":{"line":1051,"column":73}},"413":{"start":{"line":1052,"column":45},"end":{"line":1061,"column":10}},"414":{"start":{"line":1062,"column":45},"end":{"line":1084,"column":10}},"415":{"start":{"line":1085,"column":51},"end":{"line":1093,"column":10}},"416":{"start":{"line":1094,"column":61},"end":{"line":1108,"column":10}},"417":{"start":{"line":1109,"column":60},"end":{"line":1115,"column":10}},"418":{"start":{"line":1116,"column":49},"end":{"line":1122,"column":10}},"419":{"start":{"line":1123,"column":61},"end":{"line":1125,"column":10}},"420":{"start":{"line":1126,"column":53},"end":{"line":1128,"column":10}},"421":{"start":{"line":1129,"column":61},"end":{"line":1132,"column":10}},"422":{"start":{"line":1133,"column":46},"end":{"line":1153,"column":10}}},"fnMap":{"0":{"name":"(anonymous_0)","decl":{"start":{"line":18,"column":2},"end":{"line":18,"column":3}},"loc":{"start":{"line":18,"column":21},"end":{"line":117,"column":3}},"line":18},"1":{"name":"(anonymous_1)","decl":{"start":{"line":119,"column":2},"end":{"line":119,"column":3}},"loc":{"start":{"line":119,"column":24},"end":{"line":123,"column":3}},"line":119},"2":{"name":"(anonymous_2)","decl":{"start":{"line":125,"column":2},"end":{"line":125,"column":3}},"loc":{"start":{"line":125,"column":22},"end":{"line":129,"column":3}},"line":125},"3":{"name":"(anonymous_3)","decl":{"start":{"line":131,"column":2},"end":{"line":131,"column":3}},"loc":{"start":{"line":131,"column":22},"end":{"line":138,"column":3}},"line":131},"4":{"name":"(anonymous_4)","decl":{"start":{"line":140,"column":2},"end":{"line":140,"column":3}},"loc":{"start":{"line":140,"column":24},"end":{"line":144,"column":3}},"line":140},"5":{"name":"(anonymous_5)","decl":{"start":{"line":146,"column":2},"end":{"line":146,"column":3}},"loc":{"start":{"line":146,"column":25},"end":{"line":150,"column":3}},"line":146},"6":{"name":"(anonymous_6)","decl":{"start":{"line":152,"column":2},"end":{"line":152,"column":3}},"loc":{"start":{"line":152,"column":56},"end":{"line":178,"column":3}},"line":152},"7":{"name":"(anonymous_7)","decl":{"start":{"line":160,"column":12},"end":{"line":160,"column":13}},"loc":{"start":{"line":160,"column":22},"end":{"line":167,"column":7}},"line":160},"8":{"name":"(anonymous_8)","decl":{"start":{"line":168,"column":13},"end":{"line":168,"column":14}},"loc":{"start":{"line":168,"column":22},"end":{"line":177,"column":7}},"line":168},"9":{"name":"(anonymous_9)","decl":{"start":{"line":172,"column":19},"end":{"line":172,"column":20}},"loc":{"start":{"line":172,"column":25},"end":{"line":176,"column":9}},"line":172},"10":{"name":"(anonymous_10)","decl":{"start":{"line":180,"column":2},"end":{"line":180,"column":3}},"loc":{"start":{"line":180,"column":42},"end":{"line":232,"column":3}},"line":180},"11":{"name":"(anonymous_11)","decl":{"start":{"line":189,"column":12},"end":{"line":189,"column":13}},"loc":{"start":{"line":189,"column":22},"end":{"line":220,"column":7}},"line":189},"12":{"name":"(anonymous_12)","decl":{"start":{"line":199,"column":18},"end":{"line":199,"column":19}},"loc":{"start":{"line":199,"column":28},"end":{"line":208,"column":13}},"line":199},"13":{"name":"(anonymous_13)","decl":{"start":{"line":214,"column":21},"end":{"line":214,"column":22}},"loc":{"start":{"line":214,"column":27},"end":{"line":218,"column":11}},"line":214},"14":{"name":"(anonymous_14)","decl":{"start":{"line":221,"column":13},"end":{"line":221,"column":14}},"loc":{"start":{"line":221,"column":22},"end":{"line":231,"column":7}},"line":221},"15":{"name":"(anonymous_15)","decl":{"start":{"line":225,"column":19},"end":{"line":225,"column":20}},"loc":{"start":{"line":225,"column":25},"end":{"line":230,"column":9}},"line":225},"16":{"name":"(anonymous_16)","decl":{"start":{"line":234,"column":2},"end":{"line":234,"column":3}},"loc":{"start":{"line":234,"column":21},"end":{"line":240,"column":3}},"line":234},"17":{"name":"(anonymous_17)","decl":{"start":{"line":242,"column":2},"end":{"line":242,"column":3}},"loc":{"start":{"line":242,"column":22},"end":{"line":249,"column":3}},"line":242},"18":{"name":"(anonymous_18)","decl":{"start":{"line":251,"column":2},"end":{"line":251,"column":3}},"loc":{"start":{"line":251,"column":61},"end":{"line":350,"column":3}},"line":251},"19":{"name":"(anonymous_19)","decl":{"start":{"line":271,"column":14},"end":{"line":271,"column":15}},"loc":{"start":{"line":271,"column":24},"end":{"line":310,"column":9}},"line":271},"20":{"name":"(anonymous_20)","decl":{"start":{"line":295,"column":21},"end":{"line":295,"column":22}},"loc":{"start":{"line":295,"column":27},"end":{"line":299,"column":11}},"line":295},"21":{"name":"(anonymous_21)","decl":{"start":{"line":300,"column":21},"end":{"line":300,"column":22}},"loc":{"start":{"line":300,"column":27},"end":{"line":304,"column":11}},"line":300},"22":{"name":"(anonymous_22)","decl":{"start":{"line":305,"column":21},"end":{"line":305,"column":22}},"loc":{"start":{"line":305,"column":27},"end":{"line":309,"column":11}},"line":305},"23":{"name":"(anonymous_23)","decl":{"start":{"line":311,"column":15},"end":{"line":311,"column":16}},"loc":{"start":{"line":311,"column":24},"end":{"line":320,"column":9}},"line":311},"24":{"name":"(anonymous_24)","decl":{"start":{"line":315,"column":21},"end":{"line":315,"column":22}},"loc":{"start":{"line":315,"column":27},"end":{"line":319,"column":11}},"line":315},"25":{"name":"(anonymous_25)","decl":{"start":{"line":339,"column":17},"end":{"line":339,"column":18}},"loc":{"start":{"line":339,"column":23},"end":{"line":343,"column":7}},"line":339},"26":{"name":"(anonymous_26)","decl":{"start":{"line":344,"column":17},"end":{"line":344,"column":18}},"loc":{"start":{"line":344,"column":23},"end":{"line":348,"column":7}},"line":344},"27":{"name":"(anonymous_27)","decl":{"start":{"line":352,"column":2},"end":{"line":352,"column":3}},"loc":{"start":{"line":352,"column":28},"end":{"line":360,"column":3}},"line":352},"28":{"name":"(anonymous_28)","decl":{"start":{"line":353,"column":57},"end":{"line":353,"column":58}},"loc":{"start":{"line":353,"column":69},"end":{"line":353,"column":109}},"line":353},"29":{"name":"(anonymous_29)","decl":{"start":{"line":362,"column":2},"end":{"line":362,"column":3}},"loc":{"start":{"line":362,"column":30},"end":{"line":366,"column":3}},"line":362},"30":{"name":"(anonymous_30)","decl":{"start":{"line":368,"column":2},"end":{"line":368,"column":3}},"loc":{"start":{"line":368,"column":17},"end":{"line":389,"column":3}},"line":368},"31":{"name":"(anonymous_31)","decl":{"start":{"line":371,"column":12},"end":{"line":371,"column":13}},"loc":{"start":{"line":371,"column":22},"end":{"line":378,"column":7}},"line":371},"32":{"name":"(anonymous_32)","decl":{"start":{"line":379,"column":13},"end":{"line":379,"column":14}},"loc":{"start":{"line":379,"column":22},"end":{"line":388,"column":7}},"line":379},"33":{"name":"(anonymous_33)","decl":{"start":{"line":383,"column":19},"end":{"line":383,"column":20}},"loc":{"start":{"line":383,"column":25},"end":{"line":387,"column":9}},"line":383},"34":{"name":"(anonymous_34)","decl":{"start":{"line":391,"column":2},"end":{"line":391,"column":3}},"loc":{"start":{"line":391,"column":25},"end":{"line":504,"column":3}},"line":391},"35":{"name":"(anonymous_35)","decl":{"start":{"line":393,"column":21},"end":{"line":393,"column":22}},"loc":{"start":{"line":393,"column":31},"end":{"line":401,"column":5}},"line":393},"36":{"name":"(anonymous_36)","decl":{"start":{"line":402,"column":24},"end":{"line":402,"column":25}},"loc":{"start":{"line":402,"column":53},"end":{"line":416,"column":5}},"line":402},"37":{"name":"(anonymous_37)","decl":{"start":{"line":417,"column":18},"end":{"line":417,"column":19}},"loc":{"start":{"line":417,"column":42},"end":{"line":488,"column":5}},"line":417},"38":{"name":"(anonymous_38)","decl":{"start":{"line":506,"column":2},"end":{"line":506,"column":3}},"loc":{"start":{"line":506,"column":19},"end":{"line":539,"column":3}},"line":506},"39":{"name":"(anonymous_39)","decl":{"start":{"line":513,"column":21},"end":{"line":513,"column":22}},"loc":{"start":{"line":513,"column":31},"end":{"line":515,"column":7}},"line":513},"40":{"name":"(anonymous_40)","decl":{"start":{"line":533,"column":17},"end":{"line":533,"column":18}},"loc":{"start":{"line":533,"column":23},"end":{"line":537,"column":7}},"line":533},"41":{"name":"(anonymous_41)","decl":{"start":{"line":541,"column":2},"end":{"line":541,"column":3}},"loc":{"start":{"line":541,"column":59},"end":{"line":565,"column":3}},"line":541},"42":{"name":"(anonymous_42)","decl":{"start":{"line":547,"column":17},"end":{"line":547,"column":18}},"loc":{"start":{"line":547,"column":23},"end":{"line":549,"column":8}},"line":547},"43":{"name":"(anonymous_43)","decl":{"start":{"line":554,"column":17},"end":{"line":554,"column":18}},"loc":{"start":{"line":554,"column":23},"end":{"line":556,"column":8}},"line":554},"44":{"name":"(anonymous_44)","decl":{"start":{"line":561,"column":17},"end":{"line":561,"column":18}},"loc":{"start":{"line":561,"column":23},"end":{"line":563,"column":8}},"line":561},"45":{"name":"(anonymous_45)","decl":{"start":{"line":567,"column":2},"end":{"line":567,"column":3}},"loc":{"start":{"line":567,"column":24},"end":{"line":601,"column":3}},"line":567},"46":{"name":"(anonymous_46)","decl":{"start":{"line":575,"column":26},"end":{"line":575,"column":27}},"loc":{"start":{"line":575,"column":36},"end":{"line":577,"column":7}},"line":575},"47":{"name":"(anonymous_47)","decl":{"start":{"line":595,"column":17},"end":{"line":595,"column":18}},"loc":{"start":{"line":595,"column":23},"end":{"line":599,"column":7}},"line":595},"48":{"name":"(anonymous_48)","decl":{"start":{"line":603,"column":2},"end":{"line":603,"column":3}},"loc":{"start":{"line":603,"column":20},"end":{"line":635,"column":3}},"line":603},"49":{"name":"(anonymous_49)","decl":{"start":{"line":610,"column":22},"end":{"line":610,"column":23}},"loc":{"start":{"line":610,"column":32},"end":{"line":612,"column":7}},"line":610},"50":{"name":"(anonymous_50)","decl":{"start":{"line":629,"column":17},"end":{"line":629,"column":18}},"loc":{"start":{"line":629,"column":23},"end":{"line":633,"column":7}},"line":629},"51":{"name":"(anonymous_51)","decl":{"start":{"line":637,"column":2},"end":{"line":637,"column":3}},"loc":{"start":{"line":637,"column":20},"end":{"line":670,"column":3}},"line":637},"52":{"name":"(anonymous_52)","decl":{"start":{"line":644,"column":21},"end":{"line":644,"column":22}},"loc":{"start":{"line":644,"column":31},"end":{"line":646,"column":7}},"line":644},"53":{"name":"(anonymous_53)","decl":{"start":{"line":664,"column":17},"end":{"line":664,"column":18}},"loc":{"start":{"line":664,"column":23},"end":{"line":668,"column":7}},"line":664},"54":{"name":"(anonymous_54)","decl":{"start":{"line":672,"column":2},"end":{"line":672,"column":3}},"loc":{"start":{"line":672,"column":22},"end":{"line":705,"column":3}},"line":672},"55":{"name":"(anonymous_55)","decl":{"start":{"line":679,"column":24},"end":{"line":679,"column":25}},"loc":{"start":{"line":679,"column":34},"end":{"line":681,"column":7}},"line":679},"56":{"name":"(anonymous_56)","decl":{"start":{"line":699,"column":17},"end":{"line":699,"column":18}},"loc":{"start":{"line":699,"column":23},"end":{"line":703,"column":7}},"line":699},"57":{"name":"(anonymous_57)","decl":{"start":{"line":707,"column":2},"end":{"line":707,"column":3}},"loc":{"start":{"line":707,"column":16},"end":{"line":713,"column":3}},"line":707},"58":{"name":"(anonymous_58)","decl":{"start":{"line":715,"column":2},"end":{"line":715,"column":3}},"loc":{"start":{"line":715,"column":17},"end":{"line":721,"column":3}},"line":715},"59":{"name":"(anonymous_59)","decl":{"start":{"line":723,"column":2},"end":{"line":723,"column":3}},"loc":{"start":{"line":723,"column":23},"end":{"line":727,"column":3}},"line":723},"60":{"name":"(anonymous_60)","decl":{"start":{"line":729,"column":2},"end":{"line":729,"column":3}},"loc":{"start":{"line":729,"column":26},"end":{"line":745,"column":3}},"line":729},"61":{"name":"(anonymous_61)","decl":{"start":{"line":747,"column":2},"end":{"line":747,"column":3}},"loc":{"start":{"line":747,"column":31},"end":{"line":763,"column":3}},"line":747},"62":{"name":"(anonymous_62)","decl":{"start":{"line":750,"column":12},"end":{"line":750,"column":13}},"loc":{"start":{"line":750,"column":22},"end":{"line":752,"column":7}},"line":750},"63":{"name":"(anonymous_63)","decl":{"start":{"line":753,"column":13},"end":{"line":753,"column":14}},"loc":{"start":{"line":753,"column":20},"end":{"line":762,"column":7}},"line":753},"64":{"name":"(anonymous_64)","decl":{"start":{"line":757,"column":19},"end":{"line":757,"column":20}},"loc":{"start":{"line":757,"column":25},"end":{"line":761,"column":9}},"line":757},"65":{"name":"(anonymous_65)","decl":{"start":{"line":765,"column":2},"end":{"line":765,"column":3}},"loc":{"start":{"line":765,"column":32},"end":{"line":784,"column":3}},"line":765},"66":{"name":"(anonymous_66)","decl":{"start":{"line":771,"column":12},"end":{"line":771,"column":13}},"loc":{"start":{"line":771,"column":22},"end":{"line":773,"column":7}},"line":771},"67":{"name":"(anonymous_67)","decl":{"start":{"line":774,"column":13},"end":{"line":774,"column":14}},"loc":{"start":{"line":774,"column":22},"end":{"line":783,"column":7}},"line":774},"68":{"name":"(anonymous_68)","decl":{"start":{"line":778,"column":19},"end":{"line":778,"column":20}},"loc":{"start":{"line":778,"column":25},"end":{"line":782,"column":9}},"line":778},"69":{"name":"(anonymous_69)","decl":{"start":{"line":786,"column":2},"end":{"line":786,"column":3}},"loc":{"start":{"line":786,"column":26},"end":{"line":804,"column":3}},"line":786},"70":{"name":"(anonymous_70)","decl":{"start":{"line":789,"column":12},"end":{"line":789,"column":13}},"loc":{"start":{"line":789,"column":22},"end":{"line":793,"column":7}},"line":789},"71":{"name":"(anonymous_71)","decl":{"start":{"line":794,"column":13},"end":{"line":794,"column":14}},"loc":{"start":{"line":794,"column":22},"end":{"line":803,"column":7}},"line":794},"72":{"name":"(anonymous_72)","decl":{"start":{"line":798,"column":19},"end":{"line":798,"column":20}},"loc":{"start":{"line":798,"column":25},"end":{"line":802,"column":9}},"line":798},"73":{"name":"(anonymous_73)","decl":{"start":{"line":806,"column":2},"end":{"line":806,"column":3}},"loc":{"start":{"line":806,"column":16},"end":{"line":813,"column":3}},"line":806},"74":{"name":"(anonymous_74)","decl":{"start":{"line":815,"column":2},"end":{"line":815,"column":3}},"loc":{"start":{"line":815,"column":33},"end":{"line":835,"column":3}},"line":815},"75":{"name":"(anonymous_75)","decl":{"start":{"line":820,"column":26},"end":{"line":820,"column":27}},"loc":{"start":{"line":820,"column":52},"end":{"line":823,"column":5}},"line":820},"76":{"name":"(anonymous_76)","decl":{"start":{"line":837,"column":2},"end":{"line":837,"column":3}},"loc":{"start":{"line":837,"column":38},"end":{"line":851,"column":3}},"line":837},"77":{"name":"(anonymous_77)","decl":{"start":{"line":853,"column":2},"end":{"line":853,"column":3}},"loc":{"start":{"line":853,"column":29},"end":{"line":873,"column":3}},"line":853},"78":{"name":"(anonymous_78)","decl":{"start":{"line":859,"column":30},"end":{"line":859,"column":31}},"loc":{"start":{"line":859,"column":56},"end":{"line":862,"column":9}},"line":859},"79":{"name":"(anonymous_79)","decl":{"start":{"line":875,"column":2},"end":{"line":875,"column":3}},"loc":{"start":{"line":875,"column":32},"end":{"line":887,"column":3}},"line":875},"80":{"name":"(anonymous_80)","decl":{"start":{"line":877,"column":12},"end":{"line":877,"column":13}},"loc":{"start":{"line":877,"column":22},"end":{"line":884,"column":7}},"line":877},"81":{"name":"(anonymous_81)","decl":{"start":{"line":885,"column":13},"end":{"line":885,"column":14}},"loc":{"start":{"line":885,"column":19},"end":{"line":886,"column":7}},"line":885},"82":{"name":"(anonymous_82)","decl":{"start":{"line":889,"column":2},"end":{"line":889,"column":3}},"loc":{"start":{"line":889,"column":28},"end":{"line":893,"column":3}},"line":889},"83":{"name":"(anonymous_83)","decl":{"start":{"line":895,"column":2},"end":{"line":895,"column":3}},"loc":{"start":{"line":895,"column":32},"end":{"line":911,"column":3}},"line":895},"84":{"name":"(anonymous_84)","decl":{"start":{"line":913,"column":2},"end":{"line":913,"column":3}},"loc":{"start":{"line":913,"column":26},"end":{"line":942,"column":3}},"line":913},"85":{"name":"(anonymous_85)","decl":{"start":{"line":923,"column":21},"end":{"line":923,"column":22}},"loc":{"start":{"line":923,"column":31},"end":{"line":931,"column":5}},"line":923},"86":{"name":"(anonymous_86)","decl":{"start":{"line":944,"column":2},"end":{"line":944,"column":3}},"loc":{"start":{"line":944,"column":48},"end":{"line":946,"column":3}},"line":944},"87":{"name":"(anonymous_87)","decl":{"start":{"line":945,"column":24},"end":{"line":945,"column":25}},"loc":{"start":{"line":945,"column":32},"end":{"line":945,"column":69}},"line":945},"88":{"name":"(anonymous_88)","decl":{"start":{"line":948,"column":2},"end":{"line":948,"column":3}},"loc":{"start":{"line":948,"column":52},"end":{"line":950,"column":3}},"line":948},"89":{"name":"(anonymous_89)","decl":{"start":{"line":949,"column":24},"end":{"line":949,"column":25}},"loc":{"start":{"line":949,"column":33},"end":{"line":949,"column":84}},"line":949},"90":{"name":"(anonymous_90)","decl":{"start":{"line":952,"column":2},"end":{"line":952,"column":3}},"loc":{"start":{"line":952,"column":49},"end":{"line":954,"column":3}},"line":952},"91":{"name":"(anonymous_91)","decl":{"start":{"line":953,"column":24},"end":{"line":953,"column":25}},"loc":{"start":{"line":953,"column":33},"end":{"line":953,"column":81}},"line":953},"92":{"name":"(anonymous_92)","decl":{"start":{"line":956,"column":2},"end":{"line":956,"column":3}},"loc":{"start":{"line":956,"column":46},"end":{"line":958,"column":3}},"line":956},"93":{"name":"(anonymous_93)","decl":{"start":{"line":957,"column":24},"end":{"line":957,"column":25}},"loc":{"start":{"line":957,"column":33},"end":{"line":957,"column":77}},"line":957},"94":{"name":"(anonymous_94)","decl":{"start":{"line":960,"column":2},"end":{"line":960,"column":3}},"loc":{"start":{"line":960,"column":46},"end":{"line":962,"column":3}},"line":960},"95":{"name":"(anonymous_95)","decl":{"start":{"line":961,"column":24},"end":{"line":961,"column":25}},"loc":{"start":{"line":961,"column":33},"end":{"line":961,"column":63}},"line":961},"96":{"name":"(anonymous_96)","decl":{"start":{"line":964,"column":2},"end":{"line":964,"column":3}},"loc":{"start":{"line":964,"column":72},"end":{"line":966,"column":3}},"line":964},"97":{"name":"(anonymous_97)","decl":{"start":{"line":965,"column":24},"end":{"line":965,"column":25}},"loc":{"start":{"line":965,"column":33},"end":{"line":965,"column":181}},"line":965},"98":{"name":"(anonymous_98)","decl":{"start":{"line":968,"column":2},"end":{"line":968,"column":3}},"loc":{"start":{"line":968,"column":43},"end":{"line":970,"column":3}},"line":968},"99":{"name":"(anonymous_99)","decl":{"start":{"line":969,"column":24},"end":{"line":969,"column":25}},"loc":{"start":{"line":969,"column":32},"end":{"line":969,"column":69}},"line":969},"100":{"name":"(anonymous_100)","decl":{"start":{"line":972,"column":2},"end":{"line":972,"column":3}},"loc":{"start":{"line":972,"column":152},"end":{"line":1006,"column":3}},"line":972},"101":{"name":"(anonymous_101)","decl":{"start":{"line":1008,"column":2},"end":{"line":1008,"column":3}},"loc":{"start":{"line":1008,"column":25},"end":{"line":1026,"column":3}},"line":1008},"102":{"name":"(anonymous_102)","decl":{"start":{"line":1017,"column":61},"end":{"line":1017,"column":62}},"loc":{"start":{"line":1017,"column":73},"end":{"line":1022,"column":5}},"line":1017},"103":{"name":"(anonymous_103)","decl":{"start":{"line":1028,"column":2},"end":{"line":1028,"column":3}},"loc":{"start":{"line":1028,"column":23},"end":{"line":1046,"column":3}},"line":1028},"104":{"name":"(anonymous_104)","decl":{"start":{"line":1034,"column":28},"end":{"line":1034,"column":29}},"loc":{"start":{"line":1034,"column":54},"end":{"line":1037,"column":7}},"line":1034},"105":{"name":"(anonymous_105)","decl":{"start":{"line":1048,"column":2},"end":{"line":1048,"column":3}},"loc":{"start":{"line":1048,"column":11},"end":{"line":1168,"column":3}},"line":1048},"106":{"name":"(anonymous_106)","decl":{"start":{"line":1051,"column":38},"end":{"line":1051,"column":39}},"loc":{"start":{"line":1051,"column":44},"end":{"line":1051,"column":73}},"line":1051},"107":{"name":"(anonymous_107)","decl":{"start":{"line":1052,"column":36},"end":{"line":1052,"column":37}},"loc":{"start":{"line":1052,"column":45},"end":{"line":1061,"column":10}},"line":1052},"108":{"name":"(anonymous_108)","decl":{"start":{"line":1062,"column":36},"end":{"line":1062,"column":37}},"loc":{"start":{"line":1062,"column":45},"end":{"line":1084,"column":10}},"line":1062},"109":{"name":"(anonymous_109)","decl":{"start":{"line":1085,"column":42},"end":{"line":1085,"column":43}},"loc":{"start":{"line":1085,"column":51},"end":{"line":1093,"column":10}},"line":1085},"110":{"name":"(anonymous_110)","decl":{"start":{"line":1094,"column":52},"end":{"line":1094,"column":53}},"loc":{"start":{"line":1094,"column":61},"end":{"line":1108,"column":10}},"line":1094},"111":{"name":"(anonymous_111)","decl":{"start":{"line":1109,"column":51},"end":{"line":1109,"column":52}},"loc":{"start":{"line":1109,"column":60},"end":{"line":1115,"column":10}},"line":1109},"112":{"name":"(anonymous_112)","decl":{"start":{"line":1116,"column":40},"end":{"line":1116,"column":41}},"loc":{"start":{"line":1116,"column":49},"end":{"line":1122,"column":10}},"line":1116},"113":{"name":"(anonymous_113)","decl":{"start":{"line":1123,"column":52},"end":{"line":1123,"column":53}},"loc":{"start":{"line":1123,"column":61},"end":{"line":1125,"column":10}},"line":1123},"114":{"name":"(anonymous_114)","decl":{"start":{"line":1126,"column":44},"end":{"line":1126,"column":45}},"loc":{"start":{"line":1126,"column":53},"end":{"line":1128,"column":10}},"line":1126},"115":{"name":"(anonymous_115)","decl":{"start":{"line":1129,"column":52},"end":{"line":1129,"column":53}},"loc":{"start":{"line":1129,"column":61},"end":{"line":1132,"column":10}},"line":1129},"116":{"name":"(anonymous_116)","decl":{"start":{"line":1133,"column":37},"end":{"line":1133,"column":38}},"loc":{"start":{"line":1133,"column":46},"end":{"line":1153,"column":10}},"line":1133}},"branchMap":{"0":{"loc":{"start":{"line":190,"column":8},"end":{"line":219,"column":9}},"type":"if","locations":[{"start":{"line":190,"column":8},"end":{"line":219,"column":9}},{"start":{"line":190,"column":8},"end":{"line":219,"column":9}}],"line":190},"1":{"loc":{"start":{"line":235,"column":4},"end":{"line":239,"column":5}},"type":"if","locations":[{"start":{"line":235,"column":4},"end":{"line":239,"column":5}},{"start":{"line":235,"column":4},"end":{"line":239,"column":5}}],"line":235},"2":{"loc":{"start":{"line":244,"column":4},"end":{"line":248,"column":5}},"type":"if","locations":[{"start":{"line":244,"column":4},"end":{"line":248,"column":5}},{"start":{"line":244,"column":4},"end":{"line":248,"column":5}}],"line":244},"3":{"loc":{"start":{"line":256,"column":4},"end":{"line":349,"column":5}},"type":"if","locations":[{"start":{"line":256,"column":4},"end":{"line":349,"column":5}},{"start":{"line":256,"column":4},"end":{"line":349,"column":5}}],"line":256},"4":{"loc":{"start":{"line":256,"column":8},"end":{"line":256,"column":257}},"type":"binary-expr","locations":[{"start":{"line":256,"column":8},"end":{"line":256,"column":18}},{"start":{"line":256,"column":22},"end":{"line":256,"column":34}},{"start":{"line":256,"column":38},"end":{"line":256,"column":50}},{"start":{"line":256,"column":54},"end":{"line":256,"column":64}},{"start":{"line":256,"column":68},"end":{"line":256,"column":76}},{"start":{"line":256,"column":81},"end":{"line":256,"column":101}},{"start":{"line":256,"column":105},"end":{"line":256,"column":124}},{"start":{"line":256,"column":129},"end":{"line":256,"column":148}},{"start":{"line":256,"column":152},"end":{"line":256,"column":257}}],"line":256},"5":{"loc":{"start":{"line":256,"column":198},"end":{"line":256,"column":256}},"type":"binary-expr","locations":[{"start":{"line":256,"column":198},"end":{"line":256,"column":204}},{"start":{"line":256,"column":208},"end":{"line":256,"column":214}},{"start":{"line":256,"column":218},"end":{"line":256,"column":235}},{"start":{"line":256,"column":239},"end":{"line":256,"column":256}}],"line":256},"6":{"loc":{"start":{"line":273,"column":10},"end":{"line":294,"column":11}},"type":"if","locations":[{"start":{"line":273,"column":10},"end":{"line":294,"column":11}},{"start":{"line":273,"column":10},"end":{"line":294,"column":11}}],"line":273},"7":{"loc":{"start":{"line":323,"column":6},"end":{"line":335,"column":7}},"type":"if","locations":[{"start":{"line":323,"column":6},"end":{"line":335,"column":7}},{"start":{"line":323,"column":6},"end":{"line":335,"column":7}}],"line":323},"8":{"loc":{"start":{"line":323,"column":10},"end":{"line":323,"column":57}},"type":"binary-expr","locations":[{"start":{"line":323,"column":10},"end":{"line":323,"column":19}},{"start":{"line":323,"column":23},"end":{"line":323,"column":34}},{"start":{"line":323,"column":38},"end":{"line":323,"column":57}}],"line":323},"9":{"loc":{"start":{"line":325,"column":13},"end":{"line":335,"column":7}},"type":"if","locations":[{"start":{"line":325,"column":13},"end":{"line":335,"column":7}},{"start":{"line":325,"column":13},"end":{"line":335,"column":7}}],"line":325},"10":{"loc":{"start":{"line":325,"column":17},"end":{"line":325,"column":64}},"type":"binary-expr","locations":[{"start":{"line":325,"column":17},"end":{"line":325,"column":26}},{"start":{"line":325,"column":30},"end":{"line":325,"column":41}},{"start":{"line":325,"column":45},"end":{"line":325,"column":64}}],"line":325},"11":{"loc":{"start":{"line":327,"column":13},"end":{"line":335,"column":7}},"type":"if","locations":[{"start":{"line":327,"column":13},"end":{"line":335,"column":7}},{"start":{"line":327,"column":13},"end":{"line":335,"column":7}}],"line":327},"12":{"loc":{"start":{"line":327,"column":17},"end":{"line":327,"column":38}},"type":"binary-expr","locations":[{"start":{"line":327,"column":17},"end":{"line":327,"column":25}},{"start":{"line":327,"column":29},"end":{"line":327,"column":38}}],"line":327},"13":{"loc":{"start":{"line":329,"column":13},"end":{"line":335,"column":7}},"type":"if","locations":[{"start":{"line":329,"column":13},"end":{"line":335,"column":7}},{"start":{"line":329,"column":13},"end":{"line":335,"column":7}}],"line":329},"14":{"loc":{"start":{"line":331,"column":13},"end":{"line":335,"column":7}},"type":"if","locations":[{"start":{"line":331,"column":13},"end":{"line":335,"column":7}},{"start":{"line":331,"column":13},"end":{"line":335,"column":7}}],"line":331},"15":{"loc":{"start":{"line":394,"column":6},"end":{"line":400,"column":7}},"type":"if","locations":[{"start":{"line":394,"column":6},"end":{"line":400,"column":7}},{"start":{"line":394,"column":6},"end":{"line":400,"column":7}}],"line":394},"16":{"loc":{"start":{"line":396,"column":13},"end":{"line":400,"column":7}},"type":"if","locations":[{"start":{"line":396,"column":13},"end":{"line":400,"column":7}},{"start":{"line":396,"column":13},"end":{"line":400,"column":7}}],"line":396},"17":{"loc":{"start":{"line":398,"column":13},"end":{"line":400,"column":7}},"type":"if","locations":[{"start":{"line":398,"column":13},"end":{"line":400,"column":7}},{"start":{"line":398,"column":13},"end":{"line":400,"column":7}}],"line":398},"18":{"loc":{"start":{"line":404,"column":54},"end":{"line":404,"column":102}},"type":"cond-expr","locations":[{"start":{"line":404,"column":75},"end":{"line":404,"column":89}},{"start":{"line":404,"column":92},"end":{"line":404,"column":102}}],"line":404},"19":{"loc":{"start":{"line":407,"column":105},"end":{"line":407,"column":153}},"type":"cond-expr","locations":[{"start":{"line":407,"column":126},"end":{"line":407,"column":140}},{"start":{"line":407,"column":143},"end":{"line":407,"column":153}}],"line":407},"20":{"loc":{"start":{"line":410,"column":54},"end":{"line":410,"column":102}},"type":"cond-expr","locations":[{"start":{"line":410,"column":75},"end":{"line":410,"column":89}},{"start":{"line":410,"column":92},"end":{"line":410,"column":102}}],"line":410},"21":{"loc":{"start":{"line":413,"column":6},"end":{"line":415,"column":7}},"type":"if","locations":[{"start":{"line":413,"column":6},"end":{"line":415,"column":7}},{"start":{"line":413,"column":6},"end":{"line":415,"column":7}}],"line":413},"22":{"loc":{"start":{"line":418,"column":6},"end":{"line":485,"column":7}},"type":"if","locations":[{"start":{"line":418,"column":6},"end":{"line":485,"column":7}},{"start":{"line":418,"column":6},"end":{"line":485,"column":7}}],"line":418},"23":{"loc":{"start":{"line":509,"column":4},"end":{"line":538,"column":5}},"type":"if","locations":[{"start":{"line":509,"column":4},"end":{"line":538,"column":5}},{"start":{"line":509,"column":4},"end":{"line":538,"column":5}}],"line":509},"24":{"loc":{"start":{"line":509,"column":8},"end":{"line":509,"column":72}},"type":"binary-expr","locations":[{"start":{"line":509,"column":8},"end":{"line":509,"column":37}},{"start":{"line":509,"column":41},"end":{"line":509,"column":72}}],"line":509},"25":{"loc":{"start":{"line":518,"column":10},"end":{"line":520,"column":11}},"type":"if","locations":[{"start":{"line":518,"column":10},"end":{"line":520,"column":11}},{"start":{"line":518,"column":10},"end":{"line":520,"column":11}}],"line":518},"26":{"loc":{"start":{"line":543,"column":4},"end":{"line":564,"column":5}},"type":"if","locations":[{"start":{"line":543,"column":4},"end":{"line":564,"column":5}},{"start":{"line":543,"column":4},"end":{"line":564,"column":5}}],"line":543},"27":{"loc":{"start":{"line":543,"column":8},"end":{"line":543,"column":32}},"type":"binary-expr","locations":[{"start":{"line":543,"column":8},"end":{"line":543,"column":17}},{"start":{"line":543,"column":21},"end":{"line":543,"column":32}}],"line":543},"28":{"loc":{"start":{"line":550,"column":11},"end":{"line":564,"column":5}},"type":"if","locations":[{"start":{"line":550,"column":11},"end":{"line":564,"column":5}},{"start":{"line":550,"column":11},"end":{"line":564,"column":5}}],"line":550},"29":{"loc":{"start":{"line":550,"column":15},"end":{"line":550,"column":38}},"type":"binary-expr","locations":[{"start":{"line":550,"column":15},"end":{"line":550,"column":24}},{"start":{"line":550,"column":28},"end":{"line":550,"column":38}}],"line":550},"30":{"loc":{"start":{"line":557,"column":11},"end":{"line":564,"column":5}},"type":"if","locations":[{"start":{"line":557,"column":11},"end":{"line":564,"column":5}},{"start":{"line":557,"column":11},"end":{"line":564,"column":5}}],"line":557},"31":{"loc":{"start":{"line":557,"column":15},"end":{"line":557,"column":36}},"type":"binary-expr","locations":[{"start":{"line":557,"column":15},"end":{"line":557,"column":23}},{"start":{"line":557,"column":27},"end":{"line":557,"column":36}}],"line":557},"32":{"loc":{"start":{"line":571,"column":4},"end":{"line":600,"column":5}},"type":"if","locations":[{"start":{"line":571,"column":4},"end":{"line":600,"column":5}},{"start":{"line":571,"column":4},"end":{"line":600,"column":5}}],"line":571},"33":{"loc":{"start":{"line":571,"column":8},"end":{"line":571,"column":72}},"type":"binary-expr","locations":[{"start":{"line":571,"column":8},"end":{"line":571,"column":37}},{"start":{"line":571,"column":41},"end":{"line":571,"column":72}}],"line":571},"34":{"loc":{"start":{"line":580,"column":10},"end":{"line":582,"column":11}},"type":"if","locations":[{"start":{"line":580,"column":10},"end":{"line":582,"column":11}},{"start":{"line":580,"column":10},"end":{"line":582,"column":11}}],"line":580},"35":{"loc":{"start":{"line":606,"column":4},"end":{"line":634,"column":5}},"type":"if","locations":[{"start":{"line":606,"column":4},"end":{"line":634,"column":5}},{"start":{"line":606,"column":4},"end":{"line":634,"column":5}}],"line":606},"36":{"loc":{"start":{"line":606,"column":8},"end":{"line":606,"column":72}},"type":"binary-expr","locations":[{"start":{"line":606,"column":8},"end":{"line":606,"column":37}},{"start":{"line":606,"column":41},"end":{"line":606,"column":72}}],"line":606},"37":{"loc":{"start":{"line":615,"column":10},"end":{"line":617,"column":11}},"type":"if","locations":[{"start":{"line":615,"column":10},"end":{"line":617,"column":11}},{"start":{"line":615,"column":10},"end":{"line":617,"column":11}}],"line":615},"38":{"loc":{"start":{"line":640,"column":4},"end":{"line":669,"column":5}},"type":"if","locations":[{"start":{"line":640,"column":4},"end":{"line":669,"column":5}},{"start":{
[...]
},"loc":{"start":{"line":5,"column":2},"end":{"line":22,"column":8}},"line":5}},"branchMap":{"0":{"loc":{"start":{"line":11,"column":36},"end":{"line":11,"column":109}},"type":"cond-expr","locations":[{"start":{"line":11,"column":80},"end":{"line":11,"column":101}},{"start":{"line":11,"column":104},"end":{"line":11,"column":109}}],"line":11},"1":{"loc":{"start":{"line":11,"column":37},"end":{"line":11,"column":76}},"type":"binary-expr","locations":[{"start":{"line":11,"column":37},"end":{"line":11,"column":48}},{"start":{"line":11,"column":52},"end":{"line":11,"column":76}}],"line":11},"2":{"loc":{"start":{"line":12,"column":36},"end":{"line":12,"column":109}},"type":"cond-expr","locations":[{"start":{"line":12,"column":80},"end":{"line":12,"column":101}},{"start":{"line":12,"column":104},"end":{"line":12,"column":109}}],"line":12},"3":{"loc":{"start":{"line":12,"column":37},"end":{"line":12,"column":76}},"type":"binary-expr","locations":[{"start":{"line":12,"column":37},"end":{"line":12,"column":48}},{"start":{"line":12,"column":52},"end":{"line":12,"column":76}}],"line":12},"4":{"loc":{"start":{"line":13,"column":36},"end":{"line":13,"column":108}},"type":"cond-expr","locations":[{"start":{"line":13,"column":80},"end":{"line":13,"column":100}},{"start":{"line":13,"column":103},"end":{"line":13,"column":108}}],"line":13},"5":{"loc":{"start":{"line":13,"column":37},"end":{"line":13,"column":76}},"type":"binary-expr","locations":[{"start":{"line":13,"column":37},"end":{"line":13,"column":48}},{"start":{"line":13,"column":52},"end":{"line":13,"column":76}}],"line":13},"6":{"loc":{"start":{"line":15,"column":39},"end":{"line":15,"column":115}},"type":"cond-expr","locations":[{"start":{"line":15,"column":83},"end":{"line":15,"column":107}},{"start":{"line":15,"column":110},"end":{"line":15,"column":115}}],"line":15},"7":{"loc":{"start":{"line":15,"column":40},"end":{"line":15,"column":79}},"type":"binary-expr","locations":[{"start":{"line":15,"column":40},"end":{"line":15,"column":51}},{"start":{"line":15,"column":55},"end":{"line":15,"column":79}}],"line":15},"8":{"loc":{"start":{"line":16,"column":39},"end":{"line":16,"column":115}},"type":"cond-expr","locations":[{"start":{"line":16,"column":83},"end":{"line":16,"column":107}},{"start":{"line":16,"column":110},"end":{"line":16,"column":115}}],"line":16},"9":{"loc":{"start":{"line":16,"column":40},"end":{"line":16,"column":79}},"type":"binary-expr","locations":[{"start":{"line":16,"column":40},"end":{"line":16,"column":51}},{"start":{"line":16,"column":55},"end":{"line":16,"column":79}}],"line":16},"10":{"loc":{"start":{"line":17,"column":39},"end":{"line":17,"column":114}},"type":"cond-expr","locations":[{"start":{"line":17,"column":83},"end":{"line":17,"column":106}},{"start":{"line":17,"column":109},"end":{"line":17,"column":114}}],"line":17},"11":{"loc":{"start":{"line":17,"column":40},"end":{"line":17,"column":79}},"type":"binary-expr","locations":[{"start":{"line":17,"column":40},"end":{"line":17,"column":51}},{"start":{"line":17,"column":55},"end":{"line":17,"column":79}}],"line":17},"12":{"loc":{"start":{"line":19,"column":36},"end":{"line":19,"column":111}},"type":"cond-expr","locations":[{"start":{"line":19,"column":80},"end":{"line":19,"column":103}},{"start":{"line":19,"column":106},"end":{"line":19,"column":111}}],"line":19},"13":{"loc":{"start":{"line":19,"column":37},"end":{"line":19,"column":76}},"type":"binary-expr","locations":[{"start":{"line":19,"column":37},"end":{"line":19,"column":48}},{"start":{"line":19,"column":52},"end":{"line":19,"column":76}}],"line":19},"14":{"loc":{"start":{"line":20,"column":36},"end":{"line":20,"column":111}},"type":"cond-expr","locations":[{"start":{"line":20,"column":80},"end":{"line":20,"column":103}},{"start":{"line":20,"column":106},"end":{"line":20,"column":111}}],"line":20},"15":{"loc":{"start":{"line":20,"column":37},"end":{"line":20,"column":76}},"type":"binary-expr","locations":[{"start":{"line":20,"column":37},"end":{"line":20,"column":48}},{"start":{"line":20,"column":52},"end":{"line":20,"column":76}}],"line":20},"16":{"loc":{"start":{"line":21,"column":36},"end":{"line":21,"column":110}},"type":"cond-expr","locations":[{"start":{"line":21,"column":80},"end":{"line":21,"column":102}},{"start":{"line":21,"column":105},"end":{"line":21,"column":110}}],"line":21},"17":{"loc":{"start":{"line":21,"column":37},"end":{"line":21,"column":76}},"type":"binary-expr","locations":[{"start":{"line":21,"column":37},"end":{"line":21,"column":48}},{"start":{"line":21,"column":52},"end":{"line":21,"column":76}}],"line":21}},"s":{"0":21,"1":1},"f":{"0":1},"b":{"0":[0,1],"1":[1,0],"2":[0,1],"3":[1,0],"4":[0,1],"5":[1,0],"6":[0,1],"7":[1,0],"8":[0,1],"9":[1,0],"10":[0,1],"11":[1,0],"12":[0,1],"13":[1,0],"14":[0,1],"15":[1,0],"16":[0,1],"17":[1,0]},"_coverageSchema":"332fd63041d2c1bcb487cc26dd0d5f7d97098a6c","hash":"4066cca74cb1bc06150577346c2d8e402309ec16"}
,"/Users/samgetlan/Documents/HackReactor/fortnite-companion/client/src/components/Stats.jsx": {"path":"/Users/samgetlan/Documents/HackReactor/fortnite-companion/client/src/components/Stats.jsx","statementMap":{"0":{"start":{"line":11,"column":4},"end":{"line":11,"column":17}},"1":{"start":{"line":15,"column":4},"end":{"line":48,"column":6}},"2":{"start":{"line":29,"column":54},"end":{"line":37,"column":10}},"3":{"start":{"line":38,"column":56},"end":{"line":46,"column":10}}},"fnMap":{"0":{"name":"(anonymous_0)","decl":{"start":{"line":10,"column":2},"end":{"line":10,"column":3}},"loc":{"start":{"line":10,"column":21},"end":{"line":12,"column":3}},"line":10},"1":{"name":"(anonymous_1)","decl":{"start":{"line":14,"column":2},"end":{"line":14,"column":3}},"loc":{"start":{"line":14,"column":11},"end":{"line":49,"column":3}},"line":14},"2":{"name":"(anonymous_2)","decl":{"start":{"line":29,"column":45},"end":{"line":29,"column":46}},"loc":{"start":{"line":29,"column":54},"end":{"line":37,"column":10}},"line":29},"3":{"name":"(anonymous_3)","decl":{"start":{"line":38,"column":47},"end":{"line":38,"column":48}},"loc":{"start":{"line":38,"column":56},"end":{"line":46,"column":10}},"line":38}},"branchMap":{},"s":{"0":1,"1":1,"2":0,"3":0},"f":{"0":1,"1":1,"2":0,"3":0},"b":{},"_coverageSchema":"332fd63041d2c1bcb487cc26dd0d5f7d97098a6c","hash":"5f51b56e8e16509faf77c3706735797b7d691938"}
,"/Users/samgetlan/Documents/HackReactor/fortnite-companion/client/src/components/Tile.jsx": {"path":"/Users/samgetlan/Documents/HackReactor/fortnite-companion/client/src/components/Tile.jsx","statementMap":{"0":{"start":{"line":4,"column":13},"end":{"line":13,"column":1}},"1":{"start":{"line":5,"column":2},"end":{"line":12,"column":8}},"2":{"start":{"line":5,"column":41},"end":{"line":5,"column":79}},"3":{"start":{"line":5,"column":80},"end":{"line":5,"column":99}}},"fnMap":{"0":{"name":"(anonymous_0)","decl":{"start":{"line":4,"column":13},"end":{"line":4,"column":14}},"loc":{"start":{"line":5,"column":2},"end":{"line":12,"column":8}},"line":5},"1":{"name":"(anonymous_1)","decl":{"start":{"line":5,"column":33},"end":{"line":5,"column":34}},"loc":{"start":{"line":5,"column":39},"end":{"line":5,"column":101}},"line":5}},"branchMap":{},"s":{"0":21,"1":73,"2":0,"3":0},"f":{"0":73,"1":0},"b":{},"_coverageSchema":"332fd63041d2c1bcb487cc26dd0d5f7d97098a6c","hash":"ee088535d494ae4399f3c5b8ac4ffbbe1921dc76"}
,"/Users/samgetlan/Documents/HackReactor/fortnite-companion/client/src/components/UserForm.jsx": {"path":"/Users/samgetlan/Documents/HackReactor/fortnite-companion/client/src/components/UserForm.jsx","statementMap":{"0":{"start":{"line":7,"column":4},"end":{"line":7,"column":17}},"1":{"start":{"line":8,"column":4},"end":{"line":12,"column":6}},"2":{"start":{"line":13,"column":4},"end":{"line":13,"column":55}},"3":{"start":{"line":14,"column":4},"end":{"line":14,"column":55}},"4":{"start":{"line":15,"column":4},"end":{"line":15,"column":65}},"5":{"start":{"line":19,"column":21},"end":{"line":19,"column":67}},"6":{"start":{"line":20,"column":27},"end":{"line":20,"column":79}},"7":{"start":{"line":21,"column":4},"end":{"line":29,"column":5}},"8":{"start":{"line":22,"column":6},"end":{"line":24,"column":9}},"9":{"start":{"line":26,"column":6},"end":{"line":28,"column":9}},"10":{"start":{"line":33,"column":20},"end":{"line":33,"column":24}},"11":{"start":{"line":34,"column":4},"end":{"line":34,"column":40}},"12":{"start":{"line":35,"column":21},"end":{"line":35,"column":67}},"13":{"start":{"line":36,"column":4},"end":{"line":53,"column":9}},"14":{"start":{"line":40,"column":8},"end":{"line":40,"column":31}},"15":{"start":{"line":41,"column":8},"end":{"line":49,"column":9}},"16":{"start":{"line":42,"column":10},"end":{"line":44,"column":13}},"17":{"start":{"line":46,"column":10},"end":{"line":48,"column":13}},"18":{"start":{"line":52,"column":8},"end":{"line":52,"column":48}},"19":{"start":{"line":57,"column":20},"end":{"line":57,"column":24}},"20":{"start":{"line":58,"column":16},"end":{"line":58,"column":21}},"21":{"start":{"line":60,"column":4},"end":{"line":64,"column":5}},"22":{"start":{"line":61,"column":6},"end":{"line":61,"column":58}},"23":{"start":{"line":63,"column":6},"end":{"line":63,"column":17}},"24":{"start":{"line":65,"column":4},"end":{"line":77,"column":5}},"25":{"start":{"line":66,"column":6},"end":{"line":66,"column":31}},"26":{"start":{"line":67,"column":6},"end":{"line":76,"column":7}},"27":{"start":{"line":68,"column":8},"end":{"line":68,"column":36}},"28":{"start":{"line":69,"column":8},"end":{"line":75,"column":9}},"29":{"start":{"line":70,"column":10},"end":{"line":70,"column":37}},"30":{"start":{"line":71,"column":10},"end":{"line":71,"column":23}},"31":{"start":{"line":72,"column":10},"end":{"line":74,"column":13}},"32":{"start":{"line":78,"column":4},"end":{"line":83,"column":5}},"33":{"start":{"line":79,"column":6},"end":{"line":79,"column":35}},"34":{"start":{"line":80,"column":6},"end":{"line":82,"column":9}},"35":{"start":{"line":87,"column":4},"end":{"line":137,"column":6}},"36":{"start":{"line":108,"column":59},"end":{"line":108,"column":185}},"37":{"start":{"line":125,"column":61},"end":{"line":125,"column":232}}},"fnMap":{"0":{"name":"(anonymous_0)","decl":{"start":{"line":6,"column":2},"end":{"line":6,"column":3}},"loc":{"start":{"line":6,"column":21},"end":{"line":16,"column":3}},"line":6},"1":{"name":"(anonymous_1)","decl":{"start":{"line":18,"column":2},"end":{"line":18,"column":3}},"loc":{"start":{"line":18,"column":18},"end":{"line":30,"column":3}},"line":18},"2":{"name":"(anonymous_2)","decl":{"start":{"line":32,"column":2},"end":{"line":32,"column":3}},"loc":{"start":{"line":32,"column":18},"end":{"line":54,"column":3}},"line":32},"3":{"name":"(anonymous_3)","decl":{"start":{"line":39,"column":12},"end":{"line":39,"column":13}},"loc":{"start":{"line":39,"column":22},"end":{"line":50,"column":7}},"line":39},"4":{"name":"(anonymous_4)","decl":{"start":{"line":51,"column":13},"end":{"line":51,"column":14}},"loc":{"start":{"line":51,"column":22},"end":{"line":53,"column":7}},"line":51},"5":{"name":"(anonymous_5)","decl":{"start":{"line":56,"column":2},"end":{"line":56,"column":3}},"loc":{"start":{"line":56,"column":23},"end":{"line":84,"column":3}},"line":56},"6":{"name":"(anonymous_6)","decl":{"start":{"line":86,"column":2},"end":{"line":86,"column":3}},"loc":{"start":{"line":86,"column":11},"end":{"line":138,"column":3}},"line":86},"7":{"name":"(anonymous_7)","decl":{"start":{"line":108,"column":53},"end":{"line":108,"column":54}},"loc":{"start":{"line":108,"column":59},"end":{"line":108,"column":185}},"line":108},"8":{"name":"(anonymous_8)","decl":{"start":{"line":125,"column":55},"end":{"line":125,"column":56}},"loc":{"start":{"line":125,"column":61},"end":{"line":125,"column":232}},"line":125}},"branchMap":{"0":{"loc":{"start":{"line":21,"column":4},"end":{"line":29,"column":5}},"type":"if","locations":[{"start":{"line":21,"column":4},"end":{"line":29,"column":5}},{"start":{"line":21,"column":4},"end":{"line":29,"column":5}}],"line":21},"1":{"loc":{"start":{"line":41,"column":8},"end":{"line":49,"column":9}},"type":"if","locations":[{"start":{"line":41,"column":8},"end":{"line":49,"column":9}},{"start":{"line":41,"column":8},"end":{"line":49,"column":9}}],"line":41},"2":{"loc":{"start":{"line":60,"column":4},"end":{"line":64,"column":5}},"type":"if","locations":[{"start":{"line":60,"column":4},"end":{"line":64,"column":5}},{"start":{"line":60,"column":4},"end":{"line":64,"column":5}}],"line":60},"3":{"loc":{"start":{"line":65,"column":4},"end":{"line":77,"column":5}},"type":"if","locations":[{"start":{"line":65,"column":4},"end":{"line":77,"column":5}},{"start":{"line":65,"column":4},"end":{"line":77,"column":5}}],"line":65},"4":{"loc":{"start":{"line":67,"column":6},"end":{"line":76,"column":7}},"type":"if","locations":[{"start":{"line":67,"column":6},"end":{"line":76,"column":7}},{"start":{"line":67,"column":6},"end":{"line":76,"column":7}}],"line":67},"5":{"loc":{"start":{"line":67,"column":10},"end":{"line":67,"column":55}},"type":"binary-expr","locations":[{"start":{"line":67,"column":10},"end":{"line":67,"column":29}},{"start":{"line":67,"column":33},"end":{"line":67,"column":55}}],"line":67},"6":{"loc":{"start":{"line":69,"column":8},"end":{"line":75,"column":9}},"type":"if","locations":[{"start":{"line":69,"column":8},"end":{"line":75,"column":9}},{"start":{"line":69,"column":8},"end":{"line":75,"column":9}}],"line":69},"7":{"loc":{"start":{"line":69,"column":12},"end":{"line":69,"column":57}},"type":"binary-expr","locations":[{"start":{"line":69,"column":12},"end":{"line":69,"column":34}},{"start":{"line":69,"column":38},"end":{"line":69,"column":57}}],"line":69},"8":{"loc":{"start":{"line":78,"column":4},"end":{"line":83,"column":5}},"type":"if","locations":[{"start":{"line":78,"column":4},"end":{"line":83,"column":5}},{"start":{"line":78,"column":4},"end":{"line":83,"column":5}}],"line":78},"9":{"loc":{"start":{"line":95,"column":13},"end":{"line":109,"column":18}},"type":"binary-expr","locations":[{"start":{"line":95,"column":13},"end":{"line":95,"column":34}},{"start":{"line":96,"column":12},"end":{"line":109,"column":18}}],"line":95},"10":{"loc":{"start":{"line":103,"column":58},"end":{"line":103,"column":165}},"type":"binary-expr","locations":[{"start":{"line":103,"column":58},"end":{"line":103,"column":89}},{"start":{"line":103,"column":93},"end":{"line":103,"column":165}}],"line":103},"11":{"loc":{"start":{"line":105,"column":58},"end":{"line":105,"column":165}},"type":"binary-expr","locations":[{"start":{"line":105,"column":58},"end":{"line":105,"column":89}},{"start":{"line":105,"column":93},"end":{"line":105,"column":165}}],"line":105},"12":{"loc":{"start":{"line":110,"column":13},"end":{"line":130,"column":18}},"type":"binary-expr","locations":[{"start":{"line":110,"column":13},"end":{"line":110,"column":34}},{"start":{"line":111,"column":12},"end":{"line":130,"column":18}}],"line":110},"13":{"loc":{"start":{"line":115,"column":58},"end":{"line":115,"column":179}},"type":"cond-expr","locations":[{"start":{"line":115,"column":94},"end":{"line":115,"column":112}},{"start":{"line":115,"column":116},"end":{"line":115,"column":178}}],"line":115},"14":{"loc":{"start":{"line":115,"column":116},"end":{"line":115,"column":178}},"type":"cond-expr","locations":[{"start":{"line":115,"column":151},"end":{"line":115,"column":168}},{"start":{"line":115,"column":171},"end":{"line":115,"column":178}}],"line":115},"15":{"loc":{"start":{"line":115,"column":182},"end":{"line":115,"column":307}},"type":"cond-expr","locations":[{"start":{"line":115,"column":218},"end":{"line":115,"column":234}},{"start":{"line":115,"column":238},"end":{"line":115,"column":306}}],"line":115},"16":{"loc":{"start":{"line":115,"column":238},"end":{"line":115,"column":306}},"type":"cond-expr","locations":[{"start":{"line":115,"column":273},"end":{"line":115,"column":293}},{"start":{"line":115,"column":296},"end":{"line":115,"column":306}}],"line":115},"17":{"loc":{"start":{"line":116,"column":122},"end":{"line":116,"column":250}},"type":"cond-expr","locations":[{"start":{"line":116,"column":157},"end":{"line":116,"column":171}},{"start":{"line":116,"column":175},"end":{"line":116,"column":249}}],"line":116},"18":{"loc":{"start":{"line":116,"column":175},"end":{"line":116,"column":249}},"type":"cond-expr","locations":[{"start":{"line":116,"column":211},"end":{"line":116,"column":226}},{"start":{"line":116,"column":229},"end":{"line":116,"column":249}}],"line":116},"19":{"loc":{"start":{"line":118,"column":128},"end":{"line":118,"column":266}},"type":"cond-expr","locations":[{"start":{"line":118,"column":165},"end":{"line":118,"column":181}},{"start":{"line":118,"column":185},"end":{"line":118,"column":265}}],"line":118},"20":{"loc":{"start":{"line":118,"column":185},"end":{"line":118,"column":265}},"type":"cond-expr","locations":[{"start":{"line":118,"column":223},"end":{"line":118,"column":241}},{"start":{"line":118,"column":244},"end":{"line":118,"column":265}}],"line":118},"21":{"loc":{"start":{"line":119,"column":71},"end":{"line":119,"column":171}},"type":"binary-expr","locations":[{"start":{"line":119,"column":71},"end":{"line":119,"column":106}},{"start":{"line":119,"column":110},"end":{"line":119,"column":171}}],"line":119},"22":{"loc":{"start":{"line":120,"column":135},"end":{"line":120,"column":273}},"type":"cond-expr","locations":[{"start":{"line":120,"column":172},"end":{"line":120,"column":188}},{"start":{"line":120,"column":192},"end":{"line":120,"column":272}}],"line":120},"23":{"loc":{"start":{"line":120,"column":192},"end":{"line":120,"column":272}},"type":"cond-expr","locations":[{"start":{"line":120,"column":230},"end":{"line":120,"column":248}},{"start":{"line":120,"column":251},"end":{"line":120,"column":272}}],"line":120},"24":{"loc":{"start":{"line":121,"column":52},"end":{"line":121,"column":152}},"type":"binary-expr","locations":[{"start":{"line":121,"column":52},"end":{"line":121,"column":83}},{"start":{"line":121,"column":87},"end":{"line":121,"column":152}}],"line":121},"25":{"loc":{"start":{"line":122,"column":138},"end":{"line":122,"column":268}},"type":"cond-expr","locations":[{"start":{"line":122,"column":171},"end":{"line":122,"column":187}},{"start":{"line":122,"column":191},"end":{"line":122,"column":267}}],"line":122},"26":{"loc":{"start":{"line":122,"column":191},"end":{"line":122,"column":267}},"type":"cond-expr","locations":[{"start":{"line":122,"column":225},"end":{"line":122,"column":243}},{"start":{"line":122,"column":246},"end":{"line":122,"column":267}}],"line":122},"27":{"loc":{"start":{"line":124,"column":15},"end":{"line":125,"column":250}},"type":"binary-expr","locations":[{"start":{"line":124,"column":16},"end":{"line":124,"column":50}},{"start":{"line":124,"column":54},"end":{"line":124,"column":86}},{"start":{"line":125,"column":16},"end":{"line":125,"column":250}}],"line":124},"28":{"loc":{"start":{"line":127,"column":15},"end":{"line":128,"column":83}},"type":"binary-expr","locations":[{"start":{"line":127,"column":16},"end":{"line":127,"column":50}},{"start":{"line":127,"column":54},"end":{"line":127,"column":86}},{"start":{"line":128,"column":16},"end":{"line":128,"column":83}}],"line":127}},"s":{"0":2,"1":2,"2":2,"3":2,"4":2,"5":0,"6":0,"7":0,"8":0,"9":0,"10":0,"11":0,"12":0,"13":0,"14":0,"15":0,"16":0,"17":0,"18":0,"19":0,"20":0,"21":0,"22":0,"23":0,"24":0,"25":0,"26":0,"27":0,"28":0,"29":0,"30":0,"31":0,"32":0,"33":0,"34":0,"35":2,"36":0,"37":0},"f":{"0":2,"1":0,"2":0,"3":0,"4":0,"5":0,"6":2,"7":0,"8":0},"b":{"0":[0,0],"1":[0,0],"2":[0,0],"3":[0,0],"4":[0,0],"5":[0,0],"6":[0,0],"7":[0,0],"8":[0,0],"9":[2,2],"10":[2,0],"11":[2,0],"12":[2,0],"13":[0,0],"14":[0,0],"15":[0,0],"16":[0,0],"17":[0,0],"18":[0,0],"19":[0,0],"20":[0,0],"21":[0,0],"22":[0,0],"23":[0,0],"24":[0,0],"25":[0,0],"26":[0,0],"27":[0,0,0],"28":[0,0,0]},"_coverageSchema":"332fd63041d2c1bcb487cc26dd0d5f7d97098a6c","hash":"f3e4df2d2d7fef79a696e8074a411e42d4bc7801"}
}
