{"/Users/samgetlan/Documents/HackReactor/fortnite-companion/client/src/data.js": {"path":"/Users/samgetlan/Documents/HackReactor/fortnite-companion/client/src/data.js","statementMap":{"0":{"start":{"line":2,"column":2},"end":{"line":2,"column":19}},"1":{"start":{"line":3,"column":2},"end":{"line":3,"column":29}},"2":{"start":{"line":4,"column":2},"end":{"line":4,"column":21}},"3":{"start":{"line":5,"column":2},"end":{"line":5,"column":22}},"4":{"start":{"line":6,"column":2},"end":{"line":6,"column":25}},"5":{"start":{"line":7,"column":2},"end":{"line":7,"column":21}},"6":{"start":{"line":11,"column":2},"end":{"line":11,"column":19}},"7":{"start":{"line":12,"column":2},"end":{"line":12,"column":29}},"8":{"start":{"line":13,"column":2},"end":{"line":13,"column":21}},"9":{"start":{"line":14,"column":2},"end":{"line":14,"column":22}},"10":{"start":{"line":15,"column":2},"end":{"line":15,"column":25}},"11":{"start":{"line":16,"column":2},"end":{"line":16,"column":21}},"12":{"start":{"line":21,"column":14},"end":{"line":21,"column":757}},"13":{"start":{"line":22,"column":14},"end":{"line":22,"column":90}},"14":{"start":{"line":23,"column":22},"end":{"line":23,"column":105}},"15":{"start":{"line":24,"column":21},"end":{"line":24,"column":103}},"16":{"start":{"line":25,"column":22},"end":{"line":25,"column":105}},"17":{"start":{"line":26,"column":15},"end":{"line":26,"column":93}},"18":{"start":{"line":27,"column":27},"end":{"line":27,"column":116}},"19":{"start":{"line":28,"column":21},"end":{"line":28,"column":105}},"20":{"start":{"line":29,"column":21},"end":{"line":29,"column":104}},"21":{"start":{"line":30,"column":21},"end":{"line":30,"column":103}},"22":{"start":{"line":31,"column":21},"end":{"line":31,"column":104}},"23":{"start":{"line":32,"column":21},"end":{"line":32,"column":102}},"24":{"start":{"line":33,"column":21},"end":{"line":33,"column":104}},"25":{"start":{"line":34,"column":20},"end":{"line":34,"column":103}},"26":{"start":{"line":35,"column":21},"end":{"line":35,"column":105}},"27":{"start":{"line":36,"column":19},"end":{"line":36,"column":102}},"28":{"start":{"line":37,"column":20},"end":{"line":37,"column":104}},"29":{"start":{"line":38,"column":20},"end":{"line":38,"column":103}},"30":{"start":{"line":39,"column":21},"end":{"line":39,"column":103}},"31":{"start":{"line":40,"column":21},"end":{"line":40,"column":102}},"32":{"start":{"line":41,"column":21},"end":{"line":41,"column":104}},"33":{"start":{"line":42,"column":19},"end":{"line":42,"column":101}},"34":{"start":{"line":43,"column":21},"end":{"line":43,"column":106}},"35":{"start":{"line":44,"column":18},"end":{"line":44,"column":100}},"36":{"start":{"line":45,"column":19},"end":{"line":45,"column":101}},"37":{"start":{"line":46,"column":20},"end":{"line":46,"column":103}},"38":{"start":{"line":47,"column":24},"end":{"line":47,"column":109}},"39":{"start":{"line":49,"column":36},"end":{"line":49,"column":135}},"40":{"start":{"line":50,"column":36},"end":{"line":50,"column":134}},"41":{"start":{"line":51,"column":31},"end":{"line":51,"column":126}},"42":{"start":{"line":52,"column":14},"end":{"line":52,"column":89}},"43":{"start":{"line":53,"column":19},"end":{"line":53,"column":100}},"44":{"start":{"line":54,"column":34},"end":{"line":54,"column":131}},"45":{"start":{"line":55,"column":19},"end":{"line":55,"column":101}},"46":{"start":{"line":56,"column":36},"end":{"line":56,"column":133}},"47":{"start":{"line":57,"column":36},"end":{"line":57,"column":133}},"48":{"start":{"line":58,"column":20},"end":{"line":58,"column":103}},"49":{"start":{"line":59,"column":18},"end":{"line":59,"column":578}}},"fnMap":{"0":{"name":"Location","decl":{"start":{"line":1,"column":9},"end":{"line":1,"column":17}},"loc":{"start":{"line":1,"column":58},"end":{"line":8,"column":1}},"line":1},"1":{"name":"GridSquare","decl":{"start":{"line":10,"column":9},"end":{"line":10,"column":19}},"loc":{"start":{"line":10,"column":61},"end":{"line":17,"column":1}},"line":10}},"branchMap":{},"s":{"0":432,"1":432,"2":432,"3":432,"4":432,"5":432,"6":0,"7":0,"8":0,"9":0,"10":0,"11":0,"12":12,"13":12,"14":12,"15":12,"16":12,"17":12,"18":12,"19":12,"20":12,"21":12,"22":12,"23":12,"24":12,"25":12,"26":12,"27":12,"28":12,"29":12,"30":12,"31":12,"32":12,"33":12,"34":12,"35":12,"36":12,"37":12,"38":12,"39":12,"40":12,"41":12,"42":12,"43":12,"44":12,"45":12,"46":12,"47":12,"48":12,"49":12},"f":{"0":432,"1":0},"b":{},"_coverageSchema":"332fd63041d2c1bcb487cc26dd0d5f7d97098a6c","hash":"b1ee178c31ede57732bc4fed5351117c581f6eec"}
,"/Users/samgetlan/Documents/HackReactor/fortnite-companion/client/src/components/AccountOptionsForm.jsx": {"path":"/Users/samgetlan/Documents/HackReactor/fortnite-companion/client/src/components/AccountOptionsForm.jsx","statementMap":{"0":{"start":{"line":4,"column":27},"end":{"line":25,"column":1}},"1":{"start":{"line":5,"column":2},"end":{"line":24,"column":8}}},"fnMap":{"0":{"name":"(anonymous_0)","decl":{"start":{"line":4,"column":27},"end":{"line":4,"column":28}},"loc":{"start":{"line":5,"column":2},"end":{"line":24,"column":8}},"line":5}},"branchMap":{"0":{"loc":{"start":{"line":5,"column":11},"end":{"line":5,"column":110}},"type":"cond-expr","locations":[{"start":{"line":5,"column":48},"end":{"line":5,"column":74}},{"start":{"line":5,"column":77},"end":{"line":5,"column":110}}],"line":5}},"s":{"0":12,"1":1},"f":{"0":1},"b":{"0":[0,1]},"_coverageSchema":"332fd63041d2c1bcb487cc26dd0d5f7d97098a6c","hash":"c6a7eabef87cd902eaa1433f5da6c3d023d87198"}
,"/Users/samgetlan/Documents/HackReactor/fortnite-companion/client/src/components/AccountRecovery.jsx": {"path":"/Users/samgetlan/Documents/HackReactor/fortnite-companion/client/src/components/AccountRecovery.jsx","statementMap":{"0":{"start":{"line":6,"column":4},"end":{"line":6,"column":17}},"1":{"start":{"line":7,"column":4},"end":{"line":10,"column":5}},"2":{"start":{"line":11,"column":4},"end":{"line":11,"column":65}},"3":{"start":{"line":15,"column":20},"end":{"line":15,"column":24}},"4":{"start":{"line":16,"column":16},"end":{"line":16,"column":21}},"5":{"start":{"line":18,"column":4},"end":{"line":22,"column":5}},"6":{"start":{"line":19,"column":6},"end":{"line":19,"column":58}},"7":{"start":{"line":21,"column":6},"end":{"line":21,"column":17}},"8":{"start":{"line":23,"column":4},"end":{"line":35,"column":5}},"9":{"start":{"line":24,"column":6},"end":{"line":24,"column":31}},"10":{"start":{"line":25,"column":6},"end":{"line":34,"column":7}},"11":{"start":{"line":26,"column":8},"end":{"line":26,"column":36}},"12":{"start":{"line":27,"column":8},"end":{"line":33,"column":9}},"13":{"start":{"line":28,"column":10},"end":{"line":28,"column":37}},"14":{"start":{"line":29,"column":10},"end":{"line":29,"column":23}},"15":{"start":{"line":30,"column":10},"end":{"line":32,"column":13}},"16":{"start":{"line":36,"column":4},"end":{"line":41,"column":5}},"17":{"start":{"line":37,"column":6},"end":{"line":37,"column":35}},"18":{"start":{"line":38,"column":6},"end":{"line":40,"column":9}},"19":{"start":{"line":45,"column":4},"end":{"line":69,"column":6}},"20":{"start":{"line":57,"column":61},"end":{"line":57,"column":138}}},"fnMap":{"0":{"name":"(anonymous_0)","decl":{"start":{"line":5,"column":2},"end":{"line":5,"column":3}},"loc":{"start":{"line":5,"column":21},"end":{"line":12,"column":3}},"line":5},"1":{"name":"(anonymous_1)","decl":{"start":{"line":14,"column":2},"end":{"line":14,"column":3}},"loc":{"start":{"line":14,"column":23},"end":{"line":42,"column":3}},"line":14},"2":{"name":"(anonymous_2)","decl":{"start":{"line":44,"column":2},"end":{"line":44,"column":3}},"loc":{"start":{"line":44,"column":11},"end":{"line":70,"column":3}},"line":44},"3":{"name":"(anonymous_3)","decl":{"start":{"line":57,"column":55},"end":{"line":57,"column":56}},"loc":{"start":{"line":57,"column":61},"end":{"line":57,"column":138}},"line":57}},"branchMap":{"0":{"loc":{"start":{"line":18,"column":4},"end":{"line":22,"column":5}},"type":"if","locations":[{"start":{"line":18,"column":4},"end":{"line":22,"column":5}},{"start":{"line":18,"column":4},"end":{"line":22,"column":5}}],"line":18},"1":{"loc":{"start":{"line":23,"column":4},"end":{"line":35,"column":5}},"type":"if","locations":[{"start":{"line":23,"column":4},"end":{"line":35,"column":5}},{"start":{"line":23,"column":4},"end":{"line":35,"column":5}}],"line":23},"2":{"loc":{"start":{"line":25,"column":6},"end":{"line":34,"column":7}},"type":"if","locations":[{"start":{"line":25,"column":6},"end":{"line":34,"column":7}},{"start":{"line":25,"column":6},"end":{"line":34,"column":7}}],"line":25},"3":{"loc":{"start":{"line":25,"column":10},"end":{"line":25,"column":55}},"type":"binary-expr","locations":[{"start":{"line":25,"column":10},"end":{"line":25,"column":29}},{"start":{"line":25,"column":33},"end":{"line":25,"column":55}}],"line":25},"4":{"loc":{"start":{"line":27,"column":8},"end":{"line":33,"column":9}},"type":"if","locations":[{"start":{"line":27,"column":8},"end":{"line":33,"column":9}},{"start":{"line":27,"column":8},"end":{"line":33,"column":9}}],"line":27},"5":{"loc":{"start":{"line":27,"column":12},"end":{"line":27,"column":57}},"type":"binary-expr","locations":[{"start":{"line":27,"column":12},"end":{"line":27,"column":34}},{"start":{"line":27,"column":38},"end":{"line":27,"column":57}}],"line":27},"6":{"loc":{"start":{"line":36,"column":4},"end":{"line":41,"column":5}},"type":"if","locations":[{"start":{"line":36,"column":4},"end":{"line":41,"column":5}},{"start":{"line":36,"column":4},"end":{"line":41,"column":5}}],"line":36},"7":{"loc":{"start":{"line":53,"column":52},"end":{"line":53,"column":152}},"type":"binary-expr","locations":[{"start":{"line":53,"column":52},"end":{"line":53,"column":83}},{"start":{"line":53,"column":87},"end":{"line":53,"column":152}}],"line":53},"8":{"loc":{"start":{"line":54,"column":138},"end":{"line":54,"column":268}},"type":"cond-expr","locations":[{"start":{"line":54,"column":171},"end":{"line":54,"column":187}},{"start":{"line":54,"column":191},"end":{"line":54,"column":267}}],"line":54},"9":{"loc":{"start":{"line":54,"column":191},"end":{"line":54,"column":267}},"type":"cond-expr","locations":[{"start":{"line":54,"column":225},"end":{"line":54,"column":243}},{"start":{"line":54,"column":246},"end":{"line":54,"column":267}}],"line":54},"10":{"loc":{"start":{"line":56,"column":15},"end":{"line":57,"column":160}},"type":"binary-expr","locations":[{"start":{"line":56,"column":15},"end":{"line":56,"column":45}},{"start":{"line":57,"column":16},"end":{"line":57,"column":160}}],"line":56},"11":{"loc":{"start":{"line":59,"column":15},"end":{"line":60,"column":87}},"type":"binary-expr","locations":[{"start":{"line":59,"column":15},"end":{"line":59,"column":45}},{"start":{"line":60,"column":16},"end":{"line":60,"column":87}}],"line":59}},"s":{"0":1,"1":1,"2":1,"3":0,"4":0,"5":0,"6":0,"7":0,"8":0,"9":0,"10":0,"11":0,"12":0,"13":0,"14":0,"15":0,"16":0,"17":0,"18":0,"19":1,"20":0},"f":{"0":1,"1":0,"2":1,"3":0},"b":{"0":[0,0],"1":[0,0],"2":[0,0],"3":[0,0],"4":[0,0],"5":[0,0],"6":[0,0],"7":[1,0],"8":[0,1],"9":[0,1],"10":[1,0],"11":[1,1]},"_coverageSchema":"332fd63041d2c1bcb487cc26dd0d5f7d97098a6c","hash":"7dbbd6e927c236cdafad0a01e1644fd2effcd389"}
,"/Users/samgetlan/Documents/HackReactor/fortnite-companion/client/src/components/AccountSettings.jsx": {"path":"/Users/samgetlan/Documents/HackReactor/fortnite-companion/client/src/components/AccountSettings.jsx","statementMap":{"0":{"start":{"line":7,"column":4},"end":{"line":7,"column":17}},"1":{"start":{"line":8,"column":4},"end":{"line":12,"column":5}},"2":{"start":{"line":13,"column":4},"end":{"line":13,"column":73}},"3":{"start":{"line":14,"column":4},"end":{"line":14,"column":83}},"4":{"start":{"line":15,"column":4},"end":{"line":15,"column":85}},"5":{"start":{"line":20,"column":4},"end":{"line":22,"column":7}},"6":{"start":{"line":26,"column":4},"end":{"line":28,"column":7}},"7":{"start":{"line":32,"column":29},"end":{"line":32,"column":47}},"8":{"start":{"line":33,"column":4},"end":{"line":35,"column":6}},"9":{"start":{"line":39,"column":4},"end":{"line":74,"column":6}},"10":{"start":{"line":67,"column":59},"end":{"line":67,"column":95}}},"fnMap":{"0":{"name":"(anonymous_0)","decl":{"start":{"line":6,"column":2},"end":{"line":6,"column":3}},"loc":{"start":{"line":6,"column":21},"end":{"line":16,"column":3}},"line":6},"1":{"name":"(anonymous_1)","decl":{"start":{"line":19,"column":2},"end":{"line":19,"column":3}},"loc":{"start":{"line":19,"column":27},"end":{"line":23,"column":3}},"line":19},"2":{"name":"(anonymous_2)","decl":{"start":{"line":25,"column":2},"end":{"line":25,"column":3}},"loc":{"start":{"line":25,"column":32},"end":{"line":29,"column":3}},"line":25},"3":{"name":"(anonymous_3)","decl":{"start":{"line":31,"column":2},"end":{"line":31,"column":3}},"loc":{"start":{"line":31,"column":33},"end":{"line":36,"column":3}},"line":31},"4":{"name":"(anonymous_4)","decl":{"start":{"line":38,"column":2},"end":{"line":38,"column":3}},"loc":{"start":{"line":38,"column":11},"end":{"line":75,"column":3}},"line":38},"5":{"name":"(anonymous_5)","decl":{"start":{"line":67,"column":53},"end":{"line":67,"column":54}},"loc":{"start":{"line":67,"column":59},"end":{"line":67,"column":95}},"line":67}},"branchMap":{"0":{"loc":{"start":{"line":40,"column":15},"end":{"line":40,"column":119}},"type":"cond-expr","locations":[{"start":{"line":40,"column":57},"end":{"line":40,"column":83}},{"start":{"line":40,"column":86},"end":{"line":40,"column":119}}],"line":40}},"s":{"0":1,"1":1,"2":1,"3":1,"4":1,"5":0,"6":0,"7":0,"8":0,"9":1,"10":0},"f":{"0":1,"1":0,"2":0,"3":0,"4":1,"5":0},"b":{"0":[0,1]},"_coverageSchema":"332fd63041d2c1bcb487cc26dd0d5f7d97098a6c","hash":"fec2d35eda64ee4f3d8970a6eaeb55d890d81f5e"}
,"/Users/samgetlan/Documents/HackReactor/fortnite-companion/client/src/components/ActionButton.jsx": {"path":"/Users/samgetlan/Documents/HackReactor/fortnite-companion/client/src/components/ActionButton.jsx","statementMap":{"0":{"start":{"line":4,"column":21},"end":{"line":8,"column":1}},"1":{"start":{"line":5,"column":2},"end":{"line":7,"column":8}},"2":{"start":{"line":6,"column":29},"end":{"line":6,"column":55}},"3":{"start":{"line":6,"column":56},"end":{"line":6,"column":76}}},"fnMap":{"0":{"name":"(anonymous_0)","decl":{"start":{"line":4,"column":21},"end":{"line":4,"column":22}},"loc":{"start":{"line":5,"column":2},"end":{"line":7,"column":8}},"line":5},"1":{"name":"(anonymous_1)","decl":{"start":{"line":6,"column":21},"end":{"line":6,"column":22}},"loc":{"start":{"line":6,"column":27},"end":{"line":6,"column":78}},"line":6}},"branchMap":{},"s":{"0":12,"1":2,"2":0,"3":0},"f":{"0":2,"1":0},"b":{},"_coverageSchema":"332fd63041d2c1bcb487cc26dd0d5f7d97098a6c","hash":"99a8ae0b19c773770cf7efa9ab1450e2d1a49b65"}
,"/Users/samgetlan/Documents/HackReactor/fortnite-companion/client/src/components/ActiveTile.jsx": {"path":"/Users/samgetlan/Documents/HackReactor/fortnite-companion/client/src/components/ActiveTile.jsx","statementMap":{"0":{"start":{"line":6,"column":4},"end":{"line":6,"column":17}},"1":{"start":{"line":7,"column":4},"end":{"line":9,"column":5}},"2":{"start":{"line":13,"column":20},"end":{"line":13,"column":85}},"3":{"start":{"line":14,"column":18},"end":{"line":14,"column":82}},"4":{"start":{"line":15,"column":4},"end":{"line":19,"column":5}},"5":{"start":{"line":16,"column":6},"end":{"line":18,"column":8}},"6":{"start":{"line":22,"column":20},"end":{"line":22,"column":22}},"7":{"start":{"line":23,"column":4},"end":{"line":25,"column":5}},"8":{"start":{"line":24,"column":6},"end":{"line":24,"column":159}},"9":{"start":{"line":24,"column":112},"end":{"line":24,"column":153}},"10":{"start":{"line":27,"column":4},"end":{"line":40,"column":6}}},"fnMap":{"0":{"name":"(anonymous_0)","decl":{"start":{"line":5,"column":2},"end":{"line":5,"column":3}},"loc":{"start":{"line":5,"column":21},"end":{"line":10,"column":3}},"line":5},"1":{"name":"(anonymous_1)","decl":{"start":{"line":12,"column":2},"end":{"line":12,"column":3}},"loc":{"start":{"line":12,"column":23},"end":{"line":20,"column":3}},"line":12},"2":{"name":"(anonymous_2)","decl":{"start":{"line":21,"column":2},"end":{"line":21,"column":3}},"loc":{"start":{"line":21,"column":11},"end":{"line":41,"column":3}},"line":21},"3":{"name":"(anonymous_3)","decl":{"start":{"line":24,"column":105},"end":{"line":24,"column":106}},"loc":{"start":{"line":24,"column":112},"end":{"line":24,"column":153}},"line":24}},"branchMap":{"0":{"loc":{"start":{"line":15,"column":4},"end":{"line":19,"column":5}},"type":"if","locations":[{"start":{"line":15,"column":4},"end":{"line":19,"column":5}},{"start":{"line":15,"column":4},"end":{"line":19,"column":5}}],"line":15},"1":{"loc":{"start":{"line":32,"column":11},"end":{"line":33,"column":122}},"type":"binary-expr","locations":[{"start":{"line":32,"column":11},"end":{"line":32,"column":31}},{"start":{"line":33,"column":12},"end":{"line":33,"column":122}}],"line":32}},"s":{"0":1,"1":1,"2":0,"3":0,"4":0,"5":0,"6":1,"7":1,"8":5184,"9":0,"10":1},"f":{"0":1,"1":0,"2":1,"3":0},"b":{"0":[0,0],"1":[1,0]},"_coverageSchema":"332fd63041d2c1bcb487cc26dd0d5f7d97098a6c","hash":"f69475b9449fd49809b78fc8b90793a537f7ab97"}
,"/Users/samgetlan/Documents/HackReactor/fortnite-companion/client/src/components/App.jsx": {"path":"/Users/samgetlan/Documents/HackReactor/fortnite-companion/client/src/components/App.jsx","statementMap":{"0":{"start":{"line":19,"column":4},"end":{"line":19,"column":17}},"1":{"start":{"line":20,"column":4},"end":{"line":72,"column":6}},"2":{"start":{"line":73,"column":4},"end":{"line":73,"column":67}},"3":{"start":{"line":74,"column":4},"end":{"line":74,"column":63}},"4":{"start":{"line":75,"column":4},"end":{"line":75,"column":67}},"5":{"start":{"line":76,"column":4},"end":{"line":76,"column":69}},"6":{"start":{"line":77,"column":4},"end":{"line":77,"column":67}},"7":{"start":{"line":78,"column":4},"end":{"line":78,"column":67}},"8":{"start":{"line":79,"column":4},"end":{"line":79,"column":47}},"9":{"start":{"line":80,"column":4},"end":{"line":80,"column":45}},"10":{"start":{"line":81,"column":4},"end":{"line":81,"column":61}},"11":{"start":{"line":82,"column":4},"end":{"line":82,"column":63}},"12":{"start":{"line":83,"column":4},"end":{"line":83,"column":59}},"13":{"start":{"line":84,"column":4},"end":{"line":84,"column":79}},"14":{"start":{"line":85,"column":4},"end":{"line":85,"column":53}},"15":{"start":{"line":86,"column":4},"end":{"line":86,"column":59}},"16":{"start":{"line":87,"column":4},"end":{"line":87,"column":57}},"17":{"start":{"line":88,"column":4},"end":{"line":88,"column":67}},"18":{"start":{"line":89,"column":4},"end":{"line":89,"column":59}},"19":{"start":{"line":90,"column":4},"end":{"line":90,"column":59}},"20":{"start":{"line":91,"column":4},"end":{"line":91,"column":63}},"21":{"start":{"line":92,"column":4},"end":{"line":92,"column":51}},"22":{"start":{"line":93,"column":4},"end":{"line":93,"column":53}},"23":{"start":{"line":94,"column":4},"end":{"line":94,"column":65}},"24":{"start":{"line":95,"column":4},"end":{"line":95,"column":69}},"25":{"start":{"line":96,"column":4},"end":{"line":96,"column":71}},"26":{"start":{"line":97,"column":4},"end":{"line":97,"column":67}},"27":{"start":{"line":98,"column":4},"end":{"line":98,"column":55}},"28":{"start":{"line":99,"column":4},"end":{"line":99,"column":51}},"29":{"start":{"line":100,"column":4},"end":{"line":100,"column":83}},"30":{"start":{"line":101,"column":4},"end":{"line":101,"column":93}},"31":{"start":{"line":102,"column":4},"end":{"line":102,"column":77}},"32":{"start":{"line":103,"column":4},"end":{"line":103,"column":71}},"33":{"start":{"line":104,"column":4},"end":{"line":104,"column":75}},"34":{"start":{"line":105,"column":4},"end":{"line":105,"column":101}},"35":{"start":{"line":106,"column":4},"end":{"line":106,"column":59}},"36":{"start":{"line":107,"column":4},"end":{"line":107,"column":83}},"37":{"start":{"line":108,"column":4},"end":{"line":108,"column":61}},"38":{"start":{"line":109,"column":4},"end":{"line":109,"column":67}},"39":{"start":{"line":110,"column":4},"end":{"line":110,"column":67}},"40":{"start":{"line":111,"column":4},"end":{"line":111,"column":65}},"41":{"start":{"line":112,"column":4},"end":{"line":112,"column":77}},"42":{"start":{"line":113,"column":4},"end":{"line":113,"column":89}},"43":{"start":{"line":114,"column":4},"end":{"line":114,"column":73}},"44":{"start":{"line":115,"column":4},"end":{"line":115,"column":59}},"45":{"start":{"line":116,"column":4},"end":{"line":116,"column":59}},"46":{"start":{"line":120,"column":4},"end":{"line":122,"column":7}},"47":{"start":{"line":126,"column":4},"end":{"line":128,"column":7}},"48":{"start":{"line":132,"column":34},"end":{"line":132,"column":44}},"49":{"start":{"line":133,"column":18},"end":{"line":133,"column":70}},"50":{"start":{"line":134,"column":4},"end":{"line":137,"column":7}},"51":{"start":{"line":141,"column":4},"end":{"line":143,"column":7}},"52":{"start":{"line":147,"column":4},"end":{"line":149,"column":7}},"53":{"start":{"line":153,"column":20},"end":{"line":153,"column":24}},"54":{"start":{"line":154,"column":4},"end":{"line":177,"column":9}},"55":{"start":{"line":161,"column":21},"end":{"line":161,"column":58}},"56":{"start":{"line":162,"column":8},"end":{"line":165,"column":11}},"57":{"start":{"line":166,"column":8},"end":{"line":166,"column":40}},"58":{"start":{"line":169,"column":8},"end":{"line":171,"column":11}},"59":{"start":{"line":172,"column":8},"end":{"line":176,"column":16}},"60":{"start":{"line":173,"column":10},"end":{"line":175,"column":13}},"61":{"start":{"line":181,"column":20},"end":{"line":181,"column":24}},"62":{"start":{"line":182,"column":4},"end":{"line":184,"column":6}},"63":{"start":{"line":185,"column":4},"end":{"line":230,"column":9}},"64":{"start":{"line":190,"column":8},"end":{"line":218,"column":9}},"65":{"start":{"line":191,"column":24},"end":{"line":191,"column":42}},"66":{"start":{"line":192,"column":10},"end":{"line":197,"column":13}},"67":{"start":{"line":198,"column":10},"end":{"line":207,"column":15}},"68":{"start":{"line":200,"column":35},"end":{"line":200,"column":69}},"69":{"start":{"line":201,"column":14},"end":{"line":201,"column":50}},"70":{"start":{"line":202,"column":14},"end":{"line":206,"column":17}},"71":{"start":{"line":209,"column":10},"end":{"line":212,"column":13}},"72":{"start":{"line":213,"column":10},"end":{"line":217,"column":19}},"73":{"start":{"line":214,"column":12},"end":{"line":216,"column":15}},"74":{"start":{"line":221,"column":8},"end":{"line":223,"column":11}},"75":{"start":{"line":224,"column":8},"end":{"line":229,"column":16}},"76":{"start":{"line":225,"column":10},"end":{"line":228,"column":13}},"77":{"start":{"line":234,"column":4},"end":{"line":238,"column":5}},"78":{"start":{"line":235,"column":6},"end":{"line":235,"column":50}},"79":{"start":{"line":236,"column":32},"end":{"line":236,"column":60}},"80":{"start":{"line":237,"column":6},"end":{"line":237,"column":43}},"81":{"start":{"line":242,"column":18},"end":{"line":242,"column":64}},"82":{"start":{"line":243,"column":4},"end":{"line":247,"column":5}},"83":{"start":{"line":244,"column":6},"end":{"line":244,"column":52}},"84":{"start":{"line":245,"column":32},"end":{"line":245,"column":60}},"85":{"start":{"line":246,"column":6},"end":{"line":246,"column":43}},"86":{"start":{"line":251,"column":20},"end":{"line":251,"column":24}},"87":{"start":{"line":252,"column":4},"end":{"line":254,"column":6}},"88":{"start":{"line":255,"column":4},"end":{"line":348,"column":5}},"89":{"start":{"line":256,"column":31},"end":{"line":256,"column":56}},"90":{"start":{"line":257,"column":6},"end":{"line":319,"column":11}},"91":{"start":{"line":271,"column":31},"end":{"line":271,"column":65}},"92":{"start":{"line":272,"column":10},"end":{"line":293,"column":11}},"93":{"start":{"line":273,"column":12},"end":{"line":282,"column":15}},"94":{"start":{"line":284,"column":12},"end":{"line":292,"column":15}},"95":{"start":{"line":294,"column":10},"end":{"line":298,"column":19}},"96":{"start":{"line":295,"column":12},"end":{"line":297,"column":14}},"97":{"start":{"line":299,"column":10},"end":{"line":303,"column":19}},"98":{"start":{"line":300,"column":12},"end":{"line":302,"column":14}},"99":{"start":{"line":304,"column":10},"end":{"line":308,"column":19}},"100":{"start":{"line":305,"column":12},"end":{"line":307,"column":14}},"101":{"start":{"line":311,"column":10},"end":{"line":313,"column":13}},"102":{"start":{"line":314,"column":10},"end":{"line":318,"column":13}},"103":{"start":{"line":315,"column":12},"end":{"line":317,"column":15}},"104":{"start":{"line":322,"column":6},"end":{"line":334,"column":7}},"105":{"start":{"line":323,"column":8},"end":{"line":323,"column":65}},"106":{"start":{"line":324,"column":13},"end":{"line":334,"column":7}},"107":{"start":{"line":325,"column":8},"end":{"line":325,"column":64}},"108":{"start":{"line":326,"column":13},"end":{"line":334,"column":7}},"109":{"start":{"line":327,"column":8},"end":{"line":327,"column":61}},"110":{"start":{"line":328,"column":13},"end":{"line":334,"column":7}},"111":{"start":{"line":329,"column":8},"end":{"line":329,"column":53}},"112":{"start":{"line":330,"column":13},"end":{"line":334,"column":7}},"113":{"start":{"line":331,"column":8},"end":{"line":331,"column":57}},"114":{"start":{"line":333,"column":8},"end":{"line":333,"column":101}},"115":{"start":{"line":335,"column":6},"end":{"line":337,"column":9}},"116":{"start":{"line":338,"column":6},"end":{"line":342,"column":15}},"117":{"start":{"line":339,"column":8},"end":{"line":341,"column":11}},"118":{"start":{"line":343,"column":6},"end":{"line":347,"column":15}},"119":{"start":{"line":344,"column":8},"end":{"line":346,"column":11}},"120":{"start":{"line":352,"column":18},"end":{"line":352,"column":111}},"121":{"start":{"line":352,"column":69},"end":{"line":352,"column":109}},"122":{"start":{"line":353,"column":4},"end":{"line":356,"column":7}},"123":{"start":{"line":357,"column":4},"end":{"line":357,"column":32}},"124":{"start":{"line":358,"column":4},"end":{"line":358,"column":43}},"125":{"start":{"line":362,"column":4},"end":{"line":364,"column":7}},"126":{"start":{"line":368,"column":20},"end":{"line":368,"column":24}},"127":{"start":{"line":369,"column":4},"end":{"line":387,"column":8}},"128":{"start":{"line":371,"column":8},"end":{"line":376,"column":10}},"129":{"start":{"line":379,"column":8},"end":{"line":381,"column":11}},"130":{"start":{"line":382,"column":8},"end":{"line":386,"column":16}},"131":{"start":{"line":383,"column":10},"end":{"line":385,"column":13}},"132":{"start":{"line":391,"column":20},"end":{"line":391,"column":22}},"133":{"start":{"line":392,"column":21},"end":{"line":400,"column":5}},"134":{"start":{"line":393,"column":6},"end":{"line":399,"column":7}},"135":{"start":{"line":394,"column":8},"end":{"line":394,"column":26}},"136":{"start":{"line":395,"column":13},"end":{"line":399,"column":7}},"137":{"start":{"line":396,"column":8},"end":{"line":396,"column":30}},"138":{"start":{"line":397,"column":13},"end":{"line":399,"column":7}},"139":{"start":{"line":398,"column":8},"end":{"line":398,"column":30}},"140":{"start":{"line":401,"column":24},"end":{"line":415,"column":5}},"141":{"start":{"line":402,"column":6},"end":{"line":402,"column":64}},"142":{"start":{"line":403,"column":6},"end":{"line":403,"column":104}},"143":{"start":{"line":404,"column":6},"end":{"line":404,"column":62}},"144":{"start":{"line":405,"column":6},"end":{"line":405,"column":116}},"145":{"start":{"line":406,"column":6},"end":{"line":406,"column":156}},"146":{"start":{"line":407,"column":6},"end":{"line":407,"column":113}},"147":{"start":{"line":408,"column":6},"end":{"line":408,"column":64}},"148":{"start":{"line":409,"column":6},"end":{"line":409,"column":104}},"149":{"start":{"line":410,"column":6},"end":{"line":410,"column":62}},"150":{"start":{"line":411,"column":6},"end":{"line":411,"column":52}},"151":{"start":{"line":412,"column":6},"end":{"line":414,"column":7}},"152":{"start":{"line":413,"column":8},"end":{"line":413,"column":64}},"153":{"start":{"line":416,"column":4},"end":{"line":487,"column":7}},"154":{"start":{"line":417,"column":6},"end":{"line":484,"column":7}},"155":{"start":{"line":418,"column":8},"end":{"line":483,"column":9}},"156":{"start":{"line":485,"column":6},"end":{"line":485,"column":40}},"157":{"start":{"line":486,"column":6},"end":{"line":486,"column":48}},"158":{"start":{"line":488,"column":4},"end":{"line":501,"column":5}},"159":{"start":{"line":489,"column":6},"end":{"line":489,"column":136}},"160":{"start":{"line":490,"column":6},"end":{"line":490,"column":133}},"161":{"start":{"line":491,"column":6},"end":{"line":491,"column":139}},"162":{"start":{"line":492,"column":6},"end":{"line":492,"column":133}},"163":{"start":{"line":493,"column":6},"end":{"line":493,"column":136}},"164":{"start":{"line":494,"column":6},"end":{"line":494,"column":133}},"165":{"start":{"line":495,"column":6},"end":{"line":495,"column":139}},"166":{"start":{"line":496,"column":6},"end":{"line":496,"column":133}},"167":{"start":{"line":497,"column":6},"end":{"line":497,"column":134}},"168":{"start":{"line":498,"column":6},"end":{"line":498,"column":131}},"169":{"start":{"line":499,"column":6},"end":{"line":499,"column":137}},"170":{"start":{"line":500,"column":6},"end":{"line":500,"column":131}},"171":{"start":{"line":502,"column":4},"end":{"line":502,"column":19}},"172":{"start":{"line":506,"column":20},"end":{"line":506,"column":24}},"173":{"start":{"line":507,"column":17},"end":{"line":507,"column":22}},"174":{"start":{"line":508,"column":4},"end":{"line":537,"column":5}},"175":{"start":{"line":509,"column":22},"end":{"line":509,"column":24}},"176":{"start":{"line":510,"column":27},"end":{"line":510,"column":50}},"177":{"start":{"line":511,"column":24},"end":{"line":511,"column":60}},"178":{"start":{"line":512,"column":6},"end":{"line":514,"column":9}},"179":{"start":{"line":513,"column":8},"end":{"line":513,"column":87}},"180":{"start":{"line":515,"column":6},"end":{"line":521,"column":7}},"181":{"start":{"line":516,"column":8},"end":{"line":520,"column":9}},"182":{"start":{"line":517,"column":10},"end":{"line":519,"column":11}},"183":{"start":{"line":518,"column":12},"end":{"line":518,"column":40}},"184":{"start":{"line":522,"column":6},"end":{"line":526,"column":9}},"185":{"start":{"line":529,"column":6},"end":{"line":531,"column":9}},"186":{"start":{"line":532,"column":6},"end":{"line":536,"column":14}},"187":{"start":{"line":533,"column":8},"end":{"line":535,"column":11}},"188":{"start":{"line":541,"column":20},"end":{"line":541,"column":24}},"189":{"start":{"line":542,"column":4},"end":{"line":563,"column":5}},"190":{"start":{"line":543,"column":6},"end":{"line":545,"column":9}},"191":{"start":{"line":546,"column":6},"end":{"line":548,"column":16}},"192":{"start":{"line":546,"column":23},"end":{"line":548,"column":8}},"193":{"start":{"line":549,"column":11},"end":{"line":563,"column":5}},"194":{"start":{"line":550,"column":6},"end":{"line":552,"column":9}},"195":{"start":{"line":553,"column":6},"end":{"line":555,"column":16}},"196":{"start":{"line":553,"column":23},"end":{"line":555,"column":8}},"197":{"start":{"line":556,"column":11},"end":{"line":563,"column":5}},"198":{"start":{"line":557,"column":6},"end":{"line":559,"column":9}},"199":{"start":{"line":560,"column":6},"end":{"line":562,"column":16}},"200":{"start":{"line":560,"column":23},"end":{"line":562,"column":8}},"201":{"start":{"line":567,"column":4},"end":{"line":567,"column":57}},"202":{"start":{"line":568,"column":20},"end":{"line":568,"column":24}},"203":{"start":{"line":569,"column":17},"end":{"line":569,"column":22}},"204":{"start":{"line":570,"column":4},"end":{"line":599,"column":5}},"205":{"start":{"line":571,"column":22},"end":{"line":571,"column":24}},"206":{"start":{"line":572,"column":27},"end":{"line":572,"column":50}},"207":{"start":{"line":573,"column":29},"end":{"line":573,"column":65}},"208":{"start":{"line":574,"column":6},"end":{"line":576,"column":9}},"209":{"start":{"line":575,"column":8},"end":{"line":575,"column":83}},"210":{"start":{"line":577,"column":6},"end":{"line":583,"column":7}},"211":{"start":{"line":578,"column":8},"end":{"line":582,"column":9}},"212":{"start":{"line":579,"column":10},"end":{"line":581,"column":11}},"213":{"start":{"line":580,"column":12},"end":{"line":580,"column":40}},"214":{"start":{"line":584,"column":6},"end":{"line":584,"column":39}},"215":{"start":{"line":585,"column":6},"end":{"line":589,"column":9}},"216":{"start":{"line":591,"column":6},"end":{"line":593,"column":9}},"217":{"start":{"line":594,"column":6},"end":{"line":598,"column":14}},"218":{"start":{"line":595,"column":8},"end":{"line":597,"column":11}},"219":{"start":{"line":603,"column":20},"end":{"line":603,"column":24}},"220":{"start":{"line":604,"column":17},"end":{"line":604,"column":22}},"221":{"start":{"line":605,"column":4},"end":{"line":633,"column":5}},"222":{"start":{"line":606,"column":22},"end":{"line":606,"column":24}},"223":{"start":{"line":607,"column":27},"end":{"line":607,"column":50}},"224":{"start":{"line":608,"column":25},"end":{"line":608,"column":61}},"225":{"start":{"line":609,"column":6},"end":{"line":611,"column":9}},"226":{"start":{"line":610,"column":8},"end":{"line":610,"column":87}},"227":{"start":{"line":612,"column":6},"end":{"line":618,"column":7}},"228":{"start":{"line":613,"column":8},"end":{"line":617,"column":9}},"229":{"start":{"line":614,"column":10},"end":{"line":616,"column":11}},"230":{"start":{"line":615,"column":12},"end":{"line":615,"column":40}},"231":{"start":{"line":619,"column":6},"end":{"line":623,"column":9}},"232":{"start":{"line":625,"column":6},"end":{"line":627,"column":9}},"233":{"start":{"line":628,"column":6},"end":{"line":632,"column":14}},"234":{"start":{"line":629,"column":8},"end":{"line":631,"column":11}},"235":{"start":{"line":637,"column":20},"end":{"line":637,"column":24}},"236":{"start":{"line":638,"column":17},"end":{"line":638,"column":22}},"237":{"start":{"line":639,"column":4},"end":{"line":668,"column":5}},"238":{"start":{"line":640,"column":22},"end":{"line":640,"column":24}},"239":{"start":{"line":641,"column":27},"end":{"line":641,"column":50}},"240":{"start":{"line":642,"column":24},"end":{"line":642,"column":60}},"241":{"start":{"line":643,"column":6},"end":{"line":645,"column":9}},"242":{"start":{"line":644,"column":8},"end":{"line":644,"column":87}},"243":{"start":{"line":646,"column":6},"end":{"line":652,"column":7}},"244":{"start":{"line":647,"column":8},"end":{"line":651,"column":9}},"245":{"start":{"line":648,"column":10},"end":{"line":650,"column":11}},"246":{"start":{"line":649,"column":12},"end":{"line":649,"column":40}},"247":{"start":{"line":653,"column":6},"end":{"line":657,"column":9}},"248":{"start":{"line":660,"column":6},"end":{"line":662,"column":9}},"249":{"start":{"line":663,"column":6},"end":{"line":667,"column":14}},"250":{"start":{"line":664,"column":8},"end":{"line":666,"column":11}},"251":{"start":{"line":672,"column":17},"end":{"line":672,"column":22}},"252":{"start":{"line":673,"column":20},"end":{"line":673,"column":24}},"253":{"start":{"line":674,"column":4},"end":{"line":703,"column":5}},"254":{"start":{"line":675,"column":22},"end":{"line":675,"column":24}},"255":{"start":{"line":676,"column":27},"end":{"line":676,"column":50}},"256":{"start":{"line":677,"column":27},"end":{"line":677,"column":63}},"257":{"start":{"line":678,"column":6},"end":{"line":680,"column":9}},"258":{"start":{"line":679,"column":8},"end":{"line":679,"column":83}},"259":{"start":{"line":681,"column":6},"end":{"line":687,"column":7}},"260":{"start":{"line":682,"column":8},"end":{"line":686,"column":9}},"261":{"start":{"line":683,"column":10},"end":{"line":685,"column":11}},"262":{"start":{"line":684,"column":12},"end":{"line":684,"column":40}},"263":{"start":{"line":688,"column":6},"end":{"line":692,"column":9}},"264":{"start":{"line":695,"column":6},"end":{"line":697,"column":9}},"265":{"start":{"line":698,"column":6},"end":{"line":702,"column":15}},"266":{"start":{"line":699,"column":8},"end":{"line":701,"column":11}},"267":{"start":{"line":707,"column":4},"end":{"line":711,"column":7}},"268":{"start":{"line":715,"column":4},"end":{"line":719,"column":7}},"269":{"start":{"line":723,"column":4},"end":{"line":725,"column":7}},"270":{"start":{"line":729,"column":4},"end":{"line":733,"column":5}},"271":{"start":{"line":730,"column":6},"end":{"line":732,"column":7}},"272":{"start":{"line":731,"column":8},"end":{"line":731,"column":36}},"273":{"start":{"line":734,"column":4},"end":{"line":742,"column":5}},"274":{"start":{"line":735,"column":6},"end":{"line":741,"column":7}},"275":{"start":{"line":736,"column":8},"end":{"line":740,"column":11}},"276":{"start":{"line":743,"column":4},"end":{"line":743,"column":37}},"277":{"start":{"line":747,"column":20},"end":{"line":747,"column":24}},"278":{"start":{"line":748,"column":4},"end":{"line":761,"column":8}},"279":{"start":{"line":750,"column":8},"end":{"line":750,"column":44}},"280":{"start":{"line":753,"column":8},"end":{"line":755,"column":11}},"281":{"start":{"line":756,"column":8},"end":{"line":760,"column":16}},"282":{"start":{"line":757,"column":10},"end":{"line":759,"column":13}},"283":{"start":{"line":765,"column":20},"end":{"line":765,"column":24}},"284":{"start":{"line":766,"column":4},"end":{"line":782,"column":8}},"285":{"start":{"line":771,"column":8},"end":{"line":771,"column":45}},"286":{"start":{"line":774,"column":8},"end":{"line":776,"column":11}},"287":{"start":{"line":777,"column":8},"end":{"line":781,"column":16}},"288":{"start":{"line":778,"column":10},"end":{"line":780,"column":13}},"289":{"start":{"line":786,"column":20},"end":{"line":786,"column":24}},"290":{"start":{"line":787,"column":4},"end":{"line":802,"column":9}},"291":{"start":{"line":789,"column":8},"end":{"line":791,"column":10}},"292":{"start":{"line":794,"column":8},"end":{"line":796,"column":11}},"293":{"start":{"line":797,"column":8},"end":{"line":801,"column":16}},"294":{"start":{"line":798,"column":10},"end":{"line":800,"column":13}},"295":{"start":{"line":806,"column":4},"end":{"line":811,"column":7}},"296":{"start":{"line":815,"column":21},"end":{"line":815,"column":73}},"297":{"start":{"line":816,"column":21},"end":{"line":816,"column":57}},"298":{"start":{"line":817,"column":17},"end":{"line":817,"column":42}},"299":{"start":{"line":818,"column":18},"end":{"line":818,"column":31}},"300":{"start":{"line":819,"column":26},"end":{"line":822,"column":5}},"301":{"start":{"line":820,"column":26},"end":{"line":820,"column":34}},"302":{"start":{"line":821,"column":6},"end":{"line":821,"column":56}},"303":{"start":{"line":823,"column":17},"end":{"line":823,"column":48}},"304":{"start":{"line":824,"column":18},"end":{"line":824,"column":49}},"305":{"start":{"line":825,"column":4},"end":{"line":833,"column":7}},"306":{"start":{"line":837,"column":21},"end":{"line":837,"column":57}},"307":{"start":{"line":838,"column":17},"end":{"line":838,"column":42}},"308":{"start":{"line":839,"column":18},"end":{"line":839,"column":31}},"309":{"start":{"line":840,"column":17},"end":{"line":840,"column":48}},"310":{"start":{"line":841,"column":18},"end":{"line":841,"column":49}},"311":{"start":{"line":842,"column":4},"end":{"line":848,"column":7}},"312":{"start":{"line":853,"column":4},"end":{"line":871,"column":5}},"313":{"start":{"line":854,"column":6},"end":{"line":870,"column":7}},"314":{"start":{"line":855,"column":25},"end":{"line":855,"column":77}},"315":{"start":{"line":856,"column":22},"end":{"line":856,"column":87}},"316":{"start":{"line":857,"column":22},"end":{"line":857,"column":87}},"317":{"start":{"line":858,"column":30},"end":{"line":861,"column":9}},"318":{"start":{"line":859,"column":30},"end":{"line":859,"column":38}},"319":{"start":{"line":860,"column":10},"end":{"line":860,"column":92}},"320":{"start":{"line":862,"column":31},"end":{"line":862,"column":66}},"321":{"start":{"line":863,"column":8},"end":{"line":869,"column":11}},"322":{"start":{"line":875,"column":4},"end":{"line":885,"column":9}},"323":{"start":{"line":877,"column":10},"end":{"line":882,"column":11}},"324":{"start":{"line":878,"column":12},"end":{"line":881,"column":13}},"325":{"start":{"line":879,"column":14},"end":{"line":879,"column":48}},"326":{"start":{"line":880,"column":14},"end":{"line":880,"column":45}},"327":{"start":{"line":889,"column":4},"end":{"line":891,"column":6}},"328":{"start":{"line":895,"column":4},"end":{"line":908,"column":5}},"329":{"start":{"line":896,"column":6},"end":{"line":907,"column":7}},"330":{"start":{"line":897,"column":19},"end":{"line":897,"column":42}},"331":{"start":{"line":898,"column":8},"end":{"line":898,"column":58}},"332":{"start":{"line":899,"column":8},"end":{"line":899,"column":58}},"333":{"start":{"line":900,"column":8},"end":{"line":900,"column":34}},"334":{"start":{"line":901,"column":8},"end":{"line":901,"column":42}},"335":{"start":{"line":902,"column":8},"end":{"line":902,"column":36}},"336":{"start":{"line":903,"column":8},"end":{"line":903,"column":36}},"337":{"start":{"line":904,"column":8},"end":{"line":904,"column":34}},"338":{"start":{"line":905,"column":8},"end":{"line":905,"column":42}},"339":{"start":{"line":906,"column":8},"end":{"line":906,"column":46}},"340":{"start":{"line":909,"column":4},"end":{"line":909,"column":35}},"341":{"start":{"line":913,"column":4},"end":{"line":915,"column":7}},"342":{"start":{"line":916,"column":24},"end":{"line":921,"column":5}},"343":{"start":{"line":922,"column":21},"end":{"line":930,"column":5}},"344":{"start":{"line":923,"column":6},"end":{"line":929,"column":7}},"345":{"start":{"line":924,"column":8},"end":{"line":924,"column":26}},"346":{"start":{"line":925,"column":13},"end":{"line":929,"column":7}},"347":{"start":{"line":926,"column":8},"end":{"line":926,"column":30}},"348":{"start":{"line":927,"column":13},"end":{"line":929,"column":7}},"349":{"start":{"line":928,"column":8},"end":{"line":928,"column":30}},"350":{"start":{"line":931,"column":4},"end":{"line":936,"column":5}},"351":{"start":{"line":932,"column":6},"end":{"line":932,"column":33}},"352":{"start":{"line":933,"column":6},"end":{"line":933,"column":49}},"353":{"start":{"line":934,"column":6},"end":{"line":934,"column":53}},"354":{"start":{"line":935,"column":6},"end":{"line":935,"column":47}},"355":{"start":{"line":937,"column":4},"end":{"line":940,"column":6}},"356":{"start":{"line":944,"column":4},"end":{"line":944,"column":71}},"357":{"start":{"line":944,"column":32},"end":{"line":944,"column":69}},"358":{"start":{"line":948,"column":4},"end":{"line":948,"column":87}},"359":{"start":{"line":948,"column":33},"end":{"line":948,"column":84}},"360":{"start":{"line":952,"column":4},"end":{"line":952,"column":84}},"361":{"start":{"line":952,"column":33},"end":{"line":952,"column":81}},"362":{"start":{"line":956,"column":4},"end":{"line":956,"column":80}},"363":{"start":{"line":956,"column":33},"end":{"line":956,"column":77}},"364":{"start":{"line":960,"column":4},"end":{"line":960,"column":66}},"365":{"start":{"line":960,"column":33},"end":{"line":960,"column":63}},"366":{"start":{"line":964,"column":4},"end":{"line":964,"column":184}},"367":{"start":{"line":964,"column":33},"end":{"line":964,"column":181}},"368":{"start":{"line":968,"column":4},"end":{"line":968,"column":71}},"369":{"start":{"line":968,"column":32},"end":{"line":968,"column":69}},"370":{"start":{"line":972,"column":16},"end":{"line":972,"column":44}},"371":{"start":{"line":973,"column":4},"end":{"line":1002,"column":5}},"372":{"start":{"line":974,"column":6},"end":{"line":976,"column":8}},"373":{"start":{"line":978,"column":6},"end":{"line":980,"column":7}},"374":{"start":{"line":979,"column":8},"end":{"line":979,"column":67}},"375":{"start":{"line":981,"column":6},"end":{"line":983,"column":7}},"376":{"start":{"line":982,"column":8},"end":{"line":982,"column":62}},"377":{"start":{"line":984,"column":6},"end":{"line":986,"column":7}},"378":{"start":{"line":985,"column":8},"end":{"line":985,"column":71}},"379":{"start":{"line":987,"column":6},"end":{"line":989,"column":7}},"380":{"start":{"line":988,"column":8},"end":{"line":988,"column":68}},"381":{"start":{"line":990,"column":6},"end":{"line":992,"column":7}},"382":{"start":{"line":991,"column":8},"end":{"line":991,"column":65}},"383":{"start":{"line":993,"column":6},"end":{"line":995,"column":7}},"384":{"start":{"line":994,"column":8},"end":{"line":994,"column":65}},"385":{"start":{"line":996,"column":6},"end":{"line":998,"column":7}},"386":{"start":{"line":997,"column":8},"end":{"line":997,"column":91}},"387":{"start":{"line":999,"column":6},"end":{"line":1001,"column":8}},"388":{"start":{"line":1003,"column":4},"end":{"line":1003,"column":33}},"389":{"start":{"line":1004,"column":4},"end":{"line":1004,"column":32}},"390":{"start":{"line":1008,"column":31},"end":{"line":1008,"column":33}},"391":{"start":{"line":1009,"column":4},"end":{"line":1015,"column":5}},"392":{"start":{"line":1010,"column":6},"end":{"line":1014,"column":7}},"393":{"start":{"line":1011,"column":8},"end":{"line":1011,"column":48}},"394":{"start":{"line":1013,"column":8},"end":{"line":1013,"column":50}},"395":{"start":{"line":1016,"column":25},"end":{"line":1021,"column":6}},"396":{"start":{"line":1017,"column":27},"end":{"line":1017,"column":29}},"397":{"start":{"line":1018,"column":6},"end":{"line":1018,"column":41}},"398":{"start":{"line":1019,"column":6},"end":{"line":1019,"column":63}},"399":{"start":{"line":1020,"column":6},"end":{"line":1020,"column":28}},"400":{"start":{"line":1022,"column":4},"end":{"line":1024,"column":6}},"401":{"start":{"line":1028,"column":4},"end":{"line":1044,"column":5}},"402":{"start":{"line":1029,"column":4},"end":{"line":1044,"column":5}},"403":{"start":{"line":1030,"column":23},"end":{"line":1030,"column":75}},"404":{"start":{"line":1031,"column":19},"end":{"line":1031,"column":80}},"405":{"start":{"line":1032,"column":19},"end":{"line":1032,"column":80}},"406":{"start":{"line":1033,"column":28},"end":{"line":1036,"column":7}},"407":{"start":{"line":1034,"column":28},"end":{"line":1034,"column":36}},"408":{"start":{"line":1035,"column":8},"end":{"line":1035,"column":58}},"409":{"start":{"line":1037,"column":6},"end":{"line":1043,"column":9}},"410":{"start":{"line":1048,"column":4},"end":{"line":1166,"column":6}},"411":{"start":{"line":1050,"column":44},"end":{"line":1050,"column":73}},"412":{"start":{"line":1051,"column":45},"end":{"line":1060,"column":10}},"413":{"start":{"line":1061,"column":45},"end":{"line":1083,"column":10}},"414":{"start":{"line":1084,"column":51},"end":{"line":1092,"column":10}},"415":{"start":{"line":1093,"column":61},"end":{"line":1107,"column":10}},"416":{"start":{"line":1108,"column":60},"end":{"line":1114,"column":10}},"417":{"start":{"line":1115,"column":49},"end":{"line":1121,"column":10}},"418":{"start":{"line":1122,"column":61},"end":{"line":1124,"column":10}},"419":{"start":{"line":1125,"column":53},"end":{"line":1127,"column":10}},"420":{"start":{"line":1128,"column":61},"end":{"line":1131,"column":10}},"421":{"start":{"line":1132,"column":46},"end":{"line":1152,"column":10}}},"fnMap":{"0":{"name":"(anonymous_0)","decl":{"start":{"line":18,"column":2},"end":{"line":18,"column":3}},"loc":{"start":{"line":18,"column":21},"end":{"line":117,"column":3}},"line":18},"1":{"name":"(anonymous_1)","decl":{"start":{"line":119,"column":2},"end":{"line":119,"column":3}},"loc":{"start":{"line":119,"column":24},"end":{"line":123,"column":3}},"line":119},"2":{"name":"(anonymous_2)","decl":{"start":{"line":125,"column":2},"end":{"line":125,"column":3}},"loc":{"start":{"line":125,"column":22},"end":{"line":129,"column":3}},"line":125},"3":{"name":"(anonymous_3)","decl":{"start":{"line":131,"column":2},"end":{"line":131,"column":3}},"loc":{"start":{"line":131,"column":22},"end":{"line":138,"column":3}},"line":131},"4":{"name":"(anonymous_4)","decl":{"start":{"line":140,"column":2},"end":{"line":140,"column":3}},"loc":{"start":{"line":140,"column":24},"end":{"line":144,"column":3}},"line":140},"5":{"name":"(anonymous_5)","decl":{"start":{"line":146,"column":2},"end":{"line":146,"column":3}},"loc":{"start":{"line":146,"column":25},"end":{"line":150,"column":3}},"line":146},"6":{"name":"(anonymous_6)","decl":{"start":{"line":152,"column":2},"end":{"line":152,"column":3}},"loc":{"start":{"line":152,"column":56},"end":{"line":178,"column":3}},"line":152},"7":{"name":"(anonymous_7)","decl":{"start":{"line":160,"column":12},"end":{"line":160,"column":13}},"loc":{"start":{"line":160,"column":22},"end":{"line":167,"column":7}},"line":160},"8":{"name":"(anonymous_8)","decl":{"start":{"line":168,"column":13},"end":{"line":168,"column":14}},"loc":{"start":{"line":168,"column":22},"end":{"line":177,"column":7}},"line":168},"9":{"name":"(anonymous_9)","decl":{"start":{"line":172,"column":19},"end":{"line":172,"column":20}},"loc":{"start":{"line":172,"column":25},"end":{"line":176,"column":9}},"line":172},"10":{"name":"(anonymous_10)","decl":{"start":{"line":180,"column":2},"end":{"line":180,"column":3}},"loc":{"start":{"line":180,"column":42},"end":{"line":231,"column":3}},"line":180},"11":{"name":"(anonymous_11)","decl":{"start":{"line":189,"column":12},"end":{"line":189,"column":13}},"loc":{"start":{"line":189,"column":22},"end":{"line":219,"column":7}},"line":189},"12":{"name":"(anonymous_12)","decl":{"start":{"line":199,"column":18},"end":{"line":199,"column":19}},"loc":{"start":{"line":199,"column":28},"end":{"line":207,"column":13}},"line":199},"13":{"name":"(anonymous_13)","decl":{"start":{"line":213,"column":21},"end":{"line":213,"column":22}},"loc":{"start":{"line":213,"column":27},"end":{"line":217,"column":11}},"line":213},"14":{"name":"(anonymous_14)","decl":{"start":{"line":220,"column":13},"end":{"line":220,"column":14}},"loc":{"start":{"line":220,"column":22},"end":{"line":230,"column":7}},"line":220},"15":{"name":"(anonymous_15)","decl":{"start":{"line":224,"column":19},"end":{"line":224,"column":20}},"loc":{"start":{"line":224,"column":25},"end":{"line":229,"column":9}},"line":224},"16":{"name":"(anonymous_16)","decl":{"start":{"line":233,"column":2},"end":{"line":233,"column":3}},"loc":{"start":{"line":233,"column":21},"end":{"line":239,"column":3}},"line":233},"17":{"name":"(anonymous_17)","decl":{"start":{"line":241,"column":2},"end":{"line":241,"column":3}},"loc":{"start":{"line":241,"column":22},"end":{"line":248,"column":3}},"line":241},"18":{"name":"(anonymous_18)","decl":{"start":{"line":250,"column":2},"end":{"line":250,"column":3}},"loc":{"start":{"line":250,"column":61},"end":{"line":349,"column":3}},"line":250},"19":{"name":"(anonymous_19)","decl":{"start":{"line":270,"column":14},"end":{"line":270,"column":15}},"loc":{"start":{"line":270,"column":24},"end":{"line":309,"column":9}},"line":270},"20":{"name":"(anonymous_20)","decl":{"start":{"line":294,"column":21},"end":{"line":294,"column":22}},"loc":{"start":{"line":294,"column":27},"end":{"line":298,"column":11}},"line":294},"21":{"name":"(anonymous_21)","decl":{"start":{"line":299,"column":21},"end":{"line":299,"column":22}},"loc":{"start":{"line":299,"column":27},"end":{"line":303,"column":11}},"line":299},"22":{"name":"(anonymous_22)","decl":{"start":{"line":304,"column":21},"end":{"line":304,"column":22}},"loc":{"start":{"line":304,"column":27},"end":{"line":308,"column":11}},"line":304},"23":{"name":"(anonymous_23)","decl":{"start":{"line":310,"column":15},"end":{"line":310,"column":16}},"loc":{"start":{"line":310,"column":24},"end":{"line":319,"column":9}},"line":310},"24":{"name":"(anonymous_24)","decl":{"start":{"line":314,"column":21},"end":{"line":314,"column":22}},"loc":{"start":{"line":314,"column":27},"end":{"line":318,"column":11}},"line":314},"25":{"name":"(anonymous_25)","decl":{"start":{"line":338,"column":17},"end":{"line":338,"column":18}},"loc":{"start":{"line":338,"column":23},"end":{"line":342,"column":7}},"line":338},"26":{"name":"(anonymous_26)","decl":{"start":{"line":343,"column":17},"end":{"line":343,"column":18}},"loc":{"start":{"line":343,"column":23},"end":{"line":347,"column":7}},"line":343},"27":{"name":"(anonymous_27)","decl":{"start":{"line":351,"column":2},"end":{"line":351,"column":3}},"loc":{"start":{"line":351,"column":28},"end":{"line":359,"column":3}},"line":351},"28":{"name":"(anonymous_28)","decl":{"start":{"line":352,"column":57},"end":{"line":352,"column":58}},"loc":{"start":{"line":352,"column":69},"end":{"line":352,"column":109}},"line":352},"29":{"name":"(anonymous_29)","decl":{"start":{"line":361,"column":2},"end":{"line":361,"column":3}},"loc":{"start":{"line":361,"column":30},"end":{"line":365,"column":3}},"line":361},"30":{"name":"(anonymous_30)","decl":{"start":{"line":367,"column":2},"end":{"line":367,"column":3}},"loc":{"start":{"line":367,"column":17},"end":{"line":388,"column":3}},"line":367},"31":{"name":"(anonymous_31)","decl":{"start":{"line":370,"column":12},"end":{"line":370,"column":13}},"loc":{"start":{"line":370,"column":22},"end":{"line":377,"column":7}},"line":370},"32":{"name":"(anonymous_32)","decl":{"start":{"line":378,"column":13},"end":{"line":378,"column":14}},"loc":{"start":{"line":378,"column":22},"end":{"line":387,"column":7}},"line":378},"33":{"name":"(anonymous_33)","decl":{"start":{"line":382,"column":19},"end":{"line":382,"column":20}},"loc":{"start":{"line":382,"column":25},"end":{"line":386,"column":9}},"line":382},"34":{"name":"(anonymous_34)","decl":{"start":{"line":390,"column":2},"end":{"line":390,"column":3}},"loc":{"start":{"line":390,"column":25},"end":{"line":503,"column":3}},"line":390},"35":{"name":"(anonymous_35)","decl":{"start":{"line":392,"column":21},"end":{"line":392,"column":22}},"loc":{"start":{"line":392,"column":31},"end":{"line":400,"column":5}},"line":392},"36":{"name":"(anonymous_36)","decl":{"start":{"line":401,"column":24},"end":{"line":401,"column":25}},"loc":{"start":{"line":401,"column":53},"end":{"line":415,"column":5}},"line":401},"37":{"name":"(anonymous_37)","decl":{"start":{"line":416,"column":18},"end":{"line":416,"column":19}},"loc":{"start":{"line":416,"column":42},"end":{"line":487,"column":5}},"line":416},"38":{"name":"(anonymous_38)","decl":{"start":{"line":505,"column":2},"end":{"line":505,"column":3}},"loc":{"start":{"line":505,"column":19},"end":{"line":538,"column":3}},"line":505},"39":{"name":"(anonymous_39)","decl":{"start":{"line":512,"column":21},"end":{"line":512,"column":22}},"loc":{"start":{"line":512,"column":31},"end":{"line":514,"column":7}},"line":512},"40":{"name":"(anonymous_40)","decl":{"start":{"line":532,"column":17},"end":{"line":532,"column":18}},"loc":{"start":{"line":532,"column":23},"end":{"line":536,"column":7}},"line":532},"41":{"name":"(anonymous_41)","decl":{"start":{"line":540,"column":2},"end":{"line":540,"column":3}},"loc":{"start":{"line":540,"column":59},"end":{"line":564,"column":3}},"line":540},"42":{"name":"(anonymous_42)","decl":{"start":{"line":546,"column":17},"end":{"line":546,"column":18}},"loc":{"start":{"line":546,"column":23},"end":{"line":548,"column":8}},"line":546},"43":{"name":"(anonymous_43)","decl":{"start":{"line":553,"column":17},"end":{"line":553,"column":18}},"loc":{"start":{"line":553,"column":23},"end":{"line":555,"column":8}},"line":553},"44":{"name":"(anonymous_44)","decl":{"start":{"line":560,"column":17},"end":{"line":560,"column":18}},"loc":{"start":{"line":560,"column":23},"end":{"line":562,"column":8}},"line":560},"45":{"name":"(anonymous_45)","decl":{"start":{"line":566,"column":2},"end":{"line":566,"column":3}},"loc":{"start":{"line":566,"column":24},"end":{"line":600,"column":3}},"line":566},"46":{"name":"(anonymous_46)","decl":{"start":{"line":574,"column":26},"end":{"line":574,"column":27}},"loc":{"start":{"line":574,"column":36},"end":{"line":576,"column":7}},"line":574},"47":{"name":"(anonymous_47)","decl":{"start":{"line":594,"column":17},"end":{"line":594,"column":18}},"loc":{"start":{"line":594,"column":23},"end":{"line":598,"column":7}},"line":594},"48":{"name":"(anonymous_48)","decl":{"start":{"line":602,"column":2},"end":{"line":602,"column":3}},"loc":{"start":{"line":602,"column":20},"end":{"line":634,"column":3}},"line":602},"49":{"name":"(anonymous_49)","decl":{"start":{"line":609,"column":22},"end":{"line":609,"column":23}},"loc":{"start":{"line":609,"column":32},"end":{"line":611,"column":7}},"line":609},"50":{"name":"(anonymous_50)","decl":{"start":{"line":628,"column":17},"end":{"line":628,"column":18}},"loc":{"start":{"line":628,"column":23},"end":{"line":632,"column":7}},"line":628},"51":{"name":"(anonymous_51)","decl":{"start":{"line":636,"column":2},"end":{"line":636,"column":3}},"loc":{"start":{"line":636,"column":20},"end":{"line":669,"column":3}},"line":636},"52":{"name":"(anonymous_52)","decl":{"start":{"line":643,"column":21},"end":{"line":643,"column":22}},"loc":{"start":{"line":643,"column":31},"end":{"line":645,"column":7}},"line":643},"53":{"name":"(anonymous_53)","decl":{"start":{"line":663,"column":17},"end":{"line":663,"column":18}},"loc":{"start":{"line":663,"column":23},"end":{"line":667,"column":7}},"line":663},"54":{"name":"(anonymous_54)","decl":{"start":{"line":671,"column":2},"end":{"line":671,"column":3}},"loc":{"start":{"line":671,"column":22},"end":{"line":704,"column":3}},"line":671},"55":{"name":"(anonymous_55)","decl":{"start":{"line":678,"column":24},"end":{"line":678,"column":25}},"loc":{"start":{"line":678,"column":34},"end":{"line":680,"column":7}},"line":678},"56":{"name":"(anonymous_56)","decl":{"start":{"line":698,"column":17},"end":{"line":698,"column":18}},"loc":{"start":{"line":698,"column":23},"end":{"line":702,"column":7}},"line":698},"57":{"name":"(anonymous_57)","decl":{"start":{"line":706,"column":2},"end":{"line":706,"column":3}},"loc":{"start":{"line":706,"column":16},"end":{"line":712,"column":3}},"line":706},"58":{"name":"(anonymous_58)","decl":{"start":{"line":714,"column":2},"end":{"line":714,"column":3}},"loc":{"start":{"line":714,"column":17},"end":{"line":720,"column":3}},"line":714},"59":{"name":"(anonymous_59)","decl":{"start":{"line":722,"column":2},"end":{"line":722,"column":3}},"loc":{"start":{"line":722,"column":23},"end":{"line":726,"column":3}},"line":722},"60":{"name":"(anonymous_60)","decl":{"start":{"line":728,"column":2},"end":{"line":728,"column":3}},"loc":{"start":{"line":728,"column":26},"end":{"line":744,"column":3}},"line":728},"61":{"name":"(anonymous_61)","decl":{"start":{"line":746,"column":2},"end":{"line":746,"column":3}},"loc":{"start":{"line":746,"column":31},"end":{"line":762,"column":3}},"line":746},"62":{"name":"(anonymous_62)","decl":{"start":{"line":749,"column":12},"end":{"line":749,"column":13}},"loc":{"start":{"line":749,"column":22},"end":{"line":751,"column":7}},"line":749},"63":{"name":"(anonymous_63)","decl":{"start":{"line":752,"column":13},"end":{"line":752,"column":14}},"loc":{"start":{"line":752,"column":20},"end":{"line":761,"column":7}},"line":752},"64":{"name":"(anonymous_64)","decl":{"start":{"line":756,"column":19},"end":{"line":756,"column":20}},"loc":{"start":{"line":756,"column":25},"end":{"line":760,"column":9}},"line":756},"65":{"name":"(anonymous_65)","decl":{"start":{"line":764,"column":2},"end":{"line":764,"column":3}},"loc":{"start":{"line":764,"column":32},"end":{"line":783,"column":3}},"line":764},"66":{"name":"(anonymous_66)","decl":{"start":{"line":770,"column":12},"end":{"line":770,"column":13}},"loc":{"start":{"line":770,"column":22},"end":{"line":772,"column":7}},"line":770},"67":{"name":"(anonymous_67)","decl":{"start":{"line":773,"column":13},"end":{"line":773,"column":14}},"loc":{"start":{"line":773,"column":22},"end":{"line":782,"column":7}},"line":773},"68":{"name":"(anonymous_68)","decl":{"start":{"line":777,"column":19},"end":{"line":777,"column":20}},"loc":{"start":{"line":777,"column":25},"end":{"line":781,"column":9}},"line":777},"69":{"name":"(anonymous_69)","decl":{"start":{"line":785,"column":2},"end":{"line":785,"column":3}},"loc":{"start":{"line":785,"column":26},"end":{"line":803,"column":3}},"line":785},"70":{"name":"(anonymous_70)","decl":{"start":{"line":788,"column":12},"end":{"line":788,"column":13}},"loc":{"start":{"line":788,"column":22},"end":{"line":792,"column":7}},"line":788},"71":{"name":"(anonymous_71)","decl":{"start":{"line":793,"column":13},"end":{"line":793,"column":14}},"loc":{"start":{"line":793,"column":22},"end":{"line":802,"column":7}},"line":793},"72":{"name":"(anonymous_72)","decl":{"start":{"line":797,"column":19},"end":{"line":797,"column":20}},"loc":{"start":{"line":797,"column":25},"end":{"line":801,"column":9}},"line":797},"73":{"name":"(anonymous_73)","decl":{"start":{"line":805,"column":2},"end":{"line":805,"column":3}},"loc":{"start":{"line":805,"column":16},"end":{"line":812,"column":3}},"line":805},"74":{"name":"(anonymous_74)","decl":{"start":{"line":814,"column":2},"end":{"line":814,"column":3}},"loc":{"start":{"line":814,"column":33},"end":{"line":834,"column":3}},"line":814},"75":{"name":"(anonymous_75)","decl":{"start":{"line":819,"column":26},"end":{"line":819,"column":27}},"loc":{"start":{"line":819,"column":52},"end":{"line":822,"column":5}},"line":819},"76":{"name":"(anonymous_76)","decl":{"start":{"line":836,"column":2},"end":{"line":836,"column":3}},"loc":{"start":{"line":836,"column":38},"end":{"line":850,"column":3}},"line":836},"77":{"name":"(anonymous_77)","decl":{"start":{"line":852,"column":2},"end":{"line":852,"column":3}},"loc":{"start":{"line":852,"column":29},"end":{"line":872,"column":3}},"line":852},"78":{"name":"(anonymous_78)","decl":{"start":{"line":858,"column":30},"end":{"line":858,"column":31}},"loc":{"start":{"line":858,"column":56},"end":{"line":861,"column":9}},"line":858},"79":{"name":"(anonymous_79)","decl":{"start":{"line":874,"column":2},"end":{"line":874,"column":3}},"loc":{"start":{"line":874,"column":32},"end":{"line":886,"column":3}},"line":874},"80":{"name":"(anonymous_80)","decl":{"start":{"line":876,"column":12},"end":{"line":876,"column":13}},"loc":{"start":{"line":876,"column":22},"end":{"line":883,"column":7}},"line":876},"81":{"name":"(anonymous_81)","decl":{"start":{"line":884,"column":13},"end":{"line":884,"column":14}},"loc":{"start":{"line":884,"column":19},"end":{"line":885,"column":7}},"line":884},"82":{"name":"(anonymous_82)","decl":{"start":{"line":888,"column":2},"end":{"line":888,"column":3}},"loc":{"start":{"line":888,"column":28},"end":{"line":892,"column":3}},"line":888},"83":{"name":"(anonymous_83)","decl":{"start":{"line":894,"column":2},"end":{"line":894,"column":3}},"loc":{"start":{"line":894,"column":32},"end":{"line":910,"column":3}},"line":894},"84":{"name":"(anonymous_84)","decl":{"start":{"line":912,"column":2},"end":{"line":912,"column":3}},"loc":{"start":{"line":912,"column":26},"end":{"line":941,"column":3}},"line":912},"85":{"name":"(anonymous_85)","decl":{"start":{"line":922,"column":21},"end":{"line":922,"column":22}},"loc":{"start":{"line":922,"column":31},"end":{"line":930,"column":5}},"line":922},"86":{"name":"(anonymous_86)","decl":{"start":{"line":943,"column":2},"end":{"line":943,"column":3}},"loc":{"start":{"line":943,"column":48},"end":{"line":945,"column":3}},"line":943},"87":{"name":"(anonymous_87)","decl":{"start":{"line":944,"column":24},"end":{"line":944,"column":25}},"loc":{"start":{"line":944,"column":32},"end":{"line":944,"column":69}},"line":944},"88":{"name":"(anonymous_88)","decl":{"start":{"line":947,"column":2},"end":{"line":947,"column":3}},"loc":{"start":{"line":947,"column":52},"end":{"line":949,"column":3}},"line":947},"89":{"name":"(anonymous_89)","decl":{"start":{"line":948,"column":24},"end":{"line":948,"column":25}},"loc":{"start":{"line":948,"column":33},"end":{"line":948,"column":84}},"line":948},"90":{"name":"(anonymous_90)","decl":{"start":{"line":951,"column":2},"end":{"line":951,"column":3}},"loc":{"start":{"line":951,"column":49},"end":{"line":953,"column":3}},"line":951},"91":{"name":"(anonymous_91)","decl":{"start":{"line":952,"column":24},"end":{"line":952,"column":25}},"loc":{"start":{"line":952,"column":33},"end":{"line":952,"column":81}},"line":952},"92":{"name":"(anonymous_92)","decl":{"start":{"line":955,"column":2},"end":{"line":955,"column":3}},"loc":{"start":{"line":955,"column":46},"end":{"line":957,"column":3}},"line":955},"93":{"name":"(anonymous_93)","decl":{"start":{"line":956,"column":24},"end":{"line":956,"column":25}},"loc":{"start":{"line":956,"column":33},"end":{"line":956,"column":77}},"line":956},"94":{"name":"(anonymous_94)","decl":{"start":{"line":959,"column":2},"end":{"line":959,"column":3}},"loc":{"start":{"line":959,"column":46},"end":{"line":961,"column":3}},"line":959},"95":{"name":"(anonymous_95)","decl":{"start":{"line":960,"column":24},"end":{"line":960,"column":25}},"loc":{"start":{"line":960,"column":33},"end":{"line":960,"column":63}},"line":960},"96":{"name":"(anonymous_96)","decl":{"start":{"line":963,"column":2},"end":{"line":963,"column":3}},"loc":{"start":{"line":963,"column":72},"end":{"line":965,"column":3}},"line":963},"97":{"name":"(anonymous_97)","decl":{"start":{"line":964,"column":24},"end":{"line":964,"column":25}},"loc":{"start":{"line":964,"column":33},"end":{"line":964,"column":181}},"line":964},"98":{"name":"(anonymous_98)","decl":{"start":{"line":967,"column":2},"end":{"line":967,"column":3}},"loc":{"start":{"line":967,"column":43},"end":{"line":969,"column":3}},"line":967},"99":{"name":"(anonymous_99)","decl":{"start":{"line":968,"column":24},"end":{"line":968,"column":25}},"loc":{"start":{"line":968,"column":32},"end":{"line":968,"column":69}},"line":968},"100":{"name":"(anonymous_100)","decl":{"start":{"line":971,"column":2},"end":{"line":971,"column":3}},"loc":{"start":{"line":971,"column":152},"end":{"line":1005,"column":3}},"line":971},"101":{"name":"(anonymous_101)","decl":{"start":{"line":1007,"column":2},"end":{"line":1007,"column":3}},"loc":{"start":{"line":1007,"column":25},"end":{"line":1025,"column":3}},"line":1007},"102":{"name":"(anonymous_102)","decl":{"start":{"line":1016,"column":61},"end":{"line":1016,"column":62}},"loc":{"start":{"line":1016,"column":73},"end":{"line":1021,"column":5}},"line":1016},"103":{"name":"(anonymous_103)","decl":{"start":{"line":1027,"column":2},"end":{"line":1027,"column":3}},"loc":{"start":{"line":1027,"column":23},"end":{"line":1045,"column":3}},"line":1027},"104":{"name":"(anonymous_104)","decl":{"start":{"line":1033,"column":28},"end":{"line":1033,"column":29}},"loc":{"start":{"line":1033,"column":54},"end":{"line":1036,"column":7}},"line":1033},"105":{"name":"(anonymous_105)","decl":{"start":{"line":1047,"column":2},"end":{"line":1047,"column":3}},"loc":{"start":{"line":1047,"column":11},"end":{"line":1167,"column":3}},"line":1047},"106":{"name":"(anonymous_106)","decl":{"start":{"line":1050,"column":38},"end":{"line":1050,"column":39}},"loc":{"start":{"line":1050,"column":44},"end":{"line":1050,"column":73}},"line":1050},"107":{"name":"(anonymous_107)","decl":{"start":{"line":1051,"column":36},"end":{"line":1051,"column":37}},"loc":{"start":{"line":1051,"column":45},"end":{"line":1060,"column":10}},"line":1051},"108":{"name":"(anonymous_108)","decl":{"start":{"line":1061,"column":36},"end":{"line":1061,"column":37}},"loc":{"start":{"line":1061,"column":45},"end":{"line":1083,"column":10}},"line":1061},"109":{"name":"(anonymous_109)","decl":{"start":{"line":1084,"column":42},"end":{"line":1084,"column":43}},"loc":{"start":{"line":1084,"column":51},"end":{"line":1092,"column":10}},"line":1084},"110":{"name":"(anonymous_110)","decl":{"start":{"line":1093,"column":52},"end":{"line":1093,"column":53}},"loc":{"start":{"line":1093,"column":61},"end":{"line":1107,"column":10}},"line":1093},"111":{"name":"(anonymous_111)","decl":{"start":{"line":1108,"column":51},"end":{"line":1108,"column":52}},"loc":{"start":{"line":1108,"column":60},"end":{"line":1114,"column":10}},"line":1108},"112":{"name":"(anonymous_112)","decl":{"start":{"line":1115,"column":40},"end":{"line":1115,"column":41}},"loc":{"start":{"line":1115,"column":49},"end":{"line":1121,"column":10}},"line":1115},"113":{"name":"(anonymous_113)","decl":{"start":{"line":1122,"column":52},"end":{"line":1122,"column":53}},"loc":{"start":{"line":1122,"column":61},"end":{"line":1124,"column":10}},"line":1122},"114":{"name":"(anonymous_114)","decl":{"start":{"line":1125,"column":44},"end":{"line":1125,"column":45}},"loc":{"start":{"line":1125,"column":53},"end":{"line":1127,"column":10}},"line":1125},"115":{"name":"(anonymous_115)","decl":{"start":{"line":1128,"column":52},"end":{"line":1128,"column":53}},"loc":{"start":{"line":1128,"column":61},"end":{"line":1131,"column":10}},"line":1128},"116":{"name":"(anonymous_116)","decl":{"start":{"line":1132,"column":37},"end":{"line":1132,"column":38}},"loc":{"start":{"line":1132,"column":46},"end":{"line":1152,"column":10}},"line":1132}},"branchMap":{"0":{"loc":{"start":{"line":190,"column":8},"end":{"line":218,"column":9}},"type":"if","locations":[{"start":{"line":190,"column":8},"end":{"line":218,"column":9}},{"start":{"line":190,"column":8},"end":{"line":218,"column":9}}],"line":190},"1":{"loc":{"start":{"line":234,"column":4},"end":{"line":238,"column":5}},"type":"if","locations":[{"start":{"line":234,"column":4},"end":{"line":238,"column":5}},{"start":{"line":234,"column":4},"end":{"line":238,"column":5}}],"line":234},"2":{"loc":{"start":{"line":243,"column":4},"end":{"line":247,"column":5}},"type":"if","locations":[{"start":{"line":243,"column":4},"end":{"line":247,"column":5}},{"start":{"line":243,"column":4},"end":{"line":247,"column":5}}],"line":243},"3":{"loc":{"start":{"line":255,"column":4},"end":{"line":348,"column":5}},"type":"if","locations":[{"start":{"line":255,"column":4},"end":{"line":348,"column":5}},{"start":{"line":255,"column":4},"end":{"line":348,"column":5}}],"line":255},"4":{"loc":{"start":{"line":255,"column":8},"end":{"line":255,"column":257}},"type":"binary-expr","locations":[{"start":{"line":255,"column":8},"end":{"line":255,"column":18}},{"start":{"line":255,"column":22},"end":{"line":255,"column":34}},{"start":{"line":255,"column":38},"end":{"line":255,"column":50}},{"start":{"line":255,"column":54},"end":{"line":255,"column":64}},{"start":{"line":255,"column":68},"end":{"line":255,"column":76}},{"start":{"line":255,"column":81},"end":{"line":255,"column":101}},{"start":{"line":255,"column":105},"end":{"line":255,"column":124}},{"start":{"line":255,"column":129},"end":{"line":255,"column":148}},{"start":{"line":255,"column":152},"end":{"line":255,"column":257}}],"line":255},"5":{"loc":{"start":{"line":255,"column":198},"end":{"line":255,"column":256}},"type":"binary-expr","locations":[{"start":{"line":255,"column":198},"end":{"line":255,"column":204}},{"start":{"line":255,"column":208},"end":{"line":255,"column":214}},{"start":{"line":255,"column":218},"end":{"line":255,"column":235}},{"start":{"line":255,"column":239},"end":{"line":255,"column":256}}],"line":255},"6":{"loc":{"start":{"line":272,"column":10},"end":{"line":293,"column":11}},"type":"if","locations":[{"start":{"line":272,"column":10},"end":{"line":293,"column":11}},{"start":{"line":272,"column":10},"end":{"line":293,"column":11}}],"line":272},"7":{"loc":{"start":{"line":322,"column":6},"end":{"line":334,"column":7}},"type":"if","locations":[{"start":{"line":322,"column":6},"end":{"line":334,"column":7}},{"start":{"line":322,"column":6},"end":{"line":334,"column":7}}],"line":322},"8":{"loc":{"start":{"line":322,"column":10},"end":{"line":322,"column":57}},"type":"binary-expr","locations":[{"start":{"line":322,"column":10},"end":{"line":322,"column":19}},{"start":{"line":322,"column":23},"end":{"line":322,"column":34}},{"start":{"line":322,"column":38},"end":{"line":322,"column":57}}],"line":322},"9":{"loc":{"start":{"line":324,"column":13},"end":{"line":334,"column":7}},"type":"if","locations":[{"start":{"line":324,"column":13},"end":{"line":334,"column":7}},{"start":{"line":324,"column":13},"end":{"line":334,"column":7}}],"line":324},"10":{"loc":{"start":{"line":324,"column":17},"end":{"line":324,"column":64}},"type":"binary-expr","locations":[{"start":{"line":324,"column":17},"end":{"line":324,"column":26}},{"start":{"line":324,"column":30},"end":{"line":324,"column":41}},{"start":{"line":324,"column":45},"end":{"line":324,"column":64}}],"line":324},"11":{"loc":{"start":{"line":326,"column":13},"end":{"line":334,"column":7}},"type":"if","locations":[{"start":{"line":326,"column":13},"end":{"line":334,"column":7}},{"start":{"line":326,"column":13},"end":{"line":334,"column":7}}],"line":326},"12":{"loc":{"start":{"line":326,"column":17},"end":{"line":326,"column":38}},"type":"binary-expr","locations":[{"start":{"line":326,"column":17},"end":{"line":326,"column":25}},{"start":{"line":326,"column":29},"end":{"line":326,"column":38}}],"line":326},"13":{"loc":{"start":{"line":328,"column":13},"end":{"line":334,"column":7}},"type":"if","locations":[{"start":{"line":328,"column":13},"end":{"line":334,"column":7}},{"start":{"line":328,"column":13},"end":{"line":334,"column":7}}],"line":328},"14":{"loc":{"start":{"line":330,"column":13},"end":{"line":334,"column":7}},"type":"if","locations":[{"start":{"line":330,"column":13},"end":{"line":334,"column":7}},{"start":{"line":330,"column":13},"end":{"line":334,"column":7}}],"line":330},"15":{"loc":{"start":{"line":393,"column":6},"end":{"line":399,"column":7}},"type":"if","locations":[{"start":{"line":393,"column":6},"end":{"line":399,"column":7}},{"start":{"line":393,"column":6},"end":{"line":399,"column":7}}],"line":393},"16":{"loc":{"start":{"line":395,"column":13},"end":{"line":399,"column":7}},"type":"if","locations":[{"start":{"line":395,"column":13},"end":{"line":399,"column":7}},{"start":{"line":395,"column":13},"end":{"line":399,"column":7}}],"line":395},"17":{"loc":{"start":{"line":397,"column":13},"end":{"line":399,"column":7}},"type":"if","locations":[{"start":{"line":397,"column":13},"end":{"line":399,"column":7}},{"start":{"line":397,"column":13},"end":{"line":399,"column":7}}],"line":397},"18":{"loc":{"start":{"line":403,"column":54},"end":{"line":403,"column":102}},"type":"cond-expr","locations":[{"start":{"line":403,"column":75},"end":{"line":403,"column":89}},{"start":{"line":403,"column":92},"end":{"line":403,"column":102}}],"line":403},"19":{"loc":{"start":{"line":406,"column":105},"end":{"line":406,"column":153}},"type":"cond-expr","locations":[{"start":{"line":406,"column":126},"end":{"line":406,"column":140}},{"start":{"line":406,"column":143},"end":{"line":406,"column":153}}],"line":406},"20":{"loc":{"start":{"line":409,"column":54},"end":{"line":409,"column":102}},"type":"cond-expr","locations":[{"start":{"line":409,"column":75},"end":{"line":409,"column":89}},{"start":{"line":409,"column":92},"end":{"line":409,"column":102}}],"line":409},"21":{"loc":{"start":{"line":412,"column":6},"end":{"line":414,"column":7}},"type":"if","locations":[{"start":{"line":412,"column":6},"end":{"line":414,"column":7}},{"start":{"line":412,"column":6},"end":{"line":414,"column":7}}],"line":412},"22":{"loc":{"start":{"line":417,"column":6},"end":{"line":484,"column":7}},"type":"if","locations":[{"start":{"line":417,"column":6},"end":{"line":484,"column":7}},{"start":{"line":417,"column":6},"end":{"line":484,"column":7}}],"line":417},"23":{"loc":{"start":{"line":508,"column":4},"end":{"line":537,"column":5}},"type":"if","locations":[{"start":{"line":508,"column":4},"end":{"line":537,"column":5}},{"start":{"line":508,"column":4},"end":{"line":537,"column":5}}],"line":508},"24":{"loc":{"start":{"line":508,"column":8},"end":{"line":508,"column":72}},"type":"binary-expr","locations":[{"start":{"line":508,"column":8},"end":{"line":508,"column":37}},{"start":{"line":508,"column":41},"end":{"line":508,"column":72}}],"line":508},"25":{"loc":{"start":{"line":517,"column":10},"end":{"line":519,"column":11}},"type":"if","locations":[{"start":{"line":517,"column":10},"end":{"line":519,"column":11}},{"start":{"line":517,"column":10},"end":{"line":519,"column":11}}],"line":517},"26":{"loc":{"start":{"line":542,"column":4},"end":{"line":563,"column":5}},"type":"if","locations":[{"start":{"line":542,"column":4},"end":{"line":563,"column":5}},{"start":{"line":542,"column":4},"end":{"line":563,"column":5}}],"line":542},"27":{"loc":{"start":{"line":542,"column":8},"end":{"line":542,"column":32}},"type":"binary-expr","locations":[{"start":{"line":542,"column":8},"end":{"line":542,"column":17}},{"start":{"line":542,"column":21},"end":{"line":542,"column":32}}],"line":542},"28":{"loc":{"start":{"line":549,"column":11},"end":{"line":563,"column":5}},"type":"if","locations":[{"start":{"line":549,"column":11},"end":{"line":563,"column":5}},{"start":{"line":549,"column":11},"end":{"line":563,"column":5}}],"line":549},"29":{"loc":{"start":{"line":549,"column":15},"end":{"line":549,"column":38}},"type":"binary-expr","locations":[{"start":{"line":549,"column":15},"end":{"line":549,"column":24}},{"start":{"line":549,"column":28},"end":{"line":549,"column":38}}],"line":549},"30":{"loc":{"start":{"line":556,"column":11},"end":{"line":563,"column":5}},"type":"if","locations":[{"start":{"line":556,"column":11},"end":{"line":563,"column":5}},{"start":{"line":556,"column":11},"end":{"line":563,"column":5}}],"line":556},"31":{"loc":{"start":{"line":556,"column":15},"end":{"line":556,"column":36}},"type":"binary-expr","locations":[{"start":{"line":556,"column":15},"end":{"line":556,"column":23}},{"start":{"line":556,"column":27},"end":{"line":556,"column":36}}],"line":556},"32":{"loc":{"start":{"line":570,"column":4},"end":{"line":599,"column":5}},"type":"if","locations":[{"start":{"line":570,"column":4},"end":{"line":599,"column":5}},{"start":{"line":570,"column":4},"end":{"line":599,"column":5}}],"line":570},"33":{"loc":{"start":{"line":570,"column":8},"end":{"line":570,"column":72}},"type":"binary-expr","locations":[{"start":{"line":570,"column":8},"end":{"line":570,"column":37}},{"start":{"line":570,"column":41},"end":{"line":570,"column":72}}],"line":570},"34":{"loc":{"start":{"line":579,"column":10},"end":{"line":581,"column":11}},"type":"if","locations":[{"start":{"line":579,"column":10},"end":{"line":581,"column":11}},{"start":{"line":579,"column":10},"end":{"line":581,"column":11}}],"line":579},"35":{"loc":{"start":{"line":605,"column":4},"end":{"line":633,"column":5}},"type":"if","locations":[{"start":{"line":605,"column":4},"end":{"line":633,"column":5}},{"start":{"line":605,"column":4},"end":{"line":633,"column":5}}],"line":605},"36":{"loc":{"start":{"line":605,"column":8},"end":{"line":605,"column":72}},"type":"binary-expr","locations":[{"start":{"line":605,"column":8},"end":{"line":605,"column":37}},{"start":{"line":605,"column":41},"end":{"line":605,"column":72}}],"line":605},"37":{"loc":{"start":{"line":614,"column":10},"end":{"line":616,"column":11}},"type":"if","locations":[{"start":{"line":614,"column":10},"end":{"line":616,"column":11}},{"start":{"line":614,"column":10},"end":{"line":616,"column":11}}],"line":614},"38":{"loc":{"start":{"line":639,"column":4},"end":{"line":668,"column":5}},"type":"if","locations":[{"start":{"line":639,"column":4},"end":{"line":668,"column":5}},{"start":{"line":639,"column":4},"end":{"line":668,"column":5}}],"line":639},"39":{"loc":{"start":{"line":639,"column":8},"end":{"line":639,"column":72}},"type":"binary-expr","locations":[{"start":{"line":639,"column":8},"end":{"line":639,"column":37}},{"start":{"line":639,"column":41},"end":{"line":639,"column":72}}],"line":639},"40":{"loc":{"start":{"line":648,"column":10},"end":{"line":650,"column":11}},"type":"if","locations":[{"start":{"line":648,"column":10},"end":{"line":650,"column":11}},{"start
[...]
},"loc":{"start":{"line":5,"column":2},"end":{"line":22,"column":8}},"line":5}},"branchMap":{"0":{"loc":{"start":{"line":11,"column":36},"end":{"line":11,"column":109}},"type":"cond-expr","locations":[{"start":{"line":11,"column":80},"end":{"line":11,"column":101}},{"start":{"line":11,"column":104},"end":{"line":11,"column":109}}],"line":11},"1":{"loc":{"start":{"line":11,"column":37},"end":{"line":11,"column":76}},"type":"binary-expr","locations":[{"start":{"line":11,"column":37},"end":{"line":11,"column":48}},{"start":{"line":11,"column":52},"end":{"line":11,"column":76}}],"line":11},"2":{"loc":{"start":{"line":12,"column":36},"end":{"line":12,"column":109}},"type":"cond-expr","locations":[{"start":{"line":12,"column":80},"end":{"line":12,"column":101}},{"start":{"line":12,"column":104},"end":{"line":12,"column":109}}],"line":12},"3":{"loc":{"start":{"line":12,"column":37},"end":{"line":12,"column":76}},"type":"binary-expr","locations":[{"start":{"line":12,"column":37},"end":{"line":12,"column":48}},{"start":{"line":12,"column":52},"end":{"line":12,"column":76}}],"line":12},"4":{"loc":{"start":{"line":13,"column":36},"end":{"line":13,"column":108}},"type":"cond-expr","locations":[{"start":{"line":13,"column":80},"end":{"line":13,"column":100}},{"start":{"line":13,"column":103},"end":{"line":13,"column":108}}],"line":13},"5":{"loc":{"start":{"line":13,"column":37},"end":{"line":13,"column":76}},"type":"binary-expr","locations":[{"start":{"line":13,"column":37},"end":{"line":13,"column":48}},{"start":{"line":13,"column":52},"end":{"line":13,"column":76}}],"line":13},"6":{"loc":{"start":{"line":15,"column":39},"end":{"line":15,"column":115}},"type":"cond-expr","locations":[{"start":{"line":15,"column":83},"end":{"line":15,"column":107}},{"start":{"line":15,"column":110},"end":{"line":15,"column":115}}],"line":15},"7":{"loc":{"start":{"line":15,"column":40},"end":{"line":15,"column":79}},"type":"binary-expr","locations":[{"start":{"line":15,"column":40},"end":{"line":15,"column":51}},{"start":{"line":15,"column":55},"end":{"line":15,"column":79}}],"line":15},"8":{"loc":{"start":{"line":16,"column":39},"end":{"line":16,"column":115}},"type":"cond-expr","locations":[{"start":{"line":16,"column":83},"end":{"line":16,"column":107}},{"start":{"line":16,"column":110},"end":{"line":16,"column":115}}],"line":16},"9":{"loc":{"start":{"line":16,"column":40},"end":{"line":16,"column":79}},"type":"binary-expr","locations":[{"start":{"line":16,"column":40},"end":{"line":16,"column":51}},{"start":{"line":16,"column":55},"end":{"line":16,"column":79}}],"line":16},"10":{"loc":{"start":{"line":17,"column":39},"end":{"line":17,"column":114}},"type":"cond-expr","locations":[{"start":{"line":17,"column":83},"end":{"line":17,"column":106}},{"start":{"line":17,"column":109},"end":{"line":17,"column":114}}],"line":17},"11":{"loc":{"start":{"line":17,"column":40},"end":{"line":17,"column":79}},"type":"binary-expr","locations":[{"start":{"line":17,"column":40},"end":{"line":17,"column":51}},{"start":{"line":17,"column":55},"end":{"line":17,"column":79}}],"line":17},"12":{"loc":{"start":{"line":19,"column":36},"end":{"line":19,"column":111}},"type":"cond-expr","locations":[{"start":{"line":19,"column":80},"end":{"line":19,"column":103}},{"start":{"line":19,"column":106},"end":{"line":19,"column":111}}],"line":19},"13":{"loc":{"start":{"line":19,"column":37},"end":{"line":19,"column":76}},"type":"binary-expr","locations":[{"start":{"line":19,"column":37},"end":{"line":19,"column":48}},{"start":{"line":19,"column":52},"end":{"line":19,"column":76}}],"line":19},"14":{"loc":{"start":{"line":20,"column":36},"end":{"line":20,"column":111}},"type":"cond-expr","locations":[{"start":{"line":20,"column":80},"end":{"line":20,"column":103}},{"start":{"line":20,"column":106},"end":{"line":20,"column":111}}],"line":20},"15":{"loc":{"start":{"line":20,"column":37},"end":{"line":20,"column":76}},"type":"binary-expr","locations":[{"start":{"line":20,"column":37},"end":{"line":20,"column":48}},{"start":{"line":20,"column":52},"end":{"line":20,"column":76}}],"line":20},"16":{"loc":{"start":{"line":21,"column":36},"end":{"line":21,"column":110}},"type":"cond-expr","locations":[{"start":{"line":21,"column":80},"end":{"line":21,"column":102}},{"start":{"line":21,"column":105},"end":{"line":21,"column":110}}],"line":21},"17":{"loc":{"start":{"line":21,"column":37},"end":{"line":21,"column":76}},"type":"binary-expr","locations":[{"start":{"line":21,"column":37},"end":{"line":21,"column":48}},{"start":{"line":21,"column":52},"end":{"line":21,"column":76}}],"line":21}},"s":{"0":12,"1":1},"f":{"0":1},"b":{"0":[0,1],"1":[1,0],"2":[0,1],"3":[1,0],"4":[0,1],"5":[1,0],"6":[0,1],"7":[1,0],"8":[0,1],"9":[1,0],"10":[0,1],"11":[1,0],"12":[0,1],"13":[1,0],"14":[0,1],"15":[1,0],"16":[0,1],"17":[1,0]},"_coverageSchema":"332fd63041d2c1bcb487cc26dd0d5f7d97098a6c","hash":"4066cca74cb1bc06150577346c2d8e402309ec16"}
,"/Users/samgetlan/Documents/HackReactor/fortnite-companion/client/src/components/Stats.jsx": {"path":"/Users/samgetlan/Documents/HackReactor/fortnite-companion/client/src/components/Stats.jsx","statementMap":{"0":{"start":{"line":11,"column":4},"end":{"line":11,"column":17}},"1":{"start":{"line":15,"column":4},"end":{"line":48,"column":6}},"2":{"start":{"line":29,"column":54},"end":{"line":37,"column":10}},"3":{"start":{"line":38,"column":56},"end":{"line":46,"column":10}}},"fnMap":{"0":{"name":"(anonymous_0)","decl":{"start":{"line":10,"column":2},"end":{"line":10,"column":3}},"loc":{"start":{"line":10,"column":21},"end":{"line":12,"column":3}},"line":10},"1":{"name":"(anonymous_1)","decl":{"start":{"line":14,"column":2},"end":{"line":14,"column":3}},"loc":{"start":{"line":14,"column":11},"end":{"line":49,"column":3}},"line":14},"2":{"name":"(anonymous_2)","decl":{"start":{"line":29,"column":45},"end":{"line":29,"column":46}},"loc":{"start":{"line":29,"column":54},"end":{"line":37,"column":10}},"line":29},"3":{"name":"(anonymous_3)","decl":{"start":{"line":38,"column":47},"end":{"line":38,"column":48}},"loc":{"start":{"line":38,"column":56},"end":{"line":46,"column":10}},"line":38}},"branchMap":{},"s":{"0":1,"1":1,"2":0,"3":0},"f":{"0":1,"1":1,"2":0,"3":0},"b":{},"_coverageSchema":"332fd63041d2c1bcb487cc26dd0d5f7d97098a6c","hash":"5f51b56e8e16509faf77c3706735797b7d691938"}
,"/Users/samgetlan/Documents/HackReactor/fortnite-companion/client/src/components/Tile.jsx": {"path":"/Users/samgetlan/Documents/HackReactor/fortnite-companion/client/src/components/Tile.jsx","statementMap":{"0":{"start":{"line":4,"column":13},"end":{"line":13,"column":1}},"1":{"start":{"line":5,"column":2},"end":{"line":12,"column":8}},"2":{"start":{"line":5,"column":41},"end":{"line":5,"column":79}},"3":{"start":{"line":5,"column":80},"end":{"line":5,"column":99}}},"fnMap":{"0":{"name":"(anonymous_0)","decl":{"start":{"line":4,"column":13},"end":{"line":4,"column":14}},"loc":{"start":{"line":5,"column":2},"end":{"line":12,"column":8}},"line":5},"1":{"name":"(anonymous_1)","decl":{"start":{"line":5,"column":33},"end":{"line":5,"column":34}},"loc":{"start":{"line":5,"column":39},"end":{"line":5,"column":101}},"line":5}},"branchMap":{},"s":{"0":12,"1":36,"2":0,"3":0},"f":{"0":36,"1":0},"b":{},"_coverageSchema":"332fd63041d2c1bcb487cc26dd0d5f7d97098a6c","hash":"ee088535d494ae4399f3c5b8ac4ffbbe1921dc76"}
,"/Users/samgetlan/Documents/HackReactor/fortnite-companion/client/src/components/UserForm.jsx": {"path":"/Users/samgetlan/Documents/HackReactor/fortnite-companion/client/src/components/UserForm.jsx","statementMap":{"0":{"start":{"line":7,"column":4},"end":{"line":7,"column":17}},"1":{"start":{"line":8,"column":4},"end":{"line":12,"column":6}},"2":{"start":{"line":13,"column":4},"end":{"line":13,"column":55}},"3":{"start":{"line":14,"column":4},"end":{"line":14,"column":55}},"4":{"start":{"line":15,"column":4},"end":{"line":15,"column":65}},"5":{"start":{"line":19,"column":21},"end":{"line":19,"column":67}},"6":{"start":{"line":20,"column":27},"end":{"line":20,"column":79}},"7":{"start":{"line":21,"column":4},"end":{"line":29,"column":5}},"8":{"start":{"line":22,"column":6},"end":{"line":24,"column":9}},"9":{"start":{"line":26,"column":6},"end":{"line":28,"column":9}},"10":{"start":{"line":33,"column":20},"end":{"line":33,"column":24}},"11":{"start":{"line":34,"column":4},"end":{"line":34,"column":40}},"12":{"start":{"line":35,"column":21},"end":{"line":35,"column":67}},"13":{"start":{"line":36,"column":4},"end":{"line":53,"column":9}},"14":{"start":{"line":40,"column":8},"end":{"line":40,"column":31}},"15":{"start":{"line":41,"column":8},"end":{"line":49,"column":9}},"16":{"start":{"line":42,"column":10},"end":{"line":44,"column":13}},"17":{"start":{"line":46,"column":10},"end":{"line":48,"column":13}},"18":{"start":{"line":52,"column":8},"end":{"line":52,"column":48}},"19":{"start":{"line":57,"column":20},"end":{"line":57,"column":24}},"20":{"start":{"line":58,"column":16},"end":{"line":58,"column":21}},"21":{"start":{"line":60,"column":4},"end":{"line":64,"column":5}},"22":{"start":{"line":61,"column":6},"end":{"line":61,"column":58}},"23":{"start":{"line":63,"column":6},"end":{"line":63,"column":17}},"24":{"start":{"line":65,"column":4},"end":{"line":77,"column":5}},"25":{"start":{"line":66,"column":6},"end":{"line":66,"column":31}},"26":{"start":{"line":67,"column":6},"end":{"line":76,"column":7}},"27":{"start":{"line":68,"column":8},"end":{"line":68,"column":36}},"28":{"start":{"line":69,"column":8},"end":{"line":75,"column":9}},"29":{"start":{"line":70,"column":10},"end":{"line":70,"column":37}},"30":{"start":{"line":71,"column":10},"end":{"line":71,"column":23}},"31":{"start":{"line":72,"column":10},"end":{"line":74,"column":13}},"32":{"start":{"line":78,"column":4},"end":{"line":83,"column":5}},"33":{"start":{"line":79,"column":6},"end":{"line":79,"column":35}},"34":{"start":{"line":80,"column":6},"end":{"line":82,"column":9}},"35":{"start":{"line":87,"column":4},"end":{"line":137,"column":6}},"36":{"start":{"line":108,"column":59},"end":{"line":108,"column":185}},"37":{"start":{"line":125,"column":61},"end":{"line":125,"column":232}}},"fnMap":{"0":{"name":"(anonymous_0)","decl":{"start":{"line":6,"column":2},"end":{"line":6,"column":3}},"loc":{"start":{"line":6,"column":21},"end":{"line":16,"column":3}},"line":6},"1":{"name":"(anonymous_1)","decl":{"start":{"line":18,"column":2},"end":{"line":18,"column":3}},"loc":{"start":{"line":18,"column":18},"end":{"line":30,"column":3}},"line":18},"2":{"name":"(anonymous_2)","decl":{"start":{"line":32,"column":2},"end":{"line":32,"column":3}},"loc":{"start":{"line":32,"column":18},"end":{"line":54,"column":3}},"line":32},"3":{"name":"(anonymous_3)","decl":{"start":{"line":39,"column":12},"end":{"line":39,"column":13}},"loc":{"start":{"line":39,"column":22},"end":{"line":50,"column":7}},"line":39},"4":{"name":"(anonymous_4)","decl":{"start":{"line":51,"column":13},"end":{"line":51,"column":14}},"loc":{"start":{"line":51,"column":22},"end":{"line":53,"column":7}},"line":51},"5":{"name":"(anonymous_5)","decl":{"start":{"line":56,"column":2},"end":{"line":56,"column":3}},"loc":{"start":{"line":56,"column":23},"end":{"line":84,"column":3}},"line":56},"6":{"name":"(anonymous_6)","decl":{"start":{"line":86,"column":2},"end":{"line":86,"column":3}},"loc":{"start":{"line":86,"column":11},"end":{"line":138,"column":3}},"line":86},"7":{"name":"(anonymous_7)","decl":{"start":{"line":108,"column":53},"end":{"line":108,"column":54}},"loc":{"start":{"line":108,"column":59},"end":{"line":108,"column":185}},"line":108},"8":{"name":"(anonymous_8)","decl":{"start":{"line":125,"column":55},"end":{"line":125,"column":56}},"loc":{"start":{"line":125,"column":61},"end":{"line":125,"column":232}},"line":125}},"branchMap":{"0":{"loc":{"start":{"line":21,"column":4},"end":{"line":29,"column":5}},"type":"if","locations":[{"start":{"line":21,"column":4},"end":{"line":29,"column":5}},{"start":{"line":21,"column":4},"end":{"line":29,"column":5}}],"line":21},"1":{"loc":{"start":{"line":41,"column":8},"end":{"line":49,"column":9}},"type":"if","locations":[{"start":{"line":41,"column":8},"end":{"line":49,"column":9}},{"start":{"line":41,"column":8},"end":{"line":49,"column":9}}],"line":41},"2":{"loc":{"start":{"line":60,"column":4},"end":{"line":64,"column":5}},"type":"if","locations":[{"start":{"line":60,"column":4},"end":{"line":64,"column":5}},{"start":{"line":60,"column":4},"end":{"line":64,"column":5}}],"line":60},"3":{"loc":{"start":{"line":65,"column":4},"end":{"line":77,"column":5}},"type":"if","locations":[{"start":{"line":65,"column":4},"end":{"line":77,"column":5}},{"start":{"line":65,"column":4},"end":{"line":77,"column":5}}],"line":65},"4":{"loc":{"start":{"line":67,"column":6},"end":{"line":76,"column":7}},"type":"if","locations":[{"start":{"line":67,"column":6},"end":{"line":76,"column":7}},{"start":{"line":67,"column":6},"end":{"line":76,"column":7}}],"line":67},"5":{"loc":{"start":{"line":67,"column":10},"end":{"line":67,"column":55}},"type":"binary-expr","locations":[{"start":{"line":67,"column":10},"end":{"line":67,"column":29}},{"start":{"line":67,"column":33},"end":{"line":67,"column":55}}],"line":67},"6":{"loc":{"start":{"line":69,"column":8},"end":{"line":75,"column":9}},"type":"if","locations":[{"start":{"line":69,"column":8},"end":{"line":75,"column":9}},{"start":{"line":69,"column":8},"end":{"line":75,"column":9}}],"line":69},"7":{"loc":{"start":{"line":69,"column":12},"end":{"line":69,"column":57}},"type":"binary-expr","locations":[{"start":{"line":69,"column":12},"end":{"line":69,"column":34}},{"start":{"line":69,"column":38},"end":{"line":69,"column":57}}],"line":69},"8":{"loc":{"start":{"line":78,"column":4},"end":{"line":83,"column":5}},"type":"if","locations":[{"start":{"line":78,"column":4},"end":{"line":83,"column":5}},{"start":{"line":78,"column":4},"end":{"line":83,"column":5}}],"line":78},"9":{"loc":{"start":{"line":95,"column":13},"end":{"line":109,"column":18}},"type":"binary-expr","locations":[{"start":{"line":95,"column":13},"end":{"line":95,"column":34}},{"start":{"line":96,"column":12},"end":{"line":109,"column":18}}],"line":95},"10":{"loc":{"start":{"line":103,"column":58},"end":{"line":103,"column":165}},"type":"binary-expr","locations":[{"start":{"line":103,"column":58},"end":{"line":103,"column":89}},{"start":{"line":103,"column":93},"end":{"line":103,"column":165}}],"line":103},"11":{"loc":{"start":{"line":105,"column":58},"end":{"line":105,"column":165}},"type":"binary-expr","locations":[{"start":{"line":105,"column":58},"end":{"line":105,"column":89}},{"start":{"line":105,"column":93},"end":{"line":105,"column":165}}],"line":105},"12":{"loc":{"start":{"line":110,"column":13},"end":{"line":130,"column":18}},"type":"binary-expr","locations":[{"start":{"line":110,"column":13},"end":{"line":110,"column":34}},{"start":{"line":111,"column":12},"end":{"line":130,"column":18}}],"line":110},"13":{"loc":{"start":{"line":115,"column":58},"end":{"line":115,"column":179}},"type":"cond-expr","locations":[{"start":{"line":115,"column":94},"end":{"line":115,"column":112}},{"start":{"line":115,"column":116},"end":{"line":115,"column":178}}],"line":115},"14":{"loc":{"start":{"line":115,"column":116},"end":{"line":115,"column":178}},"type":"cond-expr","locations":[{"start":{"line":115,"column":151},"end":{"line":115,"column":168}},{"start":{"line":115,"column":171},"end":{"line":115,"column":178}}],"line":115},"15":{"loc":{"start":{"line":115,"column":182},"end":{"line":115,"column":307}},"type":"cond-expr","locations":[{"start":{"line":115,"column":218},"end":{"line":115,"column":234}},{"start":{"line":115,"column":238},"end":{"line":115,"column":306}}],"line":115},"16":{"loc":{"start":{"line":115,"column":238},"end":{"line":115,"column":306}},"type":"cond-expr","locations":[{"start":{"line":115,"column":273},"end":{"line":115,"column":293}},{"start":{"line":115,"column":296},"end":{"line":115,"column":306}}],"line":115},"17":{"loc":{"start":{"line":116,"column":122},"end":{"line":116,"column":250}},"type":"cond-expr","locations":[{"start":{"line":116,"column":157},"end":{"line":116,"column":171}},{"start":{"line":116,"column":175},"end":{"line":116,"column":249}}],"line":116},"18":{"loc":{"start":{"line":116,"column":175},"end":{"line":116,"column":249}},"type":"cond-expr","locations":[{"start":{"line":116,"column":211},"end":{"line":116,"column":226}},{"start":{"line":116,"column":229},"end":{"line":116,"column":249}}],"line":116},"19":{"loc":{"start":{"line":118,"column":128},"end":{"line":118,"column":266}},"type":"cond-expr","locations":[{"start":{"line":118,"column":165},"end":{"line":118,"column":181}},{"start":{"line":118,"column":185},"end":{"line":118,"column":265}}],"line":118},"20":{"loc":{"start":{"line":118,"column":185},"end":{"line":118,"column":265}},"type":"cond-expr","locations":[{"start":{"line":118,"column":223},"end":{"line":118,"column":241}},{"start":{"line":118,"column":244},"end":{"line":118,"column":265}}],"line":118},"21":{"loc":{"start":{"line":119,"column":71},"end":{"line":119,"column":171}},"type":"binary-expr","locations":[{"start":{"line":119,"column":71},"end":{"line":119,"column":106}},{"start":{"line":119,"column":110},"end":{"line":119,"column":171}}],"line":119},"22":{"loc":{"start":{"line":120,"column":135},"end":{"line":120,"column":273}},"type":"cond-expr","locations":[{"start":{"line":120,"column":172},"end":{"line":120,"column":188}},{"start":{"line":120,"column":192},"end":{"line":120,"column":272}}],"line":120},"23":{"loc":{"start":{"line":120,"column":192},"end":{"line":120,"column":272}},"type":"cond-expr","locations":[{"start":{"line":120,"column":230},"end":{"line":120,"column":248}},{"start":{"line":120,"column":251},"end":{"line":120,"column":272}}],"line":120},"24":{"loc":{"start":{"line":121,"column":52},"end":{"line":121,"column":152}},"type":"binary-expr","locations":[{"start":{"line":121,"column":52},"end":{"line":121,"column":83}},{"start":{"line":121,"column":87},"end":{"line":121,"column":152}}],"line":121},"25":{"loc":{"start":{"line":122,"column":138},"end":{"line":122,"column":268}},"type":"cond-expr","locations":[{"start":{"line":122,"column":171},"end":{"line":122,"column":187}},{"start":{"line":122,"column":191},"end":{"line":122,"column":267}}],"line":122},"26":{"loc":{"start":{"line":122,"column":191},"end":{"line":122,"column":267}},"type":"cond-expr","locations":[{"start":{"line":122,"column":225},"end":{"line":122,"column":243}},{"start":{"line":122,"column":246},"end":{"line":122,"column":267}}],"line":122},"27":{"loc":{"start":{"line":124,"column":15},"end":{"line":125,"column":250}},"type":"binary-expr","locations":[{"start":{"line":124,"column":16},"end":{"line":124,"column":50}},{"start":{"line":124,"column":54},"end":{"line":124,"column":86}},{"start":{"line":125,"column":16},"end":{"line":125,"column":250}}],"line":124},"28":{"loc":{"start":{"line":127,"column":15},"end":{"line":128,"column":83}},"type":"binary-expr","locations":[{"start":{"line":127,"column":16},"end":{"line":127,"column":50}},{"start":{"line":127,"column":54},"end":{"line":127,"column":86}},{"start":{"line":128,"column":16},"end":{"line":128,"column":83}}],"line":127}},"s":{"0":1,"1":1,"2":1,"3":1,"4":1,"5":0,"6":0,"7":0,"8":0,"9":0,"10":0,"11":0,"12":0,"13":0,"14":0,"15":0,"16":0,"17":0,"18":0,"19":0,"20":0,"21":0,"22":0,"23":0,"24":0,"25":0,"26":0,"27":0,"28":0,"29":0,"30":0,"31":0,"32":0,"33":0,"34":0,"35":1,"36":0,"37":0},"f":{"0":1,"1":0,"2":0,"3":0,"4":0,"5":0,"6":1,"7":0,"8":0},"b":{"0":[0,0],"1":[0,0],"2":[0,0],"3":[0,0],"4":[0,0],"5":[0,0],"6":[0,0],"7":[0,0],"8":[0,0],"9":[1,1],"10":[1,0],"11":[1,0],"12":[1,0],"13":[0,0],"14":[0,0],"15":[0,0],"16":[0,0],"17":[0,0],"18":[0,0],"19":[0,0],"20":[0,0],"21":[0,0],"22":[0,0],"23":[0,0],"24":[0,0],"25":[0,0],"26":[0,0],"27":[0,0,0],"28":[0,0,0]},"_coverageSchema":"332fd63041d2c1bcb487cc26dd0d5f7d97098a6c","hash":"f3e4df2d2d7fef79a696e8074a411e42d4bc7801"}
}
