TN:
SF:/Users/samgetlan/Documents/HackReactor/fortnite-companion/client/src/data.js
FN:1,Location
FN:10,GridSquare
FNF:2
FNH:1
FNDA:828,Location
FNDA:0,GridSquare
DA:2,828
DA:3,828
DA:4,828
DA:5,828
DA:6,828
DA:7,828
DA:11,0
DA:12,0
DA:13,0
DA:14,0
DA:15,0
DA:16,0
DA:21,23
DA:22,23
DA:23,23
DA:24,23
DA:25,23
DA:26,23
DA:27,23
DA:28,23
DA:29,23
DA:30,23
DA:31,23
DA:32,23
DA:33,23
DA:34,23
DA:35,23
DA:36,23
DA:37,23
DA:38,23
DA:39,23
DA:40,23
DA:41,23
DA:42,23
DA:43,23
DA:44,23
DA:45,23
DA:46,23
DA:47,23
DA:49,23
DA:50,23
DA:51,23
DA:52,23
DA:53,23
DA:54,23
DA:55,23
DA:56,23
DA:57,23
DA:58,23
DA:59,23
LF:50
LH:44
BRF:0
BRH:0
end_of_record
TN:
SF:/Users/samgetlan/Documents/HackReactor/fortnite-companion/client/src/dummyData.js
FNF:0
FNH:0
DA:1,2
LF:1
LH:1
BRF:0
BRH:0
end_of_record
TN:
SF:/Users/samgetlan/Documents/HackReactor/fortnite-companion/client/src/components/AccountOptionsForm.jsx
FN:4,(anonymous_0)
FNF:1
FNH:1
FNDA:1,(anonymous_0)
DA:4,22
DA:5,1
LF:2
LH:2
BRDA:5,0,0,0
BRDA:5,0,1,1
BRF:2
BRH:1
end_of_record
TN:
SF:/Users/samgetlan/Documents/HackReactor/fortnite-companion/client/src/components/AccountRecovery.jsx
FN:5,(anonymous_0)
FN:14,(anonymous_1)
FN:44,(anonymous_2)
FN:57,(anonymous_3)
FNF:4
FNH:2
FNDA:1,(anonymous_0)
FNDA:0,(anonymous_1)
FNDA:1,(anonymous_2)
FNDA:0,(anonymous_3)
DA:6,1
DA:7,1
DA:11,1
DA:15,0
DA:16,0
DA:18,0
DA:19,0
DA:21,0
DA:23,0
DA:24,0
DA:25,0
DA:26,0
DA:27,0
DA:28,0
DA:29,0
DA:30,0
DA:36,0
DA:37,0
DA:38,0
DA:45,1
DA:57,0
LF:21
LH:4
BRDA:18,0,0,0
BRDA:18,0,1,0
BRDA:23,1,0,0
BRDA:23,1,1,0
BRDA:25,2,0,0
BRDA:25,2,1,0
BRDA:25,3,0,0
BRDA:25,3,1,0
BRDA:27,4,0,0
BRDA:27,4,1,0
BRDA:27,5,0,0
BRDA:27,5,1,0
BRDA:36,6,0,0
BRDA:36,6,1,0
BRDA:53,7,0,1
BRDA:53,7,1,0
BRDA:54,8,0,0
BRDA:54,8,1,1
BRDA:54,9,0,0
BRDA:54,9,1,1
BRDA:56,10,0,1
BRDA:56,10,1,0
BRDA:59,11,0,1
BRDA:59,11,1,1
BRF:24
BRH:6
end_of_record
TN:
SF:/Users/samgetlan/Documents/HackReactor/fortnite-companion/client/src/components/AccountSettings.jsx
FN:6,(anonymous_0)
FN:19,(anonymous_1)
FN:25,(anonymous_2)
FN:31,(anonymous_3)
FN:38,(anonymous_4)
FN:67,(anonymous_5)
FNF:6
FNH:2
FNDA:1,(anonymous_0)
FNDA:0,(anonymous_1)
FNDA:0,(anonymous_2)
FNDA:0,(anonymous_3)
FNDA:1,(anonymous_4)
FNDA:0,(anonymous_5)
DA:7,1
DA:8,1
DA:13,1
DA:14,1
DA:15,1
DA:20,0
DA:26,0
DA:32,0
DA:33,0
DA:39,1
DA:67,0
LF:11
LH:6
BRDA:40,0,0,0
BRDA:40,0,1,1
BRF:2
BRH:1
end_of_record
TN:
SF:/Users/samgetlan/Documents/HackReactor/fortnite-companion/client/src/components/ActionButton.jsx
FN:4,(anonymous_0)
FN:6,(anonymous_1)
FNF:2
FNH:1
FNDA:3,(anonymous_0)
FNDA:0,(anonymous_1)
DA:4,22
DA:5,3
DA:6,0
LF:3
LH:2
BRF:0
BRH:0
end_of_record
TN:
SF:/Users/samgetlan/Documents/HackReactor/fortnite-companion/client/src/components/ActiveTile.jsx
FN:5,(anonymous_0)
FN:12,(anonymous_1)
FN:21,(anonymous_2)
FN:24,(anonymous_3)
FNF:4
FNH:2
FNDA:1,(anonymous_0)
FNDA:0,(anonymous_1)
FNDA:1,(anonymous_2)
FNDA:0,(anonymous_3)
DA:6,1
DA:7,1
DA:13,0
DA:14,0
DA:15,0
DA:16,0
DA:22,1
DA:23,1
DA:24,5184
DA:27,1
LF:10
LH:6
BRDA:15,0,0,0
BRDA:15,0,1,0
BRDA:32,1,0,1
BRDA:32,1,1,0
BRF:4
BRH:1
end_of_record
TN:
SF:/Users/samgetlan/Documents/HackReactor/fortnite-companion/client/src/components/App.jsx
FN:18,(anonymous_0)
FN:119,(anonymous_1)
FN:125,(anonymous_2)
FN:131,(anonymous_3)
FN:140,(anonymous_4)
FN:146,(anonymous_5)
FN:152,(anonymous_6)
FN:160,(anonymous_7)
FN:168,(anonymous_8)
FN:172,(anonymous_9)
FN:180,(anonymous_10)
FN:189,(anonymous_11)
FN:199,(anonymous_12)
FN:214,(anonymous_13)
FN:221,(anonymous_14)
FN:225,(anonymous_15)
FN:234,(anonymous_16)
FN:242,(anonymous_17)
FN:251,(anonymous_18)
FN:271,(anonymous_19)
FN:295,(anonymous_20)
FN:300,(anonymous_21)
FN:305,(anonymous_22)
FN:311,(anonymous_23)
FN:315,(anonymous_24)
FN:339,(anonymous_25)
FN:344,(anonymous_26)
FN:352,(anonymous_27)
FN:353,(anonymous_28)
FN:362,(anonymous_29)
FN:368,(anonymous_30)
FN:371,(anonymous_31)
FN:379,(anonymous_32)
FN:383,(anonymous_33)
FN:391,(anonymous_34)
FN:393,(anonymous_35)
FN:402,(anonymous_36)
FN:417,(anonymous_37)
FN:506,(anonymous_38)
FN:513,(anonymous_39)
FN:533,(anonymous_40)
FN:541,(anonymous_41)
FN:547,(anonymous_42)
FN:554,(anonymous_43)
FN:561,(anonymous_44)
FN:567,(anonymous_45)
FN:575,(anonymous_46)
FN:595,(anonymous_47)
FN:603,(anonymous_48)
FN:610,(anonymous_49)
FN:629,(anonymous_50)
FN:637,(anonymous_51)
FN:644,(anonymous_52)
FN:664,(anonymous_53)
FN:672,(anonymous_54)
FN:679,(anonymous_55)
FN:699,(anonymous_56)
FN:707,(anonymous_57)
FN:715,(anonymous_58)
FN:723,(anonymous_59)
FN:729,(anonymous_60)
FN:747,(anonymous_61)
FN:750,(anonymous_62)
FN:753,(anonymous_63)
FN:757,(anonymous_64)
FN:765,(anonymous_65)
FN:771,(anonymous_66)
FN:774,(anonymous_67)
FN:778,(anonymous_68)
FN:786,(anonymous_69)
FN:789,(anonymous_70)
FN:794,(anonymous_71)
FN:798,(anonymous_72)
FN:806,(anonymous_73)
FN:815,(anonymous_74)
FN:820,(anonymous_75)
FN:837,(anonymous_76)
FN:853,(anonymous_77)
FN:859,(anonymous_78)
FN:875,(anonymous_79)
FN:877,(anonymous_80)
FN:885,(anonymous_81)
FN:889,(anonymous_82)
FN:895,(anonymous_83)
FN:913,(anonymous_84)
FN:923,(anonymous_85)
FN:944,(anonymous_86)
FN:945,(anonymous_87)
FN:948,(anonymous_88)
FN:949,(anonymous_89)
FN:952,(anonymous_90)
FN:953,(anonymous_91)
FN:956,(anonymous_92)
FN:957,(anonymous_93)
FN:960,(anonymous_94)
FN:961,(anonymous_95)
FN:964,(anonymous_96)
FN:965,(anonymous_97)
FN:968,(anonymous_98)
FN:969,(anonymous_99)
FN:972,(anonymous_100)
FN:1008,(anonymous_101)
FN:1017,(anonymous_102)
FN:1028,(anonymous_103)
FN:1034,(anonymous_104)
FN:1048,(anonymous_105)
FN:1051,(anonymous_106)
FN:1052,(anonymous_107)
FN:1062,(anonymous_108)
FN:1085,(anonymous_109)
FN:1094,(anonymous_110)
FN:1109,(anonymous_111)
FN:1116,(anonymous_112)
FN:1123,(anonymous_113)
FN:1126,(anonymous_114)
FN:1129,(anonymous_115)
FN:1133,(anonymous_116)
FNF:117
FNH:7
FNDA:1,(anonymous_0)
FNDA:0,(anonymous_1)
FNDA:0,(anonymous_2)
FNDA:0,(anonymous_3)
FNDA:0,(anonymous_4)
FNDA:0,(anonymous_5)
FNDA:0,(anonymous_6)
FNDA:0,(anonymous_7)
FNDA:0,(anonymous_8)
FNDA:0,(anonymous_9)
FNDA:0,(anonymous_10)
FNDA:0,(anonymous_11)
FNDA:0,(anonymous_12)
FNDA:0,(anonymous_13)
FNDA:0,(anonymous_14)
FNDA:0,(anonymous_15)
FNDA:0,(anonymous_16)
FNDA:0,(anonymous_17)
FNDA:0,(anonymous_18)
FNDA:0,(anonymous_19)
FNDA:0,(anonymous_20)
FNDA:0,(anonymous_21)
FNDA:0,(anonymous_22)
FNDA:0,(anonymous_23)
FNDA:0,(anonymous_24)
FNDA:0,(anonymous_25)
FNDA:0,(anonymous_26)
FNDA:0,(anonymous_27)
FNDA:0,(anonymous_28)
FNDA:0,(anonymous_29)
FNDA:0,(anonymous_30)
FNDA:0,(anonymous_31)
FNDA:0,(anonymous_32)
FNDA:0,(anonymous_33)
FNDA:0,(anonymous_34)
FNDA:0,(anonymous_35)
FNDA:0,(anonymous_36)
FNDA:0,(anonymous_37)
FNDA:0,(anonymous_38)
FNDA:0,(anonymous_39)
FNDA:0,(anonymous_40)
FNDA:0,(anonymous_41)
FNDA:0,(anonymous_42)
FNDA:0,(anonymous_43)
FNDA:0,(anonymous_44)
FNDA:0,(anonymous_45)
FNDA:0,(anonymous_46)
FNDA:0,(anonymous_47)
FNDA:0,(anonymous_48)
FNDA:0,(anonymous_49)
FNDA:0,(anonymous_50)
FNDA:0,(anonymous_51)
FNDA:0,(anonymous_52)
FNDA:0,(anonymous_53)
FNDA:0,(anonymous_54)
FNDA:0,(anonymous_55)
FNDA:0,(anonymous_56)
FNDA:0,(anonymous_57)
FNDA:0,(anonymous_58)
FNDA:0,(anonymous_59)
FNDA:0,(anonymous_60)
FNDA:0,(anonymous_61)
FNDA:0,(anonymous_62)
FNDA:0,(anonymous_63)
FNDA:0,(anonymous_64)
FNDA:0,(anonymous_65)
FNDA:0,(anonymous_66)
FNDA:0,(anonymous_67)
FNDA:0,(anonymous_68)
FNDA:0,(anonymous_69)
FNDA:0,(anonymous_70)
FNDA:0,(anonymous_71)
FNDA:0,(anonymous_72)
FNDA:0,(anonymous_73)
FNDA:0,(anonymous_74)
FNDA:0,(anonymous_75)
FNDA:0,(anonymous_76)
FNDA:0,(anonymous_77)
FNDA:0,(anonymous_78)
FNDA:0,(anonymous_79)
FNDA:0,(anonymous_80)
FNDA:0,(anonymous_81)
FNDA:0,(anonymous_82)
FNDA:0,(anonymous_83)
FNDA:0,(anonymous_84)
FNDA:0,(anonymous_85)
FNDA:0,(anonymous_86)
FNDA:0,(anonymous_87)
FNDA:0,(anonymous_88)
FNDA:0,(anonymous_89)
FNDA:0,(anonymous_90)
FNDA:0,(anonymous_91)
FNDA:0,(anonymous_92)
FNDA:0,(anonymous_93)
FNDA:0,(anonymous_94)
FNDA:0,(anonymous_95)
FNDA:0,(anonymous_96)
FNDA:0,(anonymous_97)
FNDA:0,(anonymous_98)
FNDA:0,(anonymous_99)
FNDA:0,(anonymous_100)
FNDA:0,(anonymous_101)
FNDA:0,(anonymous_102)
FNDA:1,(anonymous_103)
FNDA:0,(anonymous_104)
FNDA:2,(anonymous_105)
FNDA:1,(anonymous_106)
FNDA:1,(anonymous_107)
FNDA:1,(anonymous_108)
FNDA:1,(anonymous_109)
FNDA:0,(anonymous_110)
FNDA:0,(anonymous_111)
FNDA:0,(anonymous_112)
FNDA:0,(anonymous_113)
FNDA:0,(anonymous_114)
FNDA:0,(anonymous_115)
FNDA:0,(anonymous_116)
DA:19,1
DA:20,1
DA:73,1
DA:74,1
DA:75,1
DA:76,1
DA:77,1
DA:78,1
DA:79,1
DA:80,1
DA:81,1
DA:82,1
DA:83,1
DA:84,1
DA:85,1
DA:86,1
DA:87,1
DA:88,1
DA:89,1
DA:90,1
DA:91,1
DA:92,1
DA:93,1
DA:94,1
DA:95,1
DA:96,1
DA:97,1
DA:98,1
DA:99,1
DA:100,1
DA:101,1
DA:102,1
DA:103,1
DA:104,1
DA:105,1
DA:106,1
DA:107,1
DA:108,1
DA:109,1
DA:110,1
DA:111,1
DA:112,1
DA:113,1
DA:114,1
DA:115,1
DA:116,1
DA:120,0
DA:126,0
DA:132,0
DA:133,0
DA:134,0
DA:141,0
DA:147,0
DA:153,0
DA:154,0
DA:161,0
DA:162,0
DA:166,0
DA:169,0
DA:172,0
DA:173,0
DA:181,0
DA:182,0
DA:185,0
DA:190,0
DA:191,0
DA:192,0
DA:198,0
DA:200,0
DA:201,0
DA:202,0
DA:203,0
DA:210,0
DA:214,0
DA:215,0
DA:222,0
DA:225,0
DA:226,0
DA:235,0
DA:236,0
DA:237,0
DA:238,0
DA:243,0
DA:244,0
DA:245,0
DA:246,0
DA:247,0
DA:252,0
DA:253,0
DA:256,0
DA:257,0
DA:258,0
DA:272,0
DA:273,0
DA:274,0
DA:285,0
DA:295,0
DA:296,0
DA:300,0
DA:301,0
DA:305,0
DA:306,0
DA:312,0
DA:315,0
DA:316,0
DA:323,0
DA:324,0
DA:325,0
DA:326,0
DA:327,0
DA:328,0
DA:329,0
DA:330,0
DA:331,0
DA:332,0
DA:334,0
DA:336,0
DA:339,0
DA:340,0
DA:344,0
DA:345,0
DA:353,0
DA:354,0
DA:358,0
DA:359,0
DA:363,0
DA:369,0
DA:370,0
DA:372,0
DA:380,0
DA:383,0
DA:384,0
DA:392,0
DA:393,0
DA:394,0
DA:395,0
DA:396,0
DA:397,0
DA:398,0
DA:399,0
DA:402,0
DA:403,0
DA:404,0
DA:405,0
DA:406,0
DA:407,0
DA:408,0
DA:409,0
DA:410,0
DA:411,0
DA:412,0
DA:413,0
DA:414,0
DA:417,0
DA:418,0
DA:419,0
DA:486,0
DA:487,0
DA:489,0
DA:490,0
DA:491,0
DA:492,0
DA:493,0
DA:494,0
DA:495,0
DA:496,0
DA:497,0
DA:498,0
DA:499,0
DA:500,0
DA:501,0
DA:503,0
DA:507,0
DA:508,0
DA:509,0
DA:510,0
DA:511,0
DA:512,0
DA:513,0
DA:514,0
DA:516,0
DA:517,0
DA:518,0
DA:519,0
DA:523,0
DA:530,0
DA:533,0
DA:534,0
DA:542,0
DA:543,0
DA:544,0
DA:547,0
DA:550,0
DA:551,0
DA:554,0
DA:557,0
DA:558,0
DA:561,0
DA:568,0
DA:569,0
DA:570,0
DA:571,0
DA:572,0
DA:573,0
DA:574,0
DA:575,0
DA:576,0
DA:578,0
DA:579,0
DA:580,0
DA:581,0
DA:585,0
DA:586,0
DA:592,0
DA:595,0
DA:596,0
DA:604,0
DA:605,0
DA:606,0
DA:607,0
DA:608,0
DA:609,0
DA:610,0
DA:611,0
DA:613,0
DA:614,0
DA:615,0
DA:616,0
DA:620,0
DA:626,0
DA:629,0
DA:630,0
DA:638,0
DA:639,0
DA:640,0
DA:641,0
DA:642,0
DA:643,0
DA:644,0
DA:645,0
DA:647,0
DA:648,0
DA:649,0
DA:650,0
DA:654,0
DA:661,0
DA:664,0
DA:665,0
DA:673,0
DA:674,0
DA:675,0
DA:676,0
DA:677,0
DA:678,0
DA:679,0
DA:680,0
DA:682,0
DA:683,0
DA:684,0
DA:685,0
DA:689,0
DA:696,0
DA:699,0
DA:700,0
DA:708,0
DA:716,0
DA:724,0
DA:730,0
DA:731,0
DA:732,0
DA:735,0
DA:736,0
DA:737,0
DA:744,0
DA:748,0
DA:749,0
DA:751,0
DA:754,0
DA:757,0
DA:758,0
DA:766,0
DA:767,0
DA:772,0
DA:775,0
DA:778,0
DA:779,0
DA:787,0
DA:788,0
DA:790,0
DA:795,0
DA:798,0
DA:799,0
DA:807,0
DA:816,0
DA:817,0
DA:818,0
DA:819,0
DA:820,0
DA:821,0
DA:822,0
DA:824,0
DA:825,0
DA:826,0
DA:838,0
DA:839,0
DA:840,0
DA:841,0
DA:842,0
DA:843,0
DA:854,0
DA:855,0
DA:856,0
DA:857,0
DA:858,0
DA:859,0
DA:860,0
DA:861,0
DA:863,0
DA:864,0
DA:876,0
DA:878,0
DA:879,0
DA:880,0
DA:881,0
DA:890,0
DA:896,0
DA:897,0
DA:898,0
DA:899,0
DA:900,0
DA:901,0
DA:902,0
DA:903,0
DA:904,0
DA:905,0
DA:906,0
DA:907,0
DA:910,0
DA:914,0
DA:917,0
DA:923,0
DA:924,0
DA:925,0
DA:926,0
DA:927,0
DA:928,0
DA:929,0
DA:932,0
DA:933,0
DA:934,0
DA:935,0
DA:936,0
DA:938,0
DA:945,0
DA:949,0
DA:953,0
DA:957,0
DA:961,0
DA:965,0
DA:969,0
DA:973,0
DA:974,0
DA:975,0
DA:979,0
DA:980,0
DA:982,0
DA:983,0
DA:985,0
DA:986,0
DA:988,0
DA:989,0
DA:991,0
DA:992,0
DA:994,0
DA:995,0
DA:997,0
DA:998,0
DA:1000,0
DA:1004,0
DA:1005,0
DA:1009,0
DA:1010,0
DA:1011,0
DA:1012,0
DA:1014,0
DA:1017,0
DA:1018,0
DA:1019,0
DA:1020,0
DA:1021,0
DA:1023,0
DA:1029,1
DA:1030,1
DA:1031,0
DA:1032,0
DA:1033,0
DA:1034,0
DA:1035,0
DA:1036,0
DA:1038,0
DA:1049,2
DA:1051,1
DA:1052,1
DA:1062,1
DA:1085,1
DA:1094,0
DA:1109,0
DA:1116,0
DA:1123,0
DA:1126,0
DA:1129,0
DA:1133,0
LF:412
LH:53
BRDA:190,0,0,0
BRDA:190,0,1,0
BRDA:235,1,0,0
BRDA:235,1,1,0
BRDA:244,2,0,0
BRDA:244,2,1,0
BRDA:256,3,0,0
BRDA:256,3,1,0
BRDA:256,4,0,0
BRDA:256,4,1,0
BRDA:256,4,2,0
BRDA:256,4,3,0
BRDA:256,4,4,0
BRDA:256,4,5,0
BRDA:256,4,6,0
BRDA:256,4,7,0
BRDA:256,4,8,0
BRDA:256,5,0,0
BRDA:256,5,1,0
BRDA:256,5,2,0
BRDA:256,5,3,0
BRDA:273,6,0,0
BRDA:273,6,1,0
BRDA:323,7,0,0
BRDA:323,7,1,0
BRDA:323,8,0,0
BRDA:323,8,1,0
BRDA:323,8,2,0
BRDA:325,9,0,0
BRDA:325,9,1,0
BRDA:325,10,0,0
BRDA:325,10,1,0
BRDA:325,10,2,0
BRDA:327,11,0,0
BRDA:327,11,1,0
BRDA:327,12,0,0
BRDA:327,12,1,0
BRDA:329,13,0,0
BRDA:329,13,1,0
BRDA:331,14,0,0
BRDA:331,14,1,0
BRDA:394,15,0,0
BRDA:394,15,1,0
BRDA:396,16,0,0
BRDA:396,16,1,0
BRDA:398,17,0,0
BRDA:398,17,1,0
BRDA:404,18,0,0
BRDA:404,18,1,0
BRDA:407,19,0,0
BRDA:407,19,1,0
BRDA:410,20,0,0
BRDA:410,20,1,0
BRDA:413,21,0,0
BRDA:413,21,1,0
BRDA:418,22,0,0
BRDA:418,22,1,0
BRDA:509,23,0,0
BRDA:509,23,1,0
BRDA:509,24,0,0
BRDA:509,24,1,0
BRDA:518,25,0,0
BRDA:518,25,1,0
BRDA:543,26,0,0
BRDA:543,26,1,0
BRDA:543,27,0,0
BRDA:543,27,1,0
BRDA:550,28,0,0
BRDA:550,28,1,0
BRDA:550,29,0,0
BRDA:550,29,1,0
BRDA:557,30,0,0
BRDA:557,30,1,0
BRDA:557,31,0,0
BRDA:557,31,1,0
BRDA:571,32,0,0
BRDA:571,32,1,0
BRDA:571,33,0,0
BRDA:571,33,1,0
BRDA:580,34,0,0
BRDA:580,34,1,0
BRDA:606,35,0,0
BRDA:606,35,1,0
BRDA:606,36,0,0
BRDA:606,36,1,0
BRDA:615,37,0,0
BRDA:615,37,1,0
BRDA:640,38,0,0
BRDA:640,38,1,0
BRDA:640,39,0,0
BRDA:640,39,1,0
BRDA:649,40,0,0
BRDA:649,40,1,0
BRDA:675,41,0,0
BRDA:675,41,1,0
BRDA:675,42,0,0
BRDA:675,42,1,0
BRDA:684,43,0,0
BRDA:684,43,1,0
BRDA:731,44,0,0
BRDA:731,44,1,0
BRDA:736,45,0,0
BRDA:736,45,1,0
BRDA:854,46,0,0
BRDA:854,46,1,0
BRDA:855,47,0,0
BRDA:855,47,1,0
BRDA:855,48,0,0
BRDA:855,48,1,0
BRDA:855,48,2,0
BRDA:855,48,3,0
BRDA:855,48,4,0
BRDA:879,49,0,0
BRDA:879,49,1,0
BRDA:891,50,0,0
BRDA:891,50,1,0
BRDA:897,51,0,0
BRDA:897,51,1,0
BRDA:924,52,0,0
BRDA:924,52,1,0
BRDA:926,53,0,0
BRDA:926,53,1,0
BRDA:928,54,0,0
BRDA:928,54,1,0
BRDA:949,55,0,0
BRDA:949,55,1,0
BRDA:953,56,0,0
BRDA:953,56,1,0
BRDA:957,57,0,0
BRDA:957,57,1,0
BRDA:965,58,0,0
BRDA:965,58,1,0
BRDA:965,58,2,0
BRDA:965,58,3,0
BRDA:974,59,0,0
BRDA:974,59,1,0
BRDA:979,60,0,0
BRDA:979,60,1,0
BRDA:982,61,0,0
BRDA:982,61,1,0
BRDA:985,62,0,0
BRDA:985,62,1,0
BRDA:985,63,0,0
BRDA:985,63,1,0
BRDA:988,64,0,0
BRDA:988,64,1,0
BRDA:988,65,0,0
BRDA:988,65,1,0
BRDA:991,66,0,0
BRDA:991,66,1,0
BRDA:991,67,0,0
BRDA:991,67,1,0
BRDA:994,68,0,0
BRDA:994,68,1,0
BRDA:997,69,0,0
BRDA:997,69,1,0
BRDA:997,70,0,0
BRDA:997,70,1,0
BRDA:997,70,2,0
BRDA:997,70,3,0
BRDA:997,70,4,0
BRDA:1011,71,0,0
BRDA:1011,71,1,0
BRDA:1029,72,0,1
BRDA:1029,72,1,0
BRDA:1030,73,0,0
BRDA:1030,73,1,1
BRDA:1030,74,0,1
BRDA:1030,74,1,0
BRDA:1030,74,2,0
BRDA:1030,74,3,0
BRDA:1030,74,4,0
BRDA:1154,75,0,2
BRDA:1154,75,1,0
BRDA:1158,76,0,2
BRDA:1158,76,1,0
BRDA:1162,77,0,2
BRDA:1162,77,1,0
BRF:178
BRH:6
end_of_record
TN:
SF:/Users/samgetlan/Documents/HackReactor/fortnite-companion/client/src/components/BackSplash.jsx
FN:4,(anonymous_0)
FN:7,(anonymous_1)
FNF:2
FNH:2
FNDA:3,(anonymous_0)
FNDA:72,(anonymous_1)
DA:4,22
DA:5,3
DA:8,72
LF:3
LH:3
BRDA:12,0,0,0
BRDA:12,0,1,72
BRF:2
BRH:1
end_of_record
TN:
SF:/Users/samgetlan/Documents/HackReactor/fortnite-companion/client/src/components/Body.jsx
FN:10,(anonymous_0)
FN:20,(anonymous_1)
FN:26,(anonymous_2)
FN:27,(anonymous_3)
FN:36,(anonymous_4)
FNF:5
FNH:2
FNDA:2,(anonymous_0)
FNDA:0,(anonymous_1)
FNDA:0,(anonymous_2)
FNDA:0,(anonymous_3)
FNDA:2,(anonymous_4)
DA:11,2
DA:12,2
DA:16,2
DA:21,0
DA:27,0
DA:28,0
DA:29,0
DA:31,0
DA:37,2
LF:9
LH:4
BRDA:28,0,0,0
BRDA:28,0,1,0
BRDA:40,1,0,2
BRDA:40,1,1,0
BRDA:40,1,2,0
BRF:5
BRH:1
end_of_record
TN:
SF:/Users/samgetlan/Documents/HackReactor/fortnite-companion/client/src/components/DashboardMap.jsx
FN:5,(anonymous_0)
FN:13,(anonymous_1)
FN:19,canvasArrow
FN:46,(anonymous_3)
FN:59,(anonymous_4)
FN:67,(anonymous_5)
FN:75,(anonymous_6)
FNF:7
FNH:6
FNDA:1,(anonymous_0)
FNDA:2,(anonymous_1)
FNDA:0,canvasArrow
FNDA:1,(anonymous_3)
FNDA:1,(anonymous_4)
FNDA:1,(anonymous_5)
FNDA:2,(anonymous_6)
DA:6,1
DA:7,1
DA:10,1
DA:14,2
DA:15,2
DA:16,2
DA:17,0
DA:20,0
DA:21,0
DA:22,0
DA:23,0
DA:24,0
DA:25,0
DA:26,0
DA:29,2
DA:30,0
DA:31,0
DA:32,0
DA:33,0
DA:34,0
DA:35,0
DA:36,0
DA:37,0
DA:38,0
DA:39,0
DA:47,1
DA:48,1
DA:49,1
DA:53,0
DA:60,1
DA:61,1
DA:62,0
DA:64,1
DA:68,1
DA:69,1
DA:70,1
DA:72,1
DA:76,2
LF:38
LH:18
BRDA:16,0,0,0
BRDA:16,0,1,2
BRDA:29,1,0,0
BRDA:29,1,1,2
BRDA:31,2,0,0
BRDA:31,2,1,0
BRDA:31,3,0,0
BRDA:31,3,1,0
BRDA:48,4,0,1
BRDA:48,4,1,0
BRDA:60,5,0,1
BRDA:60,5,1,0
BRDA:60,5,2,0
BRDA:61,6,0,0
BRDA:61,6,1,1
BRDA:61,7,0,1
BRDA:61,7,1,0
BRDA:68,8,0,1
BRDA:68,8,1,0
BRDA:68,8,2,0
BRDA:69,9,0,1
BRDA:69,9,1,0
BRDA:69,10,0,1
BRDA:69,10,1,1
BRF:24
BRH:10
end_of_record
TN:
SF:/Users/samgetlan/Documents/HackReactor/fortnite-companion/client/src/components/DeathMap.jsx
FN:5,(anonymous_0)
FN:12,(anonymous_1)
FN:26,(anonymous_2)
FN:29,(anonymous_3)
FNF:4
FNH:3
FNDA:1,(anonymous_0)
FNDA:1,(anonymous_1)
FNDA:1,(anonymous_2)
FNDA:0,(anonymous_3)
DA:6,1
DA:7,1
DA:13,1
DA:14,1
DA:15,1
DA:17,0
DA:18,0
DA:19,0
DA:23,0
DA:27,1
DA:28,1
DA:29,7056
DA:33,1
LF:13
LH:9
BRDA:14,0,0,1
BRDA:14,0,1,0
BRDA:18,1,0,0
BRDA:18,1,1,0
BRDA:34,2,0,0
BRDA:34,2,1,1
BRDA:39,3,0,1
BRDA:39,3,1,1
BRDA:47,4,0,0
BRDA:47,4,1,1
BRF:10
BRH:5
end_of_record
TN:
SF:/Users/samgetlan/Documents/HackReactor/fortnite-companion/client/src/components/FilterLocations.jsx
FN:5,(anonymous_0)
FN:16,(anonymous_1)
FNF:2
FNH:2
FNDA:1,(anonymous_0)
FNDA:36,(anonymous_1)
DA:5,22
DA:6,1
DA:16,36
LF:3
LH:3
BRDA:6,0,0,0
BRDA:6,0,1,1
BRF:2
BRH:1
end_of_record
TN:
SF:/Users/samgetlan/Documents/HackReactor/fortnite-companion/client/src/components/FilterMyGames.jsx
FN:9,(anonymous_0)
FN:14,(anonymous_1)
FN:42,(anonymous_2)
FN:48,(anonymous_3)
FN:58,(anonymous_4)
FN:69,(anonymous_5)
FN:89,(anonymous_6)
FN:101,(anonymous_7)
FN:109,(anonymous_8)
FN:117,(anonymous_9)
FN:125,(anonymous_10)
FN:133,(anonymous_11)
FN:140,(anonymous_12)
FN:148,(anonymous_13)
FN:158,(anonymous_14)
FN:166,(anonymous_15)
FN:170,(anonymous_16)
FN:185,(anonymous_17)
FN:192,(anonymous_18)
FN:205,(anonymous_19)
FN:234,(anonymous_20)
FN:235,(anonymous_21)
FN:241,(anonymous_22)
FN:242,(anonymous_23)
FN:248,(anonymous_24)
FN:249,(anonymous_25)
FN:272,(anonymous_26)
FNF:27
FNH:6
FNDA:2,(anonymous_0)
FNDA:72,(anonymous_1)
FNDA:0,(anonymous_2)
FNDA:0,(anonymous_3)
FNDA:0,(anonymous_4)
FNDA:0,(anonymous_5)
FNDA:0,(anonymous_6)
FNDA:0,(anonymous_7)
FNDA:0,(anonymous_8)
FNDA:0,(anonymous_9)
FNDA:0,(anonymous_10)
FNDA:0,(anonymous_11)
FNDA:0,(anonymous_12)
FNDA:2,(anonymous_13)
FNDA:2,(anonymous_14)
FNDA:0,(anonymous_15)
FNDA:2,(anonymous_16)
FNDA:0,(anonymous_17)
FNDA:72,(anonymous_18)
FNDA:0,(anonymous_19)
FNDA:0,(anonymous_20)
FNDA:0,(anonymous_21)
FNDA:0,(anonymous_22)
FNDA:0,(anonymous_23)
FNDA:0,(anonymous_24)
FNDA:0,(anonymous_25)
FNDA:0,(anonymous_26)
DA:10,2
DA:11,2
DA:14,72
DA:28,2
DA:29,2
DA:30,2
DA:31,2
DA:32,2
DA:33,2
DA:34,2
DA:35,2
DA:36,2
DA:37,2
DA:38,2
DA:39,2
DA:43,0
DA:49,0
DA:50,0
DA:51,0
DA:52,0
DA:53,0
DA:57,0
DA:58,0
DA:62,0
DA:63,0
DA:70,0
DA:71,0
DA:72,0
DA:73,0
DA:74,0
DA:78,0
DA:83,0
DA:90,0
DA:91,0
DA:102,0
DA:103,0
DA:110,0
DA:111,0
DA:118,0
DA:119,0
DA:126,0
DA:127,0
DA:134,0
DA:135,0
DA:141,0
DA:142,0
DA:149,2
DA:150,0
DA:151,2
DA:152,2
DA:154,0
DA:159,2
DA:160,2
DA:162,0
DA:167,0
DA:168,0
DA:171,2
DA:185,0
DA:193,72
DA:205,0
DA:234,0
DA:235,0
DA:241,0
DA:242,0
DA:248,0
DA:249,0
DA:272,0
LF:67
LH:22
BRDA:50,0,0,0
BRDA:50,0,1,0
BRDA:52,1,0,0
BRDA:52,1,1,0
BRDA:71,2,0,0
BRDA:71,2,1,0
BRDA:73,3,0,0
BRDA:73,3,1,0
BRDA:149,4,0,0
BRDA:149,4,1,2
BRDA:151,5,0,2
BRDA:151,5,1,0
BRDA:159,6,0,2
BRDA:159,6,1,0
BRDA:194,7,0,0
BRDA:194,7,1,72
BRDA:228,8,0,2
BRDA:228,8,1,0
BRF:18
BRH:5
end_of_record
TN:
SF:/Users/samgetlan/Documents/HackReactor/fortnite-companion/client/src/components/FilterSelection.jsx
FN:4,(anonymous_0)
FN:8,(anonymous_1)
FN:16,(anonymous_2)
FNF:3
FNH:2
FNDA:36,(anonymous_0)
FNDA:0,(anonymous_1)
FNDA:36,(anonymous_2)
DA:5,36
DA:9,0
DA:10,0
DA:12,0
DA:17,36
LF:5
LH:2
BRDA:9,0,0,0
BRDA:9,0,1,0
BRDA:18,1,0,0
BRDA:18,1,1,36
BRDA:18,2,0,36
BRDA:18,2,1,36
BRDA:18,3,0,36
BRDA:18,3,1,0
BRF:8
BRH:4
end_of_record
TN:
SF:/Users/samgetlan/Documents/HackReactor/fortnite-companion/client/src/components/FullMap.jsx
FN:5,(anonymous_0)
FN:12,(anonymous_1)
FN:22,(anonymous_2)
FN:30,(anonymous_3)
FN:31,(anonymous_4)
FNF:5
FNH:4
FNDA:1,(anonymous_0)
FNDA:1,(anonymous_1)
FNDA:2,(anonymous_2)
FNDA:72,(anonymous_3)
FNDA:0,(anonymous_4)
DA:6,1
DA:7,1
DA:13,1
DA:14,1
DA:15,1
DA:16,1
DA:23,2
DA:31,72
LF:8
LH:8
BRDA:14,0,0,1
BRDA:14,0,1,0
BRDA:15,1,0,1
BRDA:15,1,1,0
BRDA:24,2,0,0
BRDA:24,2,1,2
BRF:6
BRH:3
end_of_record
TN:
SF:/Users/samgetlan/Documents/HackReactor/fortnite-companion/client/src/components/GameCard.jsx
FN:6,(anonymous_0)
FN:16,(anonymous_1)
FN:22,(anonymous_2)
FN:29,(anonymous_3)
FN:39,(anonymous_4)
FNF:5
FNH:2
FNDA:1,(anonymous_0)
FNDA:0,(anonymous_1)
FNDA:0,(anonymous_2)
FNDA:1,(anonymous_3)
FNDA:0,(anonymous_4)
DA:7,1
DA:8,1
DA:12,1
DA:13,1
DA:17,0
DA:23,0
DA:30,1
DA:39,0
LF:8
LH:5
BRDA:34,0,0,1
BRDA:34,0,1,0
BRDA:36,1,0,0
BRDA:36,1,1,1
BRF:4
BRH:2
end_of_record
TN:
SF:/Users/samgetlan/Documents/HackReactor/fortnite-companion/client/src/components/GameCardFull.jsx
FN:9,(anonymous_0)
FN:56,(anonymous_1)
FN:71,(anonymous_2)
FN:86,(anonymous_3)
FN:92,(anonymous_4)
FN:98,(anonymous_5)
FN:104,(anonymous_6)
FN:110,(anonymous_7)
FN:116,(anonymous_8)
FN:122,(anonymous_9)
FN:129,(anonymous_10)
FN:136,(anonymous_11)
FN:150,(anonymous_12)
FN:164,(anonymous_13)
FN:172,(anonymous_14)
FN:184,(anonymous_15)
FN:187,(anonymous_16)
FN:187,(anonymous_17)
FN:214,(anonymous_18)
FN:215,(anonymous_19)
FN:223,(anonymous_20)
FN:226,(anonymous_21)
FN:229,(anonymous_22)
FNF:23
FNH:4
FNDA:1,(anonymous_0)
FNDA:0,(anonymous_1)
FNDA:0,(anonymous_2)
FNDA:0,(anonymous_3)
FNDA:0,(anonymous_4)
FNDA:0,(anonymous_5)
FNDA:0,(anonymous_6)
FNDA:0,(anonymous_7)
FNDA:0,(anonymous_8)
FNDA:0,(anonymous_9)
FNDA:0,(anonymous_10)
FNDA:0,(anonymous_11)
FNDA:0,(anonymous_12)
FNDA:0,(anonymous_13)
FNDA:1,(anonymous_14)
FNDA:2,(anonymous_15)
FNDA:0,(anonymous_16)
FNDA:0,(anonymous_17)
FNDA:0,(anonymous_18)
FNDA:72,(anonymous_19)
FNDA:0,(anonymous_20)
FNDA:0,(anonymous_21)
FNDA:0,(anonymous_22)
DA:10,1
DA:11,1
DA:43,1
DA:44,1
DA:45,1
DA:46,1
DA:47,1
DA:48,1
DA:49,1
DA:50,1
DA:51,1
DA:52,1
DA:53,1
DA:57,0
DA:58,0
DA:59,0
DA:60,0
DA:61,0
DA:62,0
DA:72,0
DA:73,0
DA:74,0
DA:75,0
DA:76,0
DA:77,0
DA:87,0
DA:93,0
DA:99,0
DA:105,0
DA:111,0
DA:117,0
DA:123,0
DA:130,0
DA:137,0
DA:138,0
DA:139,0
DA:151,0
DA:162,0
DA:165,0
DA:168,0
DA:173,1
DA:174,1
DA:175,1
DA:176,1
DA:185,2
DA:186,2
DA:187,14112
DA:190,2
DA:214,0
DA:216,72
DA:223,0
DA:226,0
DA:229,0
LF:53
LH:22
BRDA:138,0,0,0
BRDA:138,0,1,0
BRDA:138,1,0,0
BRDA:138,1,1,0
BRDA:138,1,2,0
BRDA:138,1,3,0
BRDA:138,1,4,0
BRDA:138,1,5,0
BRDA:174,2,0,1
BRDA:174,2,1,0
BRDA:175,3,0,1
BRDA:175,3,1,0
BRDA:187,4,0,14112
BRDA:187,4,1,0
BRDA:200,5,0,2
BRDA:200,5,1,2
BRDA:203,6,0,2
BRDA:203,6,1,0
BRF:18
BRH:6
end_of_record
TN:
SF:/Users/samgetlan/Documents/HackReactor/fortnite-companion/client/src/components/MyGames.jsx
FN:4,(anonymous_0)
FN:7,(anonymous_1)
FNF:2
FNH:1
FNDA:1,(anonymous_0)
FNDA:0,(anonymous_1)
DA:4,22
DA:5,1
DA:7,0
LF:3
LH:2
BRDA:6,0,0,1
BRDA:6,0,1,0
BRDA:8,1,0,1
BRDA:8,1,1,1
BRF:4
BRH:3
end_of_record
TN:
SF:/Users/samgetlan/Documents/HackReactor/fortnite-companion/client/src/components/NavButton.jsx
FN:5,(anonymous_0)
FNF:1
FNH:1
FNDA:12,(anonymous_0)
DA:5,22
DA:6,12
DA:7,0
DA:14,12
DA:15,3
DA:22,9
DA:23,2
DA:30,7
DA:31,2
DA:38,5
DA:39,3
DA:46,2
DA:47,1
DA:55,1
LF:14
LH:13
BRDA:6,0,0,0
BRDA:6,0,1,12
BRDA:6,1,0,12
BRDA:6,1,1,3
BRDA:14,2,0,3
BRDA:14,2,1,9
BRDA:22,3,0,2
BRDA:22,3,1,7
BRDA:30,4,0,2
BRDA:30,4,1,5
BRDA:38,5,0,3
BRDA:38,5,1,2
BRDA:38,6,0,5
BRDA:38,6,1,3
BRDA:46,7,0,1
BRDA:46,7,1,1
BRF:16
BRH:15
end_of_record
TN:
SF:/Users/samgetlan/Documents/HackReactor/fortnite-companion/client/src/components/Navbar.jsx
FN:5,(anonymous_0)
FN:9,(anonymous_1)
FN:24,(anonymous_2)
FNF:3
FNH:3
FNDA:3,(anonymous_0)
FNDA:12,(anonymous_1)
FNDA:3,(anonymous_2)
DA:6,3
DA:10,12
DA:25,3
LF:3
LH:3
BRF:0
BRH:0
end_of_record
TN:
SF:/Users/samgetlan/Documents/HackReactor/fortnite-companion/client/src/components/PieChartTooltip.jsx
FN:4,(anonymous_0)
FN:8,(anonymous_1)
FNF:2
FNH:0
FNDA:0,(anonymous_0)
FNDA:0,(anonymous_1)
DA:5,0
DA:9,0
DA:10,0
DA:18,0
LF:4
LH:0
BRDA:9,0,0,0
BRDA:9,0,1,0
BRF:2
BRH:0
end_of_record
TN:
SF:/Users/samgetlan/Documents/HackReactor/fortnite-companion/client/src/components/PurpleCheckBox.jsx
FN:6,(anonymous_0)
FN:16,(anonymous_1)
FN:34,Nested
FNF:3
FNH:0
FNDA:0,(anonymous_0)
FNDA:0,(anonymous_1)
FNDA:0,Nested
DA:6,22
DA:16,22
DA:17,0
DA:26,22
DA:28,22
DA:35,0
LF:6
LH:4
BRF:0
BRH:0
end_of_record
TN:
SF:/Users/samgetlan/Documents/HackReactor/fortnite-companion/client/src/components/ResetPassword.jsx
FN:5,(anonymous_0)
FN:13,(anonymous_1)
FN:27,(anonymous_2)
FN:42,(anonymous_3)
FNF:4
FNH:2
FNDA:1,(anonymous_0)
FNDA:0,(anonymous_1)
FNDA:1,(anonymous_2)
FNDA:0,(anonymous_3)
DA:6,1
DA:7,1
DA:10,1
DA:14,0
DA:15,0
DA:16,0
DA:17,0
DA:21,0
DA:28,1
DA:42,0
LF:10
LH:4
BRDA:16,0,0,0
BRDA:16,0,1,0
BRDA:37,1,0,0
BRDA:37,1,1,1
BRDA:37,2,0,0
BRDA:37,2,1,1
BRDA:38,3,0,1
BRDA:38,3,1,0
BRDA:39,4,0,0
BRDA:39,4,1,1
BRDA:39,5,0,0
BRDA:39,5,1,1
BRDA:41,6,0,1
BRDA:41,6,1,0
BRDA:44,7,0,1
BRDA:44,7,1,1
BRF:16
BRH:8
end_of_record
TN:
SF:/Users/samgetlan/Documents/HackReactor/fortnite-companion/client/src/components/StatBox.jsx
FN:7,(anonymous_0)
FN:26,(anonymous_1)
FN:41,(anonymous_2)
FN:47,(anonymous_3)
FN:53,(anonymous_4)
FN:59,(anonymous_5)
FN:65,(anonymous_6)
FN:72,(anonymous_7)
FN:95,(anonymous_8)
FN:102,(anonymous_9)
FN:106,(anonymous_10)
FN:106,(anonymous_11)
FN:106,(anonymous_12)
FN:106,(anonymous_13)
FN:110,(anonymous_14)
FN:113,(anonymous_15)
FN:116,(anonymous_16)
FN:159,(anonymous_17)
FN:166,(anonymous_18)
FNF:19
FNH:2
FNDA:1,(anonymous_0)
FNDA:0,(anonymous_1)
FNDA:0,(anonymous_2)
FNDA:0,(anonymous_3)
FNDA:0,(anonymous_4)
FNDA:0,(anonymous_5)
FNDA:0,(anonymous_6)
FNDA:0,(anonymous_7)
FNDA:0,(anonymous_8)
FNDA:1,(anonymous_9)
FNDA:0,(anonymous_10)
FNDA:0,(anonymous_11)
FNDA:0,(anonymous_12)
FNDA:0,(anonymous_13)
FNDA:0,(anonymous_14)
FNDA:0,(anonymous_15)
FNDA:0,(anonymous_16)
FNDA:0,(anonymous_17)
FNDA:0,(anonymous_18)
DA:8,1
DA:9,1
DA:17,1
DA:18,1
DA:19,1
DA:20,1
DA:21,1
DA:22,1
DA:23,1
DA:27,0
DA:28,0
DA:29,0
DA:31,0
DA:42,0
DA:48,0
DA:54,0
DA:60,0
DA:66,0
DA:67,0
DA:73,0
DA:74,0
DA:75,0
DA:78,0
DA:79,0
DA:82,0
DA:83,0
DA:86,0
DA:87,0
DA:90,0
DA:91,0
DA:95,0
DA:96,0
DA:103,1
DA:106,0
DA:110,0
DA:113,0
DA:116,0
DA:159,0
DA:166,0
LF:39
LH:10
BRDA:66,0,0,0
BRDA:66,0,1,0
BRDA:74,1,0,0
BRDA:74,1,1,0
BRDA:78,2,0,0
BRDA:78,2,1,0
BRDA:78,3,0,0
BRDA:78,3,1,0
BRDA:78,3,2,0
BRDA:82,4,0,0
BRDA:82,4,1,0
BRDA:82,5,0,0
BRDA:82,5,1,0
BRDA:82,5,2,0
BRDA:86,6,0,0
BRDA:86,6,1,0
BRDA:86,7,0,0
BRDA:86,7,1,0
BRDA:86,7,2,0
BRDA:90,8,0,0
BRDA:90,8,1,0
BRDA:90,9,0,0
BRDA:90,9,1,0
BRDA:90,9,2,0
BRDA:106,10,0,0
BRDA:106,10,1,1
BRDA:106,11,0,0
BRDA:106,11,1,1
BRDA:106,12,0,0
BRDA:106,12,1,1
BRDA:106,13,0,1
BRDA:106,13,1,0
BRDA:108,14,0,0
BRDA:108,14,1,1
BRDA:139,15,0,1
BRDA:139,15,1,1
BRDA:139,15,2,0
BRDA:139,15,3,0
BRDA:139,15,4,0
BRDA:139,15,5,0
BRDA:139,15,6,0
BRDA:139,15,7,0
BRDA:139,15,8,0
BRDA:139,15,9,0
BRDA:139,15,10,0
BRDA:141,16,0,0
BRDA:141,16,1,0
BRDA:143,17,0,1
BRDA:143,17,1,0
BRDA:143,17,2,0
BRDA:143,17,3,0
BRDA:143,17,4,0
BRDA:143,17,5,0
BRDA:143,17,6,0
BRDA:143,17,7,0
BRDA:143,17,8,0
BRDA:143,17,9,0
BRDA:145,18,0,0
BRDA:145,18,1,0
BRDA:147,19,0,1
BRDA:147,19,1,0
BRDA:147,19,2,0
BRDA:147,19,3,0
BRDA:147,19,4,0
BRDA:147,19,5,0
BRDA:147,19,6,0
BRDA:147,19,7,0
BRDA:147,19,8,0
BRDA:147,19,9,0
BRDA:147,19,10,1
BRDA:151,20,0,1
BRDA:151,20,1,0
BRDA:155,21,0,1
BRDA:155,21,1,0
BRDA:156,22,0,0
BRDA:156,22,1,0
BRDA:166,23,0,0
BRDA:166,23,1,0
BRF:78
BRH:12
end_of_record
TN:
SF:/Users/samgetlan/Documents/HackReactor/fortnite-companion/client/src/components/StatDashboard.jsx
FN:7,(anonymous_0)
FN:15,(anonymous_1)
FN:22,(anonymous_2)
FN:26,(anonymous_3)
FN:30,(anonymous_4)
FN:49,(anonymous_5)
FNF:6
FNH:3
FNDA:1,(anonymous_0)
FNDA:1,(anonymous_1)
FNDA:0,(anonymous_2)
FNDA:0,(anonymous_3)
FNDA:1,(anonymous_4)
FNDA:0,(anonymous_5)
DA:8,1
DA:11,1
DA:12,1
DA:16,1
DA:17,0
DA:18,0
DA:23,0
DA:27,0
DA:31,1
DA:49,0
LF:10
LH:5
BRDA:16,0,0,0
BRDA:16,0,1,1
BRDA:16,1,0,1
BRDA:16,1,1,0
BRDA:33,2,0,1
BRDA:33,2,1,0
BRDA:36,3,0,1
BRDA:36,3,1,0
BRDA:38,4,0,0
BRDA:38,4,1,0
BRDA:39,5,0,0
BRDA:39,5,1,0
BRDA:40,6,0,0
BRDA:40,6,1,0
BRDA:41,7,0,0
BRDA:41,7,1,0
BRDA:49,8,0,0
BRDA:49,8,1,0
BRDA:51,9,0,0
BRDA:51,9,1,0
BRDA:54,10,0,1
BRDA:54,10,1,1
BRDA:58,11,0,1
BRDA:58,11,1,0
BRDA:62,12,0,1
BRDA:62,12,1,0
BRF:26
BRH:8
end_of_record
TN:
SF:/Users/samgetlan/Documents/HackReactor/fortnite-companion/client/src/components/StatGrid.jsx
FN:4,(anonymous_0)
FNF:1
FNH:1
FNDA:1,(anonymous_0)
DA:4,22
DA:5,1
LF:2
LH:2
BRDA:11,0,0,0
BRDA:11,0,1,1
BRDA:11,1,0,1
BRDA:11,1,1,0
BRDA:12,2,0,0
BRDA:12,2,1,1
BRDA:12,3,0,1
BRDA:12,3,1,0
BRDA:13,4,0,0
BRDA:13,4,1,1
BRDA:13,5,0,1
BRDA:13,5,1,0
BRDA:15,6,0,0
BRDA:15,6,1,1
BRDA:15,7,0,1
BRDA:15,7,1,0
BRDA:16,8,0,0
BRDA:16,8,1,1
BRDA:16,9,0,1
BRDA:16,9,1,0
BRDA:17,10,0,0
BRDA:17,10,1,1
BRDA:17,11,0,1
BRDA:17,11,1,0
BRDA:19,12,0,0
BRDA:19,12,1,1
BRDA:19,13,0,1
BRDA:19,13,1,0
BRDA:20,14,0,0
BRDA:20,14,1,1
BRDA:20,15,0,1
BRDA:20,15,1,0
BRDA:21,16,0,0
BRDA:21,16,1,1
BRDA:21,17,0,1
BRDA:21,17,1,0
BRF:36
BRH:18
end_of_record
TN:
SF:/Users/samgetlan/Documents/HackReactor/fortnite-companion/client/src/components/Stats.jsx
FN:10,(anonymous_0)
FN:14,(anonymous_1)
FN:29,(anonymous_2)
FN:38,(anonymous_3)
FNF:4
FNH:2
FNDA:1,(anonymous_0)
FNDA:1,(anonymous_1)
FNDA:0,(anonymous_2)
FNDA:0,(anonymous_3)
DA:11,1
DA:15,1
DA:29,0
DA:38,0
LF:4
LH:2
BRF:0
BRH:0
end_of_record
TN:
SF:/Users/samgetlan/Documents/HackReactor/fortnite-companion/client/src/components/Tile.jsx
FN:4,(anonymous_0)
FN:5,(anonymous_1)
FNF:2
FNH:1
FNDA:73,(anonymous_0)
FNDA:0,(anonymous_1)
DA:4,22
DA:5,73
LF:2
LH:2
BRF:0
BRH:0
end_of_record
TN:
SF:/Users/samgetlan/Documents/HackReactor/fortnite-companion/client/src/components/UserForm.jsx
FN:6,(anonymous_0)
FN:18,(anonymous_1)
FN:32,(anonymous_2)
FN:39,(anonymous_3)
FN:51,(anonymous_4)
FN:56,(anonymous_5)
FN:86,(anonymous_6)
FN:108,(anonymous_7)
FN:125,(anonymous_8)
FNF:9
FNH:2
FNDA:2,(anonymous_0)
FNDA:0,(anonymous_1)
FNDA:0,(anonymous_2)
FNDA:0,(anonymous_3)
FNDA:0,(anonymous_4)
FNDA:0,(anonymous_5)
FNDA:2,(anonymous_6)
FNDA:0,(anonymous_7)
FNDA:0,(anonymous_8)
DA:7,2
DA:8,2
DA:13,2
DA:14,2
DA:15,2
DA:19,0
DA:20,0
DA:21,0
DA:22,0
DA:26,0
DA:33,0
DA:34,0
DA:35,0
DA:36,0
DA:40,0
DA:41,0
DA:42,0
DA:46,0
DA:52,0
DA:57,0
DA:58,0
DA:60,0
DA:61,0
DA:63,0
DA:65,0
DA:66,0
DA:67,0
DA:68,0
DA:69,0
DA:70,0
DA:71,0
DA:72,0
DA:78,0
DA:79,0
DA:80,0
DA:87,2
DA:108,0
DA:125,0
LF:38
LH:6
BRDA:21,0,0,0
BRDA:21,0,1,0
BRDA:41,1,0,0
BRDA:41,1,1,0
BRDA:60,2,0,0
BRDA:60,2,1,0
BRDA:65,3,0,0
BRDA:65,3,1,0
BRDA:67,4,0,0
BRDA:67,4,1,0
BRDA:67,5,0,0
BRDA:67,5,1,0
BRDA:69,6,0,0
BRDA:69,6,1,0
BRDA:69,7,0,0
BRDA:69,7,1,0
BRDA:78,8,0,0
BRDA:78,8,1,0
BRDA:95,9,0,2
BRDA:95,9,1,2
BRDA:103,10,0,2
BRDA:103,10,1,0
BRDA:105,11,0,2
BRDA:105,11,1,0
BRDA:110,12,0,2
BRDA:110,12,1,0
BRDA:115,13,0,0
BRDA:115,13,1,0
BRDA:115,14,0,0
BRDA:115,14,1,0
BRDA:115,15,0,0
BRDA:115,15,1,0
BRDA:115,16,0,0
BRDA:115,16,1,0
BRDA:116,17,0,0
BRDA:116,17,1,0
BRDA:116,18,0,0
BRDA:116,18,1,0
BRDA:118,19,0,0
BRDA:118,19,1,0
BRDA:118,20,0,0
BRDA:118,20,1,0
BRDA:119,21,0,0
BRDA:119,21,1,0
BRDA:120,22,0,0
BRDA:120,22,1,0
BRDA:120,23,0,0
BRDA:120,23,1,0
BRDA:121,24,0,0
BRDA:121,24,1,0
BRDA:122,25,0,0
BRDA:122,25,1,0
BRDA:122,26,0,0
BRDA:122,26,1,0
BRDA:124,27,0,0
BRDA:124,27,1,0
BRDA:124,27,2,0
BRDA:127,28,0,0
BRDA:127,28,1,0
BRDA:127,28,2,0
BRF:60
BRH:5
end_of_record
